#
# There is insufficient memory for the Java Runtime Environment to continue.
# Native memory allocation (malloc) failed to allocate 1143312 bytes for Chunk::new
# Possible reasons:
#   The system is out of physical RAM or swap space
#   The process is running with CompressedOops enabled, and the Java Heap may be blocking the growth of the native heap
# Possible solutions:
#   Reduce memory load on the system
#   Increase physical memory or swap space
#   Check if swap backing store is full
#   Decrease Java heap size (-Xmx/-Xms)
#   Decrease number of Java threads
#   Decrease Java thread stack sizes (-Xss)
#   Set larger code cache with -XX:ReservedCodeCacheSize=
#   JVM is running with Unscaled Compressed Oops mode in which the Java heap is
#     placed in the first 4GB address space. The Java Heap base address is the
#     maximum limit for the native heap growth. Please use -XX:HeapBaseMinAddress
#     to set the Java Heap base and to place the Java Heap above 4GB virtual address.
# This output file may be truncated or incomplete.
#
#  Out of Memory Error (arena.cpp:184), pid=17712, tid=26668
#
# JRE version: Java(TM) SE Runtime Environment (20.0.2+9) (build 20.0.2+9-78)
# Java VM: Java HotSpot(TM) 64-Bit Server VM (20.0.2+9-78, mixed mode, sharing, tiered, compressed oops, compressed class ptrs, g1 gc, windows-amd64)
# No core dump will be written. Minidumps are not enabled by default on client versions of Windows
#

---------------  S U M M A R Y ------------

Command Line: --add-opens=java.base/java.lang=ALL-UNNAMED --add-opens=java.base/java.lang.invoke=ALL-UNNAMED --add-opens=java.base/java.util=ALL-UNNAMED --add-opens=java.prefs/java.util.prefs=ALL-UNNAMED --add-exports=jdk.compiler/com.sun.tools.javac.api=ALL-UNNAMED --add-exports=jdk.compiler/com.sun.tools.javac.util=ALL-UNNAMED --add-opens=java.base/java.util=ALL-UNNAMED --add-opens=java.prefs/java.util.prefs=ALL-UNNAMED --add-opens=java.base/java.nio.charset=ALL-UNNAMED --add-opens=java.base/java.net=ALL-UNNAMED --add-opens=java.base/java.util.concurrent.atomic=ALL-UNNAMED --add-opens=java.xml/javax.xml.namespace=ALL-UNNAMED -XX:MaxMetaspaceSize=384m -XX:+HeapDumpOnOutOfMemoryError -Xms256m -Xmx512m -Dfile.encoding=UTF-8 -Duser.country=US -Duser.language=en -Duser.variant -javaagent:C:\Users\Lenovo\.gradle\wrapper\dists\gradle-8.13-bin\5xuhj0ry160q40clulazy9h7d\gradle-8.13\lib\agents\gradle-instrumentation-agent-8.13.jar org.gradle.launcher.daemon.bootstrap.GradleDaemon 8.13

Host: AMD Ryzen 7 5800H with Radeon Graphics         , 16 cores, 5G,  Windows 11 , 64 bit Build 26100 (10.0.26100.3775)
Time: Wed Apr 16 19:09:04 2025 SE Asia Standard Time elapsed time: 54.161163 seconds (0d 0h 0m 54s)

---------------  T H R E A D  ---------------

Current thread (0x0000021f68038620):  JavaThread "C2 CompilerThread0" daemon [_thread_in_native, id=26668, stack(0x000000b251400000,0x000000b251500000)]


Current CompileTask:
C2:  54161 5605   !   4       java.net.URLClassLoader::findClass (47 bytes)

Stack: [0x000000b251400000,0x000000b251500000]
Native frames: (J=compiled Java code, j=interpreted, Vv=VM code, C=native code)
V  [jvm.dll+0x6bc25a]
V  [jvm.dll+0x84971a]
V  [jvm.dll+0x84b315]
V  [jvm.dll+0x84ba13]
V  [jvm.dll+0x280e4f]
V  [jvm.dll+0xc2ab1]
V  [jvm.dll+0xc2dd5]
V  [jvm.dll+0x3bb64c]
V  [jvm.dll+0x385b75]
V  [jvm.dll+0x384fea]
V  [jvm.dll+0x24b529]
V  [jvm.dll+0x24a921]
V  [jvm.dll+0x1ce761]
V  [jvm.dll+0x25a0eb]
V  [jvm.dll+0x2587c0]
V  [jvm.dll+0x3f2dd5]
V  [jvm.dll+0x7f5c76]
V  [jvm.dll+0x6baecb]
C  [ucrtbase.dll+0x37b0]
C  [KERNEL32.DLL+0x2e8d7]
C  [ntdll.dll+0xb14fc]


---------------  P R O C E S S  ---------------

Threads class SMR info:
_java_thread_list=0x0000021f6c1f4410, length=71, elements={
0x0000021f33e31f50, 0x0000021f680252a0, 0x0000021f68028d00, 0x0000021f6802d680,
0x0000021f6802e240, 0x0000021f6802eb80, 0x0000021f6802f4c0, 0x0000021f68038620,
0x0000021f6803a150, 0x0000021f68110760, 0x0000021f6835dbf0, 0x0000021f69bc4520,
0x0000021f69ad9750, 0x0000021f69d5eee0, 0x0000021f69c92eb0, 0x0000021f69c93400,
0x0000021f69d33b10, 0x0000021f69d345b0, 0x0000021f69d34060, 0x0000021f69d34b00,
0x0000021f69d35050, 0x0000021f68f78d70, 0x0000021f68f79810, 0x0000021f68f79d60,
0x0000021f68f77d80, 0x0000021f68f7ad50, 0x0000021f68f772e0, 0x0000021f68f7b2a0,
0x0000021f68f7b7f0, 0x0000021f68f7bd40, 0x0000021f68f782d0, 0x0000021f68f7c290,
0x0000021f68f78820, 0x0000021f68f7c7e0, 0x0000021f68f7cd30, 0x0000021f68f792c0,
0x0000021f68f7d280, 0x0000021f68f7dd20, 0x0000021f68f7d7d0, 0x0000021f68f7e270,
0x0000021f68f7e7c0, 0x0000021f6bdb5880, 0x0000021f6bdb4340, 0x0000021f6bdb6320,
0x0000021f6bdb4890, 0x0000021f6bdb3df0, 0x0000021f6bdb5330, 0x0000021f6b5509a0,
0x0000021f6b54f460, 0x0000021f6b551ee0, 0x0000021f6b550450, 0x0000021f6b54e470,
0x0000021f6b552430, 0x0000021f6b54e9c0, 0x0000021f6b552980, 0x0000021f6b54ef10,
0x0000021f6b554960, 0x0000021f6b553970, 0x0000021f6b554eb0, 0x0000021f6b554410,
0x0000021f6b552ed0, 0x0000021f6b553420, 0x0000021f6b553ec0, 0x0000021f6b555400,
0x0000021f6b555950, 0x0000021f6b555ea0, 0x0000021f6bbc79b0, 0x0000021f6bbc9990,
0x0000021f6bbc9440, 0x0000021f6bbc7460, 0x0000021f6bbca430
}

Java Threads: ( => current thread )
  0x0000021f33e31f50 JavaThread "main" [_thread_blocked, id=11052, stack(0x000000b250700000,0x000000b250800000)]
  0x0000021f680252a0 JavaThread "Reference Handler" daemon [_thread_blocked, id=30876, stack(0x000000b250e00000,0x000000b250f00000)]
  0x0000021f68028d00 JavaThread "Finalizer" daemon [_thread_blocked, id=2840, stack(0x000000b250f00000,0x000000b251000000)]
  0x0000021f6802d680 JavaThread "Signal Dispatcher" daemon [_thread_blocked, id=30892, stack(0x000000b251000000,0x000000b251100000)]
  0x0000021f6802e240 JavaThread "Attach Listener" daemon [_thread_blocked, id=16060, stack(0x000000b251100000,0x000000b251200000)]
  0x0000021f6802eb80 JavaThread "Service Thread" daemon [_thread_blocked, id=21060, stack(0x000000b251200000,0x000000b251300000)]
  0x0000021f6802f4c0 JavaThread "Monitor Deflation Thread" daemon [_thread_blocked, id=30400, stack(0x000000b251300000,0x000000b251400000)]
=>0x0000021f68038620 JavaThread "C2 CompilerThread0" daemon [_thread_in_native, id=26668, stack(0x000000b251400000,0x000000b251500000)]
  0x0000021f6803a150 JavaThread "C1 CompilerThread0" daemon [_thread_in_vm, id=24968, stack(0x000000b251500000,0x000000b251600000)]
  0x0000021f68110760 JavaThread "Common-Cleaner" daemon [_thread_blocked, id=11208, stack(0x000000b251600000,0x000000b251700000)]
  0x0000021f6835dbf0 JavaThread "Notification Thread" daemon [_thread_blocked, id=31388, stack(0x000000b251800000,0x000000b251900000)]
  0x0000021f69bc4520 JavaThread "Daemon health stats" [_thread_blocked, id=30984, stack(0x000000b251f00000,0x000000b252000000)]
  0x0000021f69ad9750 JavaThread "Incoming local TCP Connector on port 50433" [_thread_in_native, id=26176, stack(0x000000b252000000,0x000000b252100000)]
  0x0000021f69d5eee0 JavaThread "Daemon periodic checks" [_thread_blocked, id=24100, stack(0x000000b252100000,0x000000b252200000)]
  0x0000021f69c92eb0 JavaThread "Daemon" [_thread_blocked, id=26424, stack(0x000000b252200000,0x000000b252300000)]
  0x0000021f69c93400 JavaThread "Handler for socket connection from /127.0.0.1:50433 to /127.0.0.1:50436" [_thread_in_native, id=17412, stack(0x000000b252300000,0x000000b252400000)]
  0x0000021f69d33b10 JavaThread "Cancel handler" [_thread_blocked, id=11820, stack(0x000000b252400000,0x000000b252500000)]
  0x0000021f69d345b0 JavaThread "Daemon worker" [_thread_blocked, id=24992, stack(0x000000b252500000,0x000000b252600000)]
  0x0000021f69d34060 JavaThread "Asynchronous log dispatcher for DefaultDaemonConnection: socket connection from /127.0.0.1:50433 to /127.0.0.1:50436" [_thread_blocked, id=1288, stack(0x000000b252600000,0x000000b252700000)]
  0x0000021f69d34b00 JavaThread "Stdin handler" [_thread_blocked, id=23800, stack(0x000000b252700000,0x000000b252800000)]
  0x0000021f69d35050 JavaThread "Daemon client event forwarder" [_thread_blocked, id=1980, stack(0x000000b252800000,0x000000b252900000)]
  0x0000021f68f78d70 JavaThread "Cache worker for journal cache (C:\Users\Lenovo\.gradle\caches\journal-1)" [_thread_in_vm, id=31004, stack(0x000000b252900000,0x000000b252a00000)]
  0x0000021f68f79810 JavaThread "File lock request listener" [_thread_in_native, id=8564, stack(0x000000b252a00000,0x000000b252b00000)]
  0x0000021f68f79d60 JavaThread "File lock release action executor" [_thread_blocked, id=10600, stack(0x000000b252b00000,0x000000b252c00000)]
  0x0000021f68f77d80 JavaThread "Cache worker for file hash cache (C:\Users\Lenovo\.gradle\caches\8.13\fileHashes)" [_thread_in_native, id=26024, stack(0x000000b252c00000,0x000000b252d00000)]
  0x0000021f68f7ad50 JavaThread "Cache worker for file hash cache (C:\Users\Lenovo\IdeaProjects\WebsiteBanDoGiaDung\backend\OrderService\.gradle\8.13\fileHashes)" [_thread_blocked, id=27996, stack(0x000000b253600000,0x000000b253700000)]
  0x0000021f68f772e0 JavaThread "Cache worker for Build Output Cleanup Cache (C:\Users\Lenovo\IdeaProjects\WebsiteBanDoGiaDung\backend\OrderService\.gradle\buildOutputCleanup)" [_thread_blocked, id=24044, stack(0x000000b253700000,0x000000b253800000)]
  0x0000021f68f7b2a0 JavaThread "File watcher server" daemon [_thread_in_native, id=28408, stack(0x000000b253800000,0x000000b253900000)]
  0x0000021f68f7b7f0 JavaThread "File watcher consumer" daemon [_thread_blocked, id=30648, stack(0x000000b253900000,0x000000b253a00000)]
  0x0000021f68f7bd40 JavaThread "jar transforms" [_thread_blocked, id=11924, stack(0x000000b253a00000,0x000000b253b00000)]
  0x0000021f68f782d0 JavaThread "jar transforms Thread 2" [_thread_blocked, id=22120, stack(0x000000b253b00000,0x000000b253c00000)]
  0x0000021f68f7c290 JavaThread "jar transforms Thread 3" [_thread_blocked, id=10788, stack(0x000000b253c00000,0x000000b253d00000)]
  0x0000021f68f78820 JavaThread "jar transforms Thread 4" [_thread_blocked, id=22708, stack(0x000000b253d00000,0x000000b253e00000)]
  0x0000021f68f7c7e0 JavaThread "jar transforms Thread 5" [_thread_blocked, id=16560, stack(0x000000b253e00000,0x000000b253f00000)]
  0x0000021f68f7cd30 JavaThread "jar transforms Thread 6" [_thread_blocked, id=8812, stack(0x000000b253f00000,0x000000b254000000)]
  0x0000021f68f792c0 JavaThread "jar transforms Thread 7" [_thread_blocked, id=28828, stack(0x000000b254000000,0x000000b254100000)]
  0x0000021f68f7d280 JavaThread "jar transforms Thread 8" [_thread_blocked, id=28420, stack(0x000000b254100000,0x000000b254200000)]
  0x0000021f68f7dd20 JavaThread "jar transforms Thread 9" [_thread_blocked, id=26756, stack(0x000000b254200000,0x000000b254300000)]
  0x0000021f68f7d7d0 JavaThread "jar transforms Thread 10" [_thread_blocked, id=29480, stack(0x000000b254300000,0x000000b254400000)]
  0x0000021f68f7e270 JavaThread "jar transforms Thread 11" [_thread_blocked, id=28384, stack(0x000000b254400000,0x000000b254500000)]
  0x0000021f68f7e7c0 JavaThread "jar transforms Thread 12" [_thread_blocked, id=13928, stack(0x000000b254500000,0x000000b254600000)]
  0x0000021f6bdb5880 JavaThread "jar transforms Thread 13" [_thread_blocked, id=31588, stack(0x000000b254600000,0x000000b254700000)]
  0x0000021f6bdb4340 JavaThread "jar transforms Thread 14" [_thread_blocked, id=26788, stack(0x000000b254700000,0x000000b254800000)]
  0x0000021f6bdb6320 JavaThread "jar transforms Thread 15" [_thread_blocked, id=3280, stack(0x000000b254800000,0x000000b254900000)]
  0x0000021f6bdb4890 JavaThread "jar transforms Thread 16" [_thread_blocked, id=31596, stack(0x000000b254900000,0x000000b254a00000)]
  0x0000021f6bdb3df0 JavaThread "Cache worker for checksums cache (C:\Users\Lenovo\IdeaProjects\WebsiteBanDoGiaDung\backend\OrderService\.gradle\8.13\checksums)" [_thread_blocked, id=28300, stack(0x000000b250600000,0x000000b250700000)]
  0x0000021f6bdb5330 JavaThread "Cache worker for file content cache (C:\Users\Lenovo\.gradle\caches\8.13\fileContent)" [_thread_blocked, id=21664, stack(0x000000b254b00000,0x000000b254c00000)]
  0x0000021f6b5509a0 JavaThread "Cache worker for cache directory md-supplier (C:\Users\Lenovo\.gradle\caches\8.13\md-supplier)" [_thread_blocked, id=23408, stack(0x000000b254c00000,0x000000b254d00000)]
  0x0000021f6b54f460 JavaThread "Cache worker for cache directory md-rule (C:\Users\Lenovo\.gradle\caches\8.13\md-rule)" [_thread_blocked, id=9140, stack(0x000000b254d00000,0x000000b254e00000)]
  0x0000021f6b551ee0 JavaThread "Unconstrained build operations" [_thread_blocked, id=14832, stack(0x000000b254e00000,0x000000b254f00000)]
  0x0000021f6b550450 JavaThread "Unconstrained build operations Thread 2" [_thread_blocked, id=4952, stack(0x000000b254f00000,0x000000b255000000)]
  0x0000021f6b54e470 JavaThread "Unconstrained build operations Thread 3" [_thread_blocked, id=11228, stack(0x000000b255000000,0x000000b255100000)]
  0x0000021f6b552430 JavaThread "Unconstrained build operations Thread 4" [_thread_blocked, id=29600, stack(0x000000b255100000,0x000000b255200000)]
  0x0000021f6b54e9c0 JavaThread "Unconstrained build operations Thread 5" [_thread_blocked, id=26768, stack(0x000000b255200000,0x000000b255300000)]
  0x0000021f6b552980 JavaThread "Unconstrained build operations Thread 6" [_thread_blocked, id=22192, stack(0x000000b255300000,0x000000b255400000)]
  0x0000021f6b54ef10 JavaThread "Unconstrained build operations Thread 7" [_thread_blocked, id=17780, stack(0x000000b255400000,0x000000b255500000)]
  0x0000021f6b554960 JavaThread "Unconstrained build operations Thread 8" [_thread_blocked, id=20552, stack(0x000000b255500000,0x000000b255600000)]
  0x0000021f6b553970 JavaThread "Unconstrained build operations Thread 9" [_thread_blocked, id=19364, stack(0x000000b255600000,0x000000b255700000)]
  0x0000021f6b554eb0 JavaThread "Unconstrained build operations Thread 10" [_thread_blocked, id=24812, stack(0x000000b255700000,0x000000b255800000)]
  0x0000021f6b554410 JavaThread "Unconstrained build operations Thread 11" [_thread_blocked, id=27660, stack(0x000000b255800000,0x000000b255900000)]
  0x0000021f6b552ed0 JavaThread "Unconstrained build operations Thread 12" [_thread_blocked, id=22472, stack(0x000000b255900000,0x000000b255a00000)]
  0x0000021f6b553420 JavaThread "Unconstrained build operations Thread 13" [_thread_blocked, id=29000, stack(0x000000b255a00000,0x000000b255b00000)]
  0x0000021f6b553ec0 JavaThread "Unconstrained build operations Thread 14" [_thread_blocked, id=5048, stack(0x000000b255b00000,0x000000b255c00000)]
  0x0000021f6b555400 JavaThread "Unconstrained build operations Thread 15" [_thread_blocked, id=17340, stack(0x000000b255c00000,0x000000b255d00000)]
  0x0000021f6b555950 JavaThread "Unconstrained build operations Thread 16" [_thread_in_Java, id=18024, stack(0x000000b255d00000,0x000000b255e00000)]
  0x0000021f6b555ea0 JavaThread "Unconstrained build operations Thread 17" [_thread_blocked, id=13208, stack(0x000000b255e00000,0x000000b255f00000)]
  0x0000021f6bbc79b0 JavaThread "Unconstrained build operations Thread 18" [_thread_blocked, id=29228, stack(0x000000b255f00000,0x000000b256000000)]
  0x0000021f6bbc9990 JavaThread "Unconstrained build operations Thread 19" [_thread_blocked, id=9852, stack(0x000000b256000000,0x000000b256100000)]
  0x0000021f6bbc9440 JavaThread "Unconstrained build operations Thread 20" [_thread_blocked, id=31284, stack(0x000000b256100000,0x000000b256200000)]
  0x0000021f6bbc7460 JavaThread "Unconstrained build operations Thread 21" [_thread_blocked, id=23032, stack(0x000000b256200000,0x000000b256300000)]
  0x0000021f6bbca430 JavaThread "Unconstrained build operations Thread 22" [_thread_blocked, id=24604, stack(0x000000b256300000,0x000000b256400000)]

Other Threads:
  0x0000021f4fa0eb30 VMThread "VM Thread" [stack: 0x000000b250d00000,0x000000b250e00000] [id=6956]
  0x0000021f33e32d80 WatcherThread "VM Periodic Task Thread" [stack: 0x000000b251900000,0x000000b251a00000] [id=27596]
  0x0000021f33e67750 WorkerThread "GC Thread#0" [stack: 0x000000b250800000,0x000000b250900000] [id=21848]
  0x0000021f6826e5b0 WorkerThread "GC Thread#1" [stack: 0x000000b251a00000,0x000000b251b00000] [id=12804]
  0x0000021f6826dd40 WorkerThread "GC Thread#2" [stack: 0x000000b251b00000,0x000000b251c00000] [id=27244]
  0x0000021f6826f3c0 WorkerThread "GC Thread#3" [stack: 0x000000b251c00000,0x000000b251d00000] [id=22036]
  0x0000021f6826e880 WorkerThread "GC Thread#4" [stack: 0x000000b251d00000,0x000000b251e00000] [id=22716]
  0x0000021f6826e010 WorkerThread "GC Thread#5" [stack: 0x000000b251e00000,0x000000b251f00000] [id=17084]
  0x0000021f68e20ee0 WorkerThread "GC Thread#6" [stack: 0x000000b252d00000,0x000000b252e00000] [id=20580]
  0x0000021f68e1e780 WorkerThread "GC Thread#7" [stack: 0x000000b252e00000,0x000000b252f00000] [id=19452]
  0x0000021f68e1ea50 WorkerThread "GC Thread#8" [stack: 0x000000b252f00000,0x000000b253000000] [id=22084]
  0x0000021f68e1ed20 WorkerThread "GC Thread#9" [stack: 0x000000b253000000,0x000000b253100000] [id=28364]
  0x0000021f68e1eff0 WorkerThread "GC Thread#10" [stack: 0x000000b253100000,0x000000b253200000] [id=16428]
  0x0000021f68e203a0 WorkerThread "GC Thread#11" [stack: 0x000000b253200000,0x000000b253300000] [id=4412]
  0x0000021f68e1fb30 WorkerThread "GC Thread#12" [stack: 0x000000b253300000,0x000000b253400000] [id=25468]
  0x0000021f33e6c570 ConcurrentGCThread "G1 Main Marker" [stack: 0x000000b250900000,0x000000b250a00000] [id=10568]
  0x0000021f33e6ebd0 WorkerThread "G1 Conc#0" [stack: 0x000000b250a00000,0x000000b250b00000] [id=13624]
  0x0000021f68e1fe00 WorkerThread "G1 Conc#1" [stack: 0x000000b253400000,0x000000b253500000] [id=8612]
  0x0000021f68e20c10 WorkerThread "G1 Conc#2" [stack: 0x000000b253500000,0x000000b253600000] [id=26684]
  0x0000021f4f8d5600 ConcurrentGCThread "G1 Refine#0" [stack: 0x000000b250b00000,0x000000b250c00000] [id=21652]
  0x0000021f4f8d5e50 ConcurrentGCThread "G1 Service" [stack: 0x000000b250c00000,0x000000b250d00000] [id=7404]

Threads with active compile tasks:
C2 CompilerThread0    54237 5605   !   4       java.net.URLClassLoader::findClass (47 bytes)
C1 CompilerThread0    54238 5694   !   3       com.google.common.cache.LocalCache$Segment::get (122 bytes)

VM state: not at safepoint (normal execution)

VM Mutex/Monitor currently owned by a thread:  ([mutex/lock_event])
[0x0000021f324ee1f0] MethodCompileQueue_lock - owner thread: 0x0000021f6803a150
[0x0000021f33e30660] CodeCache_lock - owner thread: 0x0000021f6803a150
[0x0000021f33e2ffa0] Compile_lock - owner thread: 0x0000021f6803a150

Heap address: 0x00000000e0000000, size: 512 MB, Compressed Oops mode: 32-bit

CDS archive(s) mapped at: [0x0000021f4fc00000-0x0000021f50860000-0x0000021f50860000), size 12976128, SharedBaseAddress: 0x0000021f4fc00000, ArchiveRelocationMode: 1.
Compressed class space mapped at: 0x0000021f50c00000-0x0000021f64000000, reserved size: 322961408
Narrow klass base: 0x0000021f4fc00000, Narrow klass shift: 0, Narrow klass range: 0x100000000

GC Precious Log:
 CardTable entry size: 512
 Card Set container configuration: InlinePtr #cards 5 size 8 Array Of Cards #cards 12 size 40 Howl #buckets 4 coarsen threshold 1843 Howl Bitmap #cards 512 size 80 coarsen threshold 460 Card regions per heap region 1 cards per card region 2048
 CPUs: 16 total, 16 available
 Memory: 5996M
 Large Page Support: Disabled
 NUMA Support: Disabled
 Compressed Oops: Enabled (32-bit)
 Heap Region Size: 1M
 Heap Min Capacity: 256M
 Heap Initial Capacity: 256M
 Heap Max Capacity: 512M
 Pre-touch: Disabled
 Parallel Workers: 13
 Concurrent Workers: 3
 Concurrent Refinement Workers: 13
 Periodic GC: Disabled

Heap:
 garbage-first heap   total 262144K, used 121025K [0x00000000e0000000, 0x0000000100000000)
  region size 1024K, 76 young (77824K), 5 survivors (5120K)
 Metaspace       used 45676K, committed 47424K, reserved 380928K
  class space    used 6556K, committed 7424K, reserved 315392K

Heap Regions: E=young(eden), S=young(survivor), O=old, HS=humongous(starts), HC=humongous(continues), CS=collection set, F=free, OA=open archive, CA=closed archive, TAMS=top-at-mark-start, PB=parsable bottom
|   0|0x00000000e0000000, 0x00000000e0100000, 0x00000000e0100000|100%|HS|  |TAMS 0x00000000e0000000| PB 0x00000000e0000000| Complete 
|   1|0x00000000e0100000, 0x00000000e0200000, 0x00000000e0200000|100%|HC|  |TAMS 0x00000000e0100000| PB 0x00000000e0100000| Complete 
|   2|0x00000000e0200000, 0x00000000e0300000, 0x00000000e0300000|100%|HC|  |TAMS 0x00000000e0200000| PB 0x00000000e0200000| Complete 
|   3|0x00000000e0300000, 0x00000000e0300000, 0x00000000e0400000|  0%| F|  |TAMS 0x00000000e0300000| PB 0x00000000e0300000| Untracked 
|   4|0x00000000e0400000, 0x00000000e0500000, 0x00000000e0500000|100%| O|  |TAMS 0x00000000e0400000| PB 0x00000000e0400000| Untracked 
|   5|0x00000000e0500000, 0x00000000e0600000, 0x00000000e0600000|100%| O|  |TAMS 0x00000000e0500000| PB 0x00000000e0500000| Untracked 
|   6|0x00000000e0600000, 0x00000000e0700000, 0x00000000e0700000|100%| O|  |TAMS 0x00000000e0600000| PB 0x00000000e0600000| Untracked 
|   7|0x00000000e0700000, 0x00000000e0800000, 0x00000000e0800000|100%|HS|  |TAMS 0x00000000e0700000| PB 0x00000000e0700000| Complete 
|   8|0x00000000e0800000, 0x00000000e0900000, 0x00000000e0900000|100%|HS|  |TAMS 0x00000000e0800000| PB 0x00000000e0800000| Complete 
|   9|0x00000000e0900000, 0x00000000e0a00000, 0x00000000e0a00000|100%| O|  |TAMS 0x00000000e0900000| PB 0x00000000e0900000| Untracked 
|  10|0x00000000e0a00000, 0x00000000e0b00000, 0x00000000e0b00000|100%| O|  |TAMS 0x00000000e0a00000| PB 0x00000000e0a00000| Untracked 
|  11|0x00000000e0b00000, 0x00000000e0c00000, 0x00000000e0c00000|100%|HS|  |TAMS 0x00000000e0b00000| PB 0x00000000e0b00000| Complete 
|  12|0x00000000e0c00000, 0x00000000e0d00000, 0x00000000e0d00000|100%|HC|  |TAMS 0x00000000e0c00000| PB 0x00000000e0c00000| Complete 
|  13|0x00000000e0d00000, 0x00000000e0e00000, 0x00000000e0e00000|100%|HC|  |TAMS 0x00000000e0d00000| PB 0x00000000e0d00000| Complete 
|  14|0x00000000e0e00000, 0x00000000e0f00000, 0x00000000e0f00000|100%|HC|  |TAMS 0x00000000e0e00000| PB 0x00000000e0e00000| Complete 
|  15|0x00000000e0f00000, 0x00000000e1000000, 0x00000000e1000000|100%|HC|  |TAMS 0x00000000e0f00000| PB 0x00000000e0f00000| Complete 
|  16|0x00000000e1000000, 0x00000000e1100000, 0x00000000e1100000|100%|HC|  |TAMS 0x00000000e1000000| PB 0x00000000e1000000| Complete 
|  17|0x00000000e1100000, 0x00000000e1200000, 0x00000000e1200000|100%|HS|  |TAMS 0x00000000e1100000| PB 0x00000000e1100000| Complete 
|  18|0x00000000e1200000, 0x00000000e1300000, 0x00000000e1300000|100%|HC|  |TAMS 0x00000000e1200000| PB 0x00000000e1200000| Complete 
|  19|0x00000000e1300000, 0x00000000e1400000, 0x00000000e1400000|100%|HC|  |TAMS 0x00000000e1300000| PB 0x00000000e1300000| Complete 
|  20|0x00000000e1400000, 0x00000000e1500000, 0x00000000e1500000|100%|HS|  |TAMS 0x00000000e1400000| PB 0x00000000e1400000| Complete 
|  21|0x00000000e1500000, 0x00000000e1600000, 0x00000000e1600000|100%|HC|  |TAMS 0x00000000e1500000| PB 0x00000000e1500000| Complete 
|  22|0x00000000e1600000, 0x00000000e1700000, 0x00000000e1700000|100%| O|  |TAMS 0x00000000e1600000| PB 0x00000000e1600000| Untracked 
|  23|0x00000000e1700000, 0x00000000e1800000, 0x00000000e1800000|100%| O|  |TAMS 0x00000000e1700000| PB 0x00000000e1700000| Untracked 
|  24|0x00000000e1800000, 0x00000000e1900000, 0x00000000e1900000|100%| O|  |TAMS 0x00000000e1800000| PB 0x00000000e1800000| Untracked 
|  25|0x00000000e1900000, 0x00000000e1a00000, 0x00000000e1a00000|100%| O|  |TAMS 0x00000000e1900000| PB 0x00000000e1900000| Untracked 
|  26|0x00000000e1a00000, 0x00000000e1b00000, 0x00000000e1b00000|100%| O|  |TAMS 0x00000000e1a00000| PB 0x00000000e1a00000| Untracked 
|  27|0x00000000e1b00000, 0x00000000e1c00000, 0x00000000e1c00000|100%| O|  |TAMS 0x00000000e1b00000| PB 0x00000000e1b00000| Untracked 
|  28|0x00000000e1c00000, 0x00000000e1d00000, 0x00000000e1d00000|100%| O|  |TAMS 0x00000000e1c00000| PB 0x00000000e1c00000| Untracked 
|  29|0x00000000e1d00000, 0x00000000e1e00000, 0x00000000e1e00000|100%| O|  |TAMS 0x00000000e1d00000| PB 0x00000000e1d00000| Untracked 
|  30|0x00000000e1e00000, 0x00000000e1f00000, 0x00000000e1f00000|100%| O|  |TAMS 0x00000000e1e00000| PB 0x00000000e1e00000| Complete 
|  31|0x00000000e1f00000, 0x00000000e2000000, 0x00000000e2000000|100%| O|  |TAMS 0x00000000e1f00000| PB 0x00000000e1f00000| Untracked 
|  32|0x00000000e2000000, 0x00000000e2100000, 0x00000000e2100000|100%| O|  |TAMS 0x00000000e2000000| PB 0x00000000e2000000| Untracked 
|  33|0x00000000e2100000, 0x00000000e2200000, 0x00000000e2200000|100%| O|  |TAMS 0x00000000e2100000| PB 0x00000000e2100000| Untracked 
|  34|0x00000000e2200000, 0x00000000e2300000, 0x00000000e2300000|100%| O|  |TAMS 0x00000000e2200000| PB 0x00000000e2200000| Untracked 
|  35|0x00000000e2300000, 0x00000000e2400000, 0x00000000e2400000|100%| O|  |TAMS 0x00000000e2300000| PB 0x00000000e2300000| Untracked 
|  36|0x00000000e2400000, 0x00000000e2500000, 0x00000000e2500000|100%| O|  |TAMS 0x00000000e2400000| PB 0x00000000e2400000| Untracked 
|  37|0x00000000e2500000, 0x00000000e2500000, 0x00000000e2600000|  0%| F|  |TAMS 0x00000000e2500000| PB 0x00000000e2500000| Untracked 
|  38|0x00000000e2600000, 0x00000000e2600000, 0x00000000e2700000|  0%| F|  |TAMS 0x00000000e2600000| PB 0x00000000e2600000| Untracked 
|  39|0x00000000e2700000, 0x00000000e2700000, 0x00000000e2800000|  0%| F|  |TAMS 0x00000000e2700000| PB 0x00000000e2700000| Untracked 
|  40|0x00000000e2800000, 0x00000000e2800000, 0x00000000e2900000|  0%| F|  |TAMS 0x00000000e2800000| PB 0x00000000e2800000| Untracked 
|  41|0x00000000e2900000, 0x00000000e2a00000, 0x00000000e2a00000|100%| O|  |TAMS 0x00000000e2900000| PB 0x00000000e2900000| Untracked 
|  42|0x00000000e2a00000, 0x00000000e2b00000, 0x00000000e2b00000|100%| O|  |TAMS 0x00000000e2a00000| PB 0x00000000e2a00000| Untracked 
|  43|0x00000000e2b00000, 0x00000000e2c00000, 0x00000000e2c00000|100%| O|  |TAMS 0x00000000e2b00000| PB 0x00000000e2b00000| Untracked 
|  44|0x00000000e2c00000, 0x00000000e2d00000, 0x00000000e2d00000|100%| O|  |TAMS 0x00000000e2c00000| PB 0x00000000e2c00000| Untracked 
|  45|0x00000000e2d00000, 0x00000000e2e00000, 0x00000000e2e00000|100%| O|  |TAMS 0x00000000e2d00000| PB 0x00000000e2d00000| Untracked 
|  46|0x00000000e2e00000, 0x00000000e2f00000, 0x00000000e2f00000|100%| O|  |TAMS 0x00000000e2e00000| PB 0x00000000e2e00000| Untracked 
|  47|0x00000000e2f00000, 0x00000000e3000000, 0x00000000e3000000|100%| O|  |TAMS 0x00000000e2f00000| PB 0x00000000e2f00000| Untracked 
|  48|0x00000000e3000000, 0x00000000e3100000, 0x00000000e3100000|100%| O|  |TAMS 0x00000000e3000000| PB 0x00000000e3000000| Untracked 
|  49|0x00000000e3100000, 0x00000000e3111e00, 0x00000000e3200000|  6%| O|  |TAMS 0x00000000e3100000| PB 0x00000000e3100000| Untracked 
|  50|0x00000000e3200000, 0x00000000e3200000, 0x00000000e3300000|  0%| F|  |TAMS 0x00000000e3200000| PB 0x00000000e3200000| Untracked 
|  51|0x00000000e3300000, 0x00000000e3300000, 0x00000000e3400000|  0%| F|  |TAMS 0x00000000e3300000| PB 0x00000000e3300000| Untracked 
|  52|0x00000000e3400000, 0x00000000e3400000, 0x00000000e3500000|  0%| F|  |TAMS 0x00000000e3400000| PB 0x00000000e3400000| Untracked 
|  53|0x00000000e3500000, 0x00000000e3500000, 0x00000000e3600000|  0%| F|  |TAMS 0x00000000e3500000| PB 0x00000000e3500000| Untracked 
|  54|0x00000000e3600000, 0x00000000e3600000, 0x00000000e3700000|  0%| F|  |TAMS 0x00000000e3600000| PB 0x00000000e3600000| Untracked 
|  55|0x00000000e3700000, 0x00000000e3700000, 0x00000000e3800000|  0%| F|  |TAMS 0x00000000e3700000| PB 0x00000000e3700000| Untracked 
|  56|0x00000000e3800000, 0x00000000e3800000, 0x00000000e3900000|  0%| F|  |TAMS 0x00000000e3800000| PB 0x00000000e3800000| Untracked 
|  57|0x00000000e3900000, 0x00000000e3900000, 0x00000000e3a00000|  0%| F|  |TAMS 0x00000000e3900000| PB 0x00000000e3900000| Untracked 
|  58|0x00000000e3a00000, 0x00000000e3a00000, 0x00000000e3b00000|  0%| F|  |TAMS 0x00000000e3a00000| PB 0x00000000e3a00000| Untracked 
|  59|0x00000000e3b00000, 0x00000000e3b00000, 0x00000000e3c00000|  0%| F|  |TAMS 0x00000000e3b00000| PB 0x00000000e3b00000| Untracked 
|  60|0x00000000e3c00000, 0x00000000e3c00000, 0x00000000e3d00000|  0%| F|  |TAMS 0x00000000e3c00000| PB 0x00000000e3c00000| Untracked 
|  61|0x00000000e3d00000, 0x00000000e3d00000, 0x00000000e3e00000|  0%| F|  |TAMS 0x00000000e3d00000| PB 0x00000000e3d00000| Untracked 
|  62|0x00000000e3e00000, 0x00000000e3e00000, 0x00000000e3f00000|  0%| F|  |TAMS 0x00000000e3e00000| PB 0x00000000e3e00000| Untracked 
|  63|0x00000000e3f00000, 0x00000000e3f00000, 0x00000000e4000000|  0%| F|  |TAMS 0x00000000e3f00000| PB 0x00000000e3f00000| Untracked 
|  64|0x00000000e4000000, 0x00000000e4000000, 0x00000000e4100000|  0%| F|  |TAMS 0x00000000e4000000| PB 0x00000000e4000000| Untracked 
|  65|0x00000000e4100000, 0x00000000e4100000, 0x00000000e4200000|  0%| F|  |TAMS 0x00000000e4100000| PB 0x00000000e4100000| Untracked 
|  66|0x00000000e4200000, 0x00000000e4200000, 0x00000000e4300000|  0%| F|  |TAMS 0x00000000e4200000| PB 0x00000000e4200000| Untracked 
|  67|0x00000000e4300000, 0x00000000e4300000, 0x00000000e4400000|  0%| F|  |TAMS 0x00000000e4300000| PB 0x00000000e4300000| Untracked 
|  68|0x00000000e4400000, 0x00000000e4400000, 0x00000000e4500000|  0%| F|  |TAMS 0x00000000e4400000| PB 0x00000000e4400000| Untracked 
|  69|0x00000000e4500000, 0x00000000e4500000, 0x00000000e4600000|  0%| F|  |TAMS 0x00000000e4500000| PB 0x00000000e4500000| Untracked 
|  70|0x00000000e4600000, 0x00000000e4600000, 0x00000000e4700000|  0%| F|  |TAMS 0x00000000e4600000| PB 0x00000000e4600000| Untracked 
|  71|0x00000000e4700000, 0x00000000e4700000, 0x00000000e4800000|  0%| F|  |TAMS 0x00000000e4700000| PB 0x00000000e4700000| Untracked 
|  72|0x00000000e4800000, 0x00000000e4800000, 0x00000000e4900000|  0%| F|  |TAMS 0x00000000e4800000| PB 0x00000000e4800000| Untracked 
|  73|0x00000000e4900000, 0x00000000e4900000, 0x00000000e4a00000|  0%| F|  |TAMS 0x00000000e4900000| PB 0x00000000e4900000| Untracked 
|  74|0x00000000e4a00000, 0x00000000e4a00000, 0x00000000e4b00000|  0%| F|  |TAMS 0x00000000e4a00000| PB 0x00000000e4a00000| Untracked 
|  75|0x00000000e4b00000, 0x00000000e4b00000, 0x00000000e4c00000|  0%| F|  |TAMS 0x00000000e4b00000| PB 0x00000000e4b00000| Untracked 
|  76|0x00000000e4c00000, 0x00000000e4c00000, 0x00000000e4d00000|  0%| F|  |TAMS 0x00000000e4c00000| PB 0x00000000e4c00000| Untracked 
|  77|0x00000000e4d00000, 0x00000000e4d00000, 0x00000000e4e00000|  0%| F|  |TAMS 0x00000000e4d00000| PB 0x00000000e4d00000| Untracked 
|  78|0x00000000e4e00000, 0x00000000e4e00000, 0x00000000e4f00000|  0%| F|  |TAMS 0x00000000e4e00000| PB 0x00000000e4e00000| Untracked 
|  79|0x00000000e4f00000, 0x00000000e4f00000, 0x00000000e5000000|  0%| F|  |TAMS 0x00000000e4f00000| PB 0x00000000e4f00000| Untracked 
|  80|0x00000000e5000000, 0x00000000e5000000, 0x00000000e5100000|  0%| F|  |TAMS 0x00000000e5000000| PB 0x00000000e5000000| Untracked 
|  81|0x00000000e5100000, 0x00000000e5100000, 0x00000000e5200000|  0%| F|  |TAMS 0x00000000e5100000| PB 0x00000000e5100000| Untracked 
|  82|0x00000000e5200000, 0x00000000e5200000, 0x00000000e5300000|  0%| F|  |TAMS 0x00000000e5200000| PB 0x00000000e5200000| Untracked 
|  83|0x00000000e5300000, 0x00000000e5300000, 0x00000000e5400000|  0%| F|  |TAMS 0x00000000e5300000| PB 0x00000000e5300000| Untracked 
|  84|0x00000000e5400000, 0x00000000e5400000, 0x00000000e5500000|  0%| F|  |TAMS 0x00000000e5400000| PB 0x00000000e5400000| Untracked 
|  85|0x00000000e5500000, 0x00000000e5500000, 0x00000000e5600000|  0%| F|  |TAMS 0x00000000e5500000| PB 0x00000000e5500000| Untracked 
|  86|0x00000000e5600000, 0x00000000e5600000, 0x00000000e5700000|  0%| F|  |TAMS 0x00000000e5600000| PB 0x00000000e5600000| Untracked 
|  87|0x00000000e5700000, 0x00000000e5700000, 0x00000000e5800000|  0%| F|  |TAMS 0x00000000e5700000| PB 0x00000000e5700000| Untracked 
|  88|0x00000000e5800000, 0x00000000e5800000, 0x00000000e5900000|  0%| F|  |TAMS 0x00000000e5800000| PB 0x00000000e5800000| Untracked 
|  89|0x00000000e5900000, 0x00000000e5900000, 0x00000000e5a00000|  0%| F|  |TAMS 0x00000000e5900000| PB 0x00000000e5900000| Untracked 
|  90|0x00000000e5a00000, 0x00000000e5a00000, 0x00000000e5b00000|  0%| F|  |TAMS 0x00000000e5a00000| PB 0x00000000e5a00000| Untracked 
|  91|0x00000000e5b00000, 0x00000000e5b00000, 0x00000000e5c00000|  0%| F|  |TAMS 0x00000000e5b00000| PB 0x00000000e5b00000| Untracked 
|  92|0x00000000e5c00000, 0x00000000e5c00000, 0x00000000e5d00000|  0%| F|  |TAMS 0x00000000e5c00000| PB 0x00000000e5c00000| Untracked 
|  93|0x00000000e5d00000, 0x00000000e5d00000, 0x00000000e5e00000|  0%| F|  |TAMS 0x00000000e5d00000| PB 0x00000000e5d00000| Untracked 
|  94|0x00000000e5e00000, 0x00000000e5e00000, 0x00000000e5f00000|  0%| F|  |TAMS 0x00000000e5e00000| PB 0x00000000e5e00000| Untracked 
|  95|0x00000000e5f00000, 0x00000000e5f00000, 0x00000000e6000000|  0%| F|  |TAMS 0x00000000e5f00000| PB 0x00000000e5f00000| Untracked 
|  96|0x00000000e6000000, 0x00000000e6000000, 0x00000000e6100000|  0%| F|  |TAMS 0x00000000e6000000| PB 0x00000000e6000000| Untracked 
|  97|0x00000000e6100000, 0x00000000e6100000, 0x00000000e6200000|  0%| F|  |TAMS 0x00000000e6100000| PB 0x00000000e6100000| Untracked 
|  98|0x00000000e6200000, 0x00000000e6200000, 0x00000000e6300000|  0%| F|  |TAMS 0x00000000e6200000| PB 0x00000000e6200000| Untracked 
|  99|0x00000000e6300000, 0x00000000e6300000, 0x00000000e6400000|  0%| F|  |TAMS 0x00000000e6300000| PB 0x00000000e6300000| Untracked 
| 100|0x00000000e6400000, 0x00000000e6400000, 0x00000000e6500000|  0%| F|  |TAMS 0x00000000e6400000| PB 0x00000000e6400000| Untracked 
| 101|0x00000000e6500000, 0x00000000e6500000, 0x00000000e6600000|  0%| F|  |TAMS 0x00000000e6500000| PB 0x00000000e6500000| Untracked 
| 102|0x00000000e6600000, 0x00000000e6600000, 0x00000000e6700000|  0%| F|  |TAMS 0x00000000e6600000| PB 0x00000000e6600000| Untracked 
| 103|0x00000000e6700000, 0x00000000e6700000, 0x00000000e6800000|  0%| F|  |TAMS 0x00000000e6700000| PB 0x00000000e6700000| Untracked 
| 104|0x00000000e6800000, 0x00000000e6800000, 0x00000000e6900000|  0%| F|  |TAMS 0x00000000e6800000| PB 0x00000000e6800000| Untracked 
| 105|0x00000000e6900000, 0x00000000e6900000, 0x00000000e6a00000|  0%| F|  |TAMS 0x00000000e6900000| PB 0x00000000e6900000| Untracked 
| 106|0x00000000e6a00000, 0x00000000e6a00000, 0x00000000e6b00000|  0%| F|  |TAMS 0x00000000e6a00000| PB 0x00000000e6a00000| Untracked 
| 107|0x00000000e6b00000, 0x00000000e6b00000, 0x00000000e6c00000|  0%| F|  |TAMS 0x00000000e6b00000| PB 0x00000000e6b00000| Untracked 
| 108|0x00000000e6c00000, 0x00000000e6c00000, 0x00000000e6d00000|  0%| F|  |TAMS 0x00000000e6c00000| PB 0x00000000e6c00000| Untracked 
| 109|0x00000000e6d00000, 0x00000000e6d00000, 0x00000000e6e00000|  0%| F|  |TAMS 0x00000000e6d00000| PB 0x00000000e6d00000| Untracked 
| 110|0x00000000e6e00000, 0x00000000e6e00000, 0x00000000e6f00000|  0%| F|  |TAMS 0x00000000e6e00000| PB 0x00000000e6e00000| Untracked 
| 111|0x00000000e6f00000, 0x00000000e6f00000, 0x00000000e7000000|  0%| F|  |TAMS 0x00000000e6f00000| PB 0x00000000e6f00000| Untracked 
| 112|0x00000000e7000000, 0x00000000e7000000, 0x00000000e7100000|  0%| F|  |TAMS 0x00000000e7000000| PB 0x00000000e7000000| Untracked 
| 113|0x00000000e7100000, 0x00000000e7100000, 0x00000000e7200000|  0%| F|  |TAMS 0x00000000e7100000| PB 0x00000000e7100000| Untracked 
| 114|0x00000000e7200000, 0x00000000e7200000, 0x00000000e7300000|  0%| F|  |TAMS 0x00000000e7200000| PB 0x00000000e7200000| Untracked 
| 115|0x00000000e7300000, 0x00000000e7300000, 0x00000000e7400000|  0%| F|  |TAMS 0x00000000e7300000| PB 0x00000000e7300000| Untracked 
| 116|0x00000000e7400000, 0x00000000e7400000, 0x00000000e7500000|  0%| F|  |TAMS 0x00000000e7400000| PB 0x00000000e7400000| Untracked 
| 117|0x00000000e7500000, 0x00000000e7500000, 0x00000000e7600000|  0%| F|  |TAMS 0x00000000e7500000| PB 0x00000000e7500000| Untracked 
| 118|0x00000000e7600000, 0x00000000e7600000, 0x00000000e7700000|  0%| F|  |TAMS 0x00000000e7600000| PB 0x00000000e7600000| Untracked 
| 119|0x00000000e7700000, 0x00000000e7700000, 0x00000000e7800000|  0%| F|  |TAMS 0x00000000e7700000| PB 0x00000000e7700000| Untracked 
| 120|0x00000000e7800000, 0x00000000e7800000, 0x00000000e7900000|  0%| F|  |TAMS 0x00000000e7800000| PB 0x00000000e7800000| Untracked 
| 121|0x00000000e7900000, 0x00000000e7900000, 0x00000000e7a00000|  0%| F|  |TAMS 0x00000000e7900000| PB 0x00000000e7900000| Untracked 
| 122|0x00000000e7a00000, 0x00000000e7a00000, 0x00000000e7b00000|  0%| F|  |TAMS 0x00000000e7a00000| PB 0x00000000e7a00000| Untracked 
| 123|0x00000000e7b00000, 0x00000000e7b00000, 0x00000000e7c00000|  0%| F|  |TAMS 0x00000000e7b00000| PB 0x00000000e7b00000| Untracked 
| 124|0x00000000e7c00000, 0x00000000e7c00000, 0x00000000e7d00000|  0%| F|  |TAMS 0x00000000e7c00000| PB 0x00000000e7c00000| Untracked 
| 125|0x00000000e7d00000, 0x00000000e7d00000, 0x00000000e7e00000|  0%| F|  |TAMS 0x00000000e7d00000| PB 0x00000000e7d00000| Untracked 
| 126|0x00000000e7e00000, 0x00000000e7e00000, 0x00000000e7f00000|  0%| F|  |TAMS 0x00000000e7e00000| PB 0x00000000e7e00000| Untracked 
| 127|0x00000000e7f00000, 0x00000000e7f00000, 0x00000000e8000000|  0%| F|  |TAMS 0x00000000e7f00000| PB 0x00000000e7f00000| Untracked 
| 128|0x00000000e8000000, 0x00000000e8000000, 0x00000000e8100000|  0%| F|  |TAMS 0x00000000e8000000| PB 0x00000000e8000000| Untracked 
| 129|0x00000000e8100000, 0x00000000e8100000, 0x00000000e8200000|  0%| F|  |TAMS 0x00000000e8100000| PB 0x00000000e8100000| Untracked 
| 130|0x00000000e8200000, 0x00000000e8200000, 0x00000000e8300000|  0%| F|  |TAMS 0x00000000e8200000| PB 0x00000000e8200000| Untracked 
| 131|0x00000000e8300000, 0x00000000e8300000, 0x00000000e8400000|  0%| F|  |TAMS 0x00000000e8300000| PB 0x00000000e8300000| Untracked 
| 132|0x00000000e8400000, 0x00000000e8400000, 0x00000000e8500000|  0%| F|  |TAMS 0x00000000e8400000| PB 0x00000000e8400000| Untracked 
| 133|0x00000000e8500000, 0x00000000e8500000, 0x00000000e8600000|  0%| F|  |TAMS 0x00000000e8500000| PB 0x00000000e8500000| Untracked 
| 134|0x00000000e8600000, 0x00000000e8600000, 0x00000000e8700000|  0%| F|  |TAMS 0x00000000e8600000| PB 0x00000000e8600000| Untracked 
| 135|0x00000000e8700000, 0x00000000e8700000, 0x00000000e8800000|  0%| F|  |TAMS 0x00000000e8700000| PB 0x00000000e8700000| Untracked 
| 136|0x00000000e8800000, 0x00000000e8800000, 0x00000000e8900000|  0%| F|  |TAMS 0x00000000e8800000| PB 0x00000000e8800000| Untracked 
| 137|0x00000000e8900000, 0x00000000e8900000, 0x00000000e8a00000|  0%| F|  |TAMS 0x00000000e8900000| PB 0x00000000e8900000| Untracked 
| 138|0x00000000e8a00000, 0x00000000e8a00000, 0x00000000e8b00000|  0%| F|  |TAMS 0x00000000e8a00000| PB 0x00000000e8a00000| Untracked 
| 139|0x00000000e8b00000, 0x00000000e8b00000, 0x00000000e8c00000|  0%| F|  |TAMS 0x00000000e8b00000| PB 0x00000000e8b00000| Untracked 
| 140|0x00000000e8c00000, 0x00000000e8c00000, 0x00000000e8d00000|  0%| F|  |TAMS 0x00000000e8c00000| PB 0x00000000e8c00000| Untracked 
| 141|0x00000000e8d00000, 0x00000000e8d00000, 0x00000000e8e00000|  0%| F|  |TAMS 0x00000000e8d00000| PB 0x00000000e8d00000| Untracked 
| 142|0x00000000e8e00000, 0x00000000e8e00000, 0x00000000e8f00000|  0%| F|  |TAMS 0x00000000e8e00000| PB 0x00000000e8e00000| Untracked 
| 143|0x00000000e8f00000, 0x00000000e8f00000, 0x00000000e9000000|  0%| F|  |TAMS 0x00000000e8f00000| PB 0x00000000e8f00000| Untracked 
| 144|0x00000000e9000000, 0x00000000e9000000, 0x00000000e9100000|  0%| F|  |TAMS 0x00000000e9000000| PB 0x00000000e9000000| Untracked 
| 145|0x00000000e9100000, 0x00000000e9100000, 0x00000000e9200000|  0%| F|  |TAMS 0x00000000e9100000| PB 0x00000000e9100000| Untracked 
| 146|0x00000000e9200000, 0x00000000e9200000, 0x00000000e9300000|  0%| F|  |TAMS 0x00000000e9200000| PB 0x00000000e9200000| Untracked 
| 147|0x00000000e9300000, 0x00000000e9300000, 0x00000000e9400000|  0%| F|  |TAMS 0x00000000e9300000| PB 0x00000000e9300000| Untracked 
| 148|0x00000000e9400000, 0x00000000e9400000, 0x00000000e9500000|  0%| F|  |TAMS 0x00000000e9400000| PB 0x00000000e9400000| Untracked 
| 149|0x00000000e9500000, 0x00000000e9500000, 0x00000000e9600000|  0%| F|  |TAMS 0x00000000e9500000| PB 0x00000000e9500000| Untracked 
| 150|0x00000000e9600000, 0x00000000e9600000, 0x00000000e9700000|  0%| F|  |TAMS 0x00000000e9600000| PB 0x00000000e9600000| Untracked 
| 151|0x00000000e9700000, 0x00000000e9700000, 0x00000000e9800000|  0%| F|  |TAMS 0x00000000e9700000| PB 0x00000000e9700000| Untracked 
| 152|0x00000000e9800000, 0x00000000e9800000, 0x00000000e9900000|  0%| F|  |TAMS 0x00000000e9800000| PB 0x00000000e9800000| Untracked 
| 153|0x00000000e9900000, 0x00000000e9900000, 0x00000000e9a00000|  0%| F|  |TAMS 0x00000000e9900000| PB 0x00000000e9900000| Untracked 
| 154|0x00000000e9a00000, 0x00000000e9a00000, 0x00000000e9b00000|  0%| F|  |TAMS 0x00000000e9a00000| PB 0x00000000e9a00000| Untracked 
| 155|0x00000000e9b00000, 0x00000000e9b00000, 0x00000000e9c00000|  0%| F|  |TAMS 0x00000000e9b00000| PB 0x00000000e9b00000| Untracked 
| 156|0x00000000e9c00000, 0x00000000e9c00000, 0x00000000e9d00000|  0%| F|  |TAMS 0x00000000e9c00000| PB 0x00000000e9c00000| Untracked 
| 157|0x00000000e9d00000, 0x00000000e9d00000, 0x00000000e9e00000|  0%| F|  |TAMS 0x00000000e9d00000| PB 0x00000000e9d00000| Untracked 
| 158|0x00000000e9e00000, 0x00000000e9e00000, 0x00000000e9f00000|  0%| F|  |TAMS 0x00000000e9e00000| PB 0x00000000e9e00000| Untracked 
| 159|0x00000000e9f00000, 0x00000000e9f00000, 0x00000000ea000000|  0%| F|  |TAMS 0x00000000e9f00000| PB 0x00000000e9f00000| Untracked 
| 160|0x00000000ea000000, 0x00000000ea000000, 0x00000000ea100000|  0%| F|  |TAMS 0x00000000ea000000| PB 0x00000000ea000000| Untracked 
| 161|0x00000000ea100000, 0x00000000ea100000, 0x00000000ea200000|  0%| F|  |TAMS 0x00000000ea100000| PB 0x00000000ea100000| Untracked 
| 162|0x00000000ea200000, 0x00000000ea200000, 0x00000000ea300000|  0%| F|  |TAMS 0x00000000ea200000| PB 0x00000000ea200000| Untracked 
| 163|0x00000000ea300000, 0x00000000ea300000, 0x00000000ea400000|  0%| F|  |TAMS 0x00000000ea300000| PB 0x00000000ea300000| Untracked 
| 164|0x00000000ea400000, 0x00000000ea400000, 0x00000000ea500000|  0%| F|  |TAMS 0x00000000ea400000| PB 0x00000000ea400000| Untracked 
| 165|0x00000000ea500000, 0x00000000ea500000, 0x00000000ea600000|  0%| F|  |TAMS 0x00000000ea500000| PB 0x00000000ea500000| Untracked 
| 166|0x00000000ea600000, 0x00000000ea600000, 0x00000000ea700000|  0%| F|  |TAMS 0x00000000ea600000| PB 0x00000000ea600000| Untracked 
| 167|0x00000000ea700000, 0x00000000ea700000, 0x00000000ea800000|  0%| F|  |TAMS 0x00000000ea700000| PB 0x00000000ea700000| Untracked 
| 168|0x00000000ea800000, 0x00000000ea800000, 0x00000000ea900000|  0%| F|  |TAMS 0x00000000ea800000| PB 0x00000000ea800000| Untracked 
| 169|0x00000000ea900000, 0x00000000ea900000, 0x00000000eaa00000|  0%| F|  |TAMS 0x00000000ea900000| PB 0x00000000ea900000| Untracked 
| 170|0x00000000eaa00000, 0x00000000eaa00000, 0x00000000eab00000|  0%| F|  |TAMS 0x00000000eaa00000| PB 0x00000000eaa00000| Untracked 
| 171|0x00000000eab00000, 0x00000000eab00000, 0x00000000eac00000|  0%| F|  |TAMS 0x00000000eab00000| PB 0x00000000eab00000| Untracked 
| 172|0x00000000eac00000, 0x00000000eac00000, 0x00000000ead00000|  0%| F|  |TAMS 0x00000000eac00000| PB 0x00000000eac00000| Untracked 
| 173|0x00000000ead00000, 0x00000000ead00000, 0x00000000eae00000|  0%| F|  |TAMS 0x00000000ead00000| PB 0x00000000ead00000| Untracked 
| 174|0x00000000eae00000, 0x00000000eae00000, 0x00000000eaf00000|  0%| F|  |TAMS 0x00000000eae00000| PB 0x00000000eae00000| Untracked 
| 175|0x00000000eaf00000, 0x00000000eaf00000, 0x00000000eb000000|  0%| F|  |TAMS 0x00000000eaf00000| PB 0x00000000eaf00000| Untracked 
| 176|0x00000000eb000000, 0x00000000eb000000, 0x00000000eb100000|  0%| F|  |TAMS 0x00000000eb000000| PB 0x00000000eb000000| Untracked 
| 177|0x00000000eb100000, 0x00000000eb100000, 0x00000000eb200000|  0%| F|  |TAMS 0x00000000eb100000| PB 0x00000000eb100000| Untracked 
| 178|0x00000000eb200000, 0x00000000eb200000, 0x00000000eb300000|  0%| F|  |TAMS 0x00000000eb200000| PB 0x00000000eb200000| Untracked 
| 179|0x00000000eb300000, 0x00000000eb300000, 0x00000000eb400000|  0%| F|  |TAMS 0x00000000eb300000| PB 0x00000000eb300000| Untracked 
| 180|0x00000000eb400000, 0x00000000eb401010, 0x00000000eb500000|  0%| E|  |TAMS 0x00000000eb400000| PB 0x00000000eb400000| Complete 
| 181|0x00000000eb500000, 0x00000000eb600000, 0x00000000eb600000|100%| E|CS|TAMS 0x00000000eb500000| PB 0x00000000eb500000| Complete 
| 182|0x00000000eb600000, 0x00000000eb700000, 0x00000000eb700000|100%| E|CS|TAMS 0x00000000eb600000| PB 0x00000000eb600000| Complete 
| 183|0x00000000eb700000, 0x00000000eb800000, 0x00000000eb800000|100%| E|CS|TAMS 0x00000000eb700000| PB 0x00000000eb700000| Complete 
| 184|0x00000000eb800000, 0x00000000eb900000, 0x00000000eb900000|100%| E|CS|TAMS 0x00000000eb800000| PB 0x00000000eb800000| Complete 
| 185|0x00000000eb900000, 0x00000000eba00000, 0x00000000eba00000|100%| E|CS|TAMS 0x00000000eb900000| PB 0x00000000eb900000| Complete 
| 186|0x00000000eba00000, 0x00000000ebb00000, 0x00000000ebb00000|100%| E|CS|TAMS 0x00000000eba00000| PB 0x00000000eba00000| Complete 
| 187|0x00000000ebb00000, 0x00000000ebc00000, 0x00000000ebc00000|100%| E|CS|TAMS 0x00000000ebb00000| PB 0x00000000ebb00000| Complete 
| 188|0x00000000ebc00000, 0x00000000ebd00000, 0x00000000ebd00000|100%| E|CS|TAMS 0x00000000ebc00000| PB 0x00000000ebc00000| Complete 
| 189|0x00000000ebd00000, 0x00000000ebe00000, 0x00000000ebe00000|100%| E|CS|TAMS 0x00000000ebd00000| PB 0x00000000ebd00000| Complete 
| 190|0x00000000ebe00000, 0x00000000ebf00000, 0x00000000ebf00000|100%| E|CS|TAMS 0x00000000ebe00000| PB 0x00000000ebe00000| Complete 
| 191|0x00000000ebf00000, 0x00000000ec000000, 0x00000000ec000000|100%| E|CS|TAMS 0x00000000ebf00000| PB 0x00000000ebf00000| Complete 
| 192|0x00000000ec000000, 0x00000000ec100000, 0x00000000ec100000|100%| E|CS|TAMS 0x00000000ec000000| PB 0x00000000ec000000| Complete 
| 193|0x00000000ec100000, 0x00000000ec200000, 0x00000000ec200000|100%| E|CS|TAMS 0x00000000ec100000| PB 0x00000000ec100000| Complete 
| 194|0x00000000ec200000, 0x00000000ec300000, 0x00000000ec300000|100%| E|CS|TAMS 0x00000000ec200000| PB 0x00000000ec200000| Complete 
| 195|0x00000000ec300000, 0x00000000ec400000, 0x00000000ec400000|100%| E|CS|TAMS 0x00000000ec300000| PB 0x00000000ec300000| Complete 
| 196|0x00000000ec400000, 0x00000000ec500000, 0x00000000ec500000|100%| E|CS|TAMS 0x00000000ec400000| PB 0x00000000ec400000| Complete 
| 197|0x00000000ec500000, 0x00000000ec600000, 0x00000000ec600000|100%| E|CS|TAMS 0x00000000ec500000| PB 0x00000000ec500000| Complete 
| 198|0x00000000ec600000, 0x00000000ec700000, 0x00000000ec700000|100%| E|CS|TAMS 0x00000000ec600000| PB 0x00000000ec600000| Complete 
| 199|0x00000000ec700000, 0x00000000ec800000, 0x00000000ec800000|100%| E|CS|TAMS 0x00000000ec700000| PB 0x00000000ec700000| Complete 
| 200|0x00000000ec800000, 0x00000000ec900000, 0x00000000ec900000|100%| E|CS|TAMS 0x00000000ec800000| PB 0x00000000ec800000| Complete 
| 201|0x00000000ec900000, 0x00000000eca00000, 0x00000000eca00000|100%| E|CS|TAMS 0x00000000ec900000| PB 0x00000000ec900000| Complete 
| 202|0x00000000eca00000, 0x00000000ecb00000, 0x00000000ecb00000|100%| E|CS|TAMS 0x00000000eca00000| PB 0x00000000eca00000| Complete 
| 203|0x00000000ecb00000, 0x00000000ecc00000, 0x00000000ecc00000|100%| E|CS|TAMS 0x00000000ecb00000| PB 0x00000000ecb00000| Complete 
| 204|0x00000000ecc00000, 0x00000000ecd00000, 0x00000000ecd00000|100%| E|CS|TAMS 0x00000000ecc00000| PB 0x00000000ecc00000| Complete 
| 205|0x00000000ecd00000, 0x00000000ece00000, 0x00000000ece00000|100%| E|CS|TAMS 0x00000000ecd00000| PB 0x00000000ecd00000| Complete 
| 206|0x00000000ece00000, 0x00000000ecf00000, 0x00000000ecf00000|100%| E|CS|TAMS 0x00000000ece00000| PB 0x00000000ece00000| Complete 
| 207|0x00000000ecf00000, 0x00000000ed000000, 0x00000000ed000000|100%| E|CS|TAMS 0x00000000ecf00000| PB 0x00000000ecf00000| Complete 
| 208|0x00000000ed000000, 0x00000000ed100000, 0x00000000ed100000|100%| E|CS|TAMS 0x00000000ed000000| PB 0x00000000ed000000| Complete 
| 209|0x00000000ed100000, 0x00000000ed200000, 0x00000000ed200000|100%| E|CS|TAMS 0x00000000ed100000| PB 0x00000000ed100000| Complete 
| 210|0x00000000ed200000, 0x00000000ed300000, 0x00000000ed300000|100%| E|CS|TAMS 0x00000000ed200000| PB 0x00000000ed200000| Complete 
| 211|0x00000000ed300000, 0x00000000ed400000, 0x00000000ed400000|100%| E|CS|TAMS 0x00000000ed300000| PB 0x00000000ed300000| Complete 
| 212|0x00000000ed400000, 0x00000000ed500000, 0x00000000ed500000|100%| E|CS|TAMS 0x00000000ed400000| PB 0x00000000ed400000| Complete 
| 213|0x00000000ed500000, 0x00000000ed600000, 0x00000000ed600000|100%| E|CS|TAMS 0x00000000ed500000| PB 0x00000000ed500000| Complete 
| 214|0x00000000ed600000, 0x00000000ed700000, 0x00000000ed700000|100%| E|CS|TAMS 0x00000000ed600000| PB 0x00000000ed600000| Complete 
| 215|0x00000000ed700000, 0x00000000ed71e9a8, 0x00000000ed800000| 11%| S|CS|TAMS 0x00000000ed700000| PB 0x00000000ed700000| Complete 
| 216|0x00000000ed800000, 0x00000000ed900000, 0x00000000ed900000|100%| S|CS|TAMS 0x00000000ed800000| PB 0x00000000ed800000| Complete 
| 217|0x00000000ed900000, 0x00000000eda00000, 0x00000000eda00000|100%| S|CS|TAMS 0x00000000ed900000| PB 0x00000000ed900000| Complete 
| 218|0x00000000eda00000, 0x00000000edb00000, 0x00000000edb00000|100%| S|CS|TAMS 0x00000000eda00000| PB 0x00000000eda00000| Complete 
| 219|0x00000000edb00000, 0x00000000edc00000, 0x00000000edc00000|100%| S|CS|TAMS 0x00000000edb00000| PB 0x00000000edb00000| Complete 
| 220|0x00000000edc00000, 0x00000000edd00000, 0x00000000edd00000|100%| E|CS|TAMS 0x00000000edc00000| PB 0x00000000edc00000| Complete 
| 221|0x00000000edd00000, 0x00000000ede00000, 0x00000000ede00000|100%| E|CS|TAMS 0x00000000edd00000| PB 0x00000000edd00000| Complete 
| 222|0x00000000ede00000, 0x00000000edf00000, 0x00000000edf00000|100%| E|CS|TAMS 0x00000000ede00000| PB 0x00000000ede00000| Complete 
| 223|0x00000000edf00000, 0x00000000ee000000, 0x00000000ee000000|100%| E|CS|TAMS 0x00000000edf00000| PB 0x00000000edf00000| Complete 
| 224|0x00000000ee000000, 0x00000000ee100000, 0x00000000ee100000|100%| E|CS|TAMS 0x00000000ee000000| PB 0x00000000ee000000| Complete 
| 225|0x00000000ee100000, 0x00000000ee200000, 0x00000000ee200000|100%| E|CS|TAMS 0x00000000ee100000| PB 0x00000000ee100000| Complete 
| 226|0x00000000ee200000, 0x00000000ee300000, 0x00000000ee300000|100%| E|CS|TAMS 0x00000000ee200000| PB 0x00000000ee200000| Complete 
| 227|0x00000000ee300000, 0x00000000ee400000, 0x00000000ee400000|100%| E|CS|TAMS 0x00000000ee300000| PB 0x00000000ee300000| Complete 
| 228|0x00000000ee400000, 0x00000000ee500000, 0x00000000ee500000|100%| E|CS|TAMS 0x00000000ee400000| PB 0x00000000ee400000| Complete 
| 229|0x00000000ee500000, 0x00000000ee600000, 0x00000000ee600000|100%| E|CS|TAMS 0x00000000ee500000| PB 0x00000000ee500000| Complete 
| 230|0x00000000ee600000, 0x00000000ee700000, 0x00000000ee700000|100%| E|CS|TAMS 0x00000000ee600000| PB 0x00000000ee600000| Complete 
| 231|0x00000000ee700000, 0x00000000ee800000, 0x00000000ee800000|100%| E|CS|TAMS 0x00000000ee700000| PB 0x00000000ee700000| Complete 
| 232|0x00000000ee800000, 0x00000000ee900000, 0x00000000ee900000|100%| E|CS|TAMS 0x00000000ee800000| PB 0x00000000ee800000| Complete 
| 233|0x00000000ee900000, 0x00000000eea00000, 0x00000000eea00000|100%| E|CS|TAMS 0x00000000ee900000| PB 0x00000000ee900000| Complete 
| 234|0x00000000eea00000, 0x00000000eeb00000, 0x00000000eeb00000|100%| E|CS|TAMS 0x00000000eea00000| PB 0x00000000eea00000| Complete 
| 235|0x00000000eeb00000, 0x00000000eec00000, 0x00000000eec00000|100%| E|CS|TAMS 0x00000000eeb00000| PB 0x00000000eeb00000| Complete 
| 236|0x00000000eec00000, 0x00000000eed00000, 0x00000000eed00000|100%| E|CS|TAMS 0x00000000eec00000| PB 0x00000000eec00000| Complete 
| 237|0x00000000eed00000, 0x00000000eee00000, 0x00000000eee00000|100%| E|CS|TAMS 0x00000000eed00000| PB 0x00000000eed00000| Complete 
| 238|0x00000000eee00000, 0x00000000eef00000, 0x00000000eef00000|100%| E|CS|TAMS 0x00000000eee00000| PB 0x00000000eee00000| Complete 
| 239|0x00000000eef00000, 0x00000000ef000000, 0x00000000ef000000|100%| E|CS|TAMS 0x00000000eef00000| PB 0x00000000eef00000| Complete 
| 240|0x00000000ef000000, 0x00000000ef100000, 0x00000000ef100000|100%| E|CS|TAMS 0x00000000ef000000| PB 0x00000000ef000000| Complete 
| 241|0x00000000ef100000, 0x00000000ef200000, 0x00000000ef200000|100%| E|CS|TAMS 0x00000000ef100000| PB 0x00000000ef100000| Complete 
| 242|0x00000000ef200000, 0x00000000ef300000, 0x00000000ef300000|100%| E|CS|TAMS 0x00000000ef200000| PB 0x00000000ef200000| Complete 
| 243|0x00000000ef300000, 0x00000000ef400000, 0x00000000ef400000|100%| E|CS|TAMS 0x00000000ef300000| PB 0x00000000ef300000| Complete 
| 244|0x00000000ef400000, 0x00000000ef500000, 0x00000000ef500000|100%| E|CS|TAMS 0x00000000ef400000| PB 0x00000000ef400000| Complete 
| 245|0x00000000ef500000, 0x00000000ef600000, 0x00000000ef600000|100%| E|CS|TAMS 0x00000000ef500000| PB 0x00000000ef500000| Complete 
| 246|0x00000000ef600000, 0x00000000ef700000, 0x00000000ef700000|100%| E|CS|TAMS 0x00000000ef600000| PB 0x00000000ef600000| Complete 
| 247|0x00000000ef700000, 0x00000000ef800000, 0x00000000ef800000|100%| E|CS|TAMS 0x00000000ef700000| PB 0x00000000ef700000| Complete 
| 248|0x00000000ef800000, 0x00000000ef900000, 0x00000000ef900000|100%| E|CS|TAMS 0x00000000ef800000| PB 0x00000000ef800000| Complete 
| 249|0x00000000ef900000, 0x00000000efa00000, 0x00000000efa00000|100%| E|CS|TAMS 0x00000000ef900000| PB 0x00000000ef900000| Complete 
| 250|0x00000000efa00000, 0x00000000efb00000, 0x00000000efb00000|100%| E|CS|TAMS 0x00000000efa00000| PB 0x00000000efa00000| Complete 
| 251|0x00000000efb00000, 0x00000000efc00000, 0x00000000efc00000|100%| E|CS|TAMS 0x00000000efb00000| PB 0x00000000efb00000| Complete 
| 252|0x00000000efc00000, 0x00000000efd00000, 0x00000000efd00000|100%| E|CS|TAMS 0x00000000efc00000| PB 0x00000000efc00000| Complete 
| 253|0x00000000efd00000, 0x00000000efe00000, 0x00000000efe00000|100%| E|CS|TAMS 0x00000000efd00000| PB 0x00000000efd00000| Complete 
| 254|0x00000000efe00000, 0x00000000eff00000, 0x00000000eff00000|100%| E|CS|TAMS 0x00000000efe00000| PB 0x00000000efe00000| Complete 
| 255|0x00000000eff00000, 0x00000000f0000000, 0x00000000f0000000|100%| E|CS|TAMS 0x00000000eff00000| PB 0x00000000eff00000| Complete 

Card table byte_map: [0x0000021f4bff0000,0x0000021f4c0f0000] _byte_map_base: 0x0000021f4b8f0000

Marking Bits: (CMBitMap*) 0x0000021f33e67c90
 Bits: [0x0000021f4c1f0000, 0x0000021f4c9f0000)

Polling page: 0x0000021f3bf10000

Metaspace:

Usage:
  Non-class:     38.20 MB used.
      Class:      6.40 MB used.
       Both:     44.61 MB used.

Virtual space:
  Non-class space:       64.00 MB reserved,      39.06 MB ( 61%) committed,  1 nodes.
      Class space:      308.00 MB reserved,       7.25 MB (  2%) committed,  1 nodes.
             Both:      372.00 MB reserved,      46.31 MB ( 12%) committed. 

Chunk freelists:
   Non-Class:  880.00 KB
       Class:  677.00 KB
        Both:  1.52 MB

MaxMetaspaceSize: 384.00 MB
CompressedClassSpaceSize: 308.00 MB
Initial GC threshold: 21.00 MB
Current GC threshold: 59.19 MB
CDS: on
MetaspaceReclaimPolicy: balanced
 - commit_granule_bytes: 65536.
 - commit_granule_words: 8192.
 - virtual_space_node_default_size: 8388608.
 - enlarge_chunks_in_place: 1.
 - new_chunks_are_fully_committed: 0.
 - uncommit_free_chunks: 1.
 - use_allocation_guard: 0.


Internal statistics:

num_allocs_failed_limit: 9.
num_arena_births: 2872.
num_arena_deaths: 0.
num_vsnodes_births: 2.
num_vsnodes_deaths: 0.
num_space_committed: 741.
num_space_uncommitted: 0.
num_chunks_returned_to_freelist: 9.
num_chunks_taken_from_freelist: 4989.
num_chunk_merges: 9.
num_chunk_splits: 3212.
num_chunks_enlarged: 1960.
num_inconsistent_stats: 0.

CodeHeap 'non-profiled nmethods': size=119168Kb used=2894Kb max_used=2894Kb free=116273Kb
 bounds [0x0000021f43ad0000, 0x0000021f43db0000, 0x0000021f4af30000]
CodeHeap 'profiled nmethods': size=119104Kb used=10075Kb max_used=10075Kb free=109028Kb
 bounds [0x0000021f3bf30000, 0x0000021f3c910000, 0x0000021f43380000]
CodeHeap 'non-nmethods': size=7488Kb used=2759Kb max_used=2779Kb free=4729Kb
 bounds [0x0000021f43380000, 0x0000021f43640000, 0x0000021f43ad0000]
 total_blobs=6017 nmethods=5179 adapters=748
 compilation: enabled
              stopped_count=0, restarted_count=0
 full_count=0

Compilation events (20 events):
Event: 53.121 Thread 0x0000021f6803a150 5644       3       java.lang.System::getProperty (25 bytes)
Event: 53.122 Thread 0x0000021f6803a150 nmethod 5644 0x0000021f3c8dd910 code [0x0000021f3c8ddb00, 0x0000021f3c8de0f0]
Event: 53.122 Thread 0x0000021f6803a150 5645       1       org.gradle.internal.operations.BuildOperationState::getStartTime (5 bytes)
Event: 53.122 Thread 0x0000021f6803a150 nmethod 5645 0x0000021f43da1610 code [0x0000021f43da1780, 0x0000021f43da1848]
Event: 53.122 Thread 0x0000021f6803a150 5646       1       org.gradle.internal.operations.DefaultBuildOperationRunner$DefaultBuildOperationContext::getFailure (5 bytes)
Event: 53.122 Thread 0x0000021f6803a150 nmethod 5646 0x0000021f43da1910 code [0x0000021f43da1a80, 0x0000021f43da1b48]
Event: 53.122 Thread 0x0000021f6803a150 5642       3       java.util.concurrent.locks.AbstractQueuedSynchronizer::acquire (20 bytes)
Event: 53.122 Thread 0x0000021f6803a150 nmethod 5642 0x0000021f3c8de310 code [0x0000021f3c8de4c0, 0x0000021f3c8de730]
Event: 53.122 Thread 0x0000021f6803a150 5641       1       org.gradle.internal.Try$Success::get (5 bytes)
Event: 53.122 Thread 0x0000021f6803a150 nmethod 5641 0x0000021f43da1c10 code [0x0000021f43da1d80, 0x0000021f43da1e48]
Event: 53.122 Thread 0x0000021f6803a150 5635       1       java.lang.ThreadLocal::initialValue (2 bytes)
Event: 53.122 Thread 0x0000021f6803a150 nmethod 5635 0x0000021f43da1f10 code [0x0000021f43da2080, 0x0000021f43da2150]
Event: 53.578 Thread 0x0000021f6803a150 5647       3       java.io.DataOutputStream::writeByte (14 bytes)
Event: 53.578 Thread 0x0000021f6803a150 nmethod 5647 0x0000021f3c8de810 code [0x0000021f3c8de9a0, 0x0000021f3c8dec20]
Event: 53.622 Thread 0x0000021f6803a150 5648       1       java.util.stream.FindOps$FindOp::getOpFlags (5 bytes)
Event: 53.622 Thread 0x0000021f6803a150 nmethod 5648 0x0000021f43da2210 code [0x0000021f43da2380, 0x0000021f43da2448]
Event: 53.671 Thread 0x0000021f6803a150 5649       3       java.io.DataOutputStream::<init> (19 bytes)
Event: 53.671 Thread 0x0000021f6803a150 nmethod 5649 0x0000021f3c8ded10 code [0x0000021f3c8deec0, 0x0000021f3c8df388]
Event: 53.671 Thread 0x0000021f6803a150 5650  s    1       java.net.DatagramPacket::getAddress (5 bytes)
Event: 53.671 Thread 0x0000021f6803a150 nmethod 5650 0x0000021f43da2510 code [0x0000021f43da26a0, 0x0000021f43da2828]

GC Heap History (16 events):
Event: 0.748 GC heap before
{Heap before GC invocations=0 (full 0):
 garbage-first heap   total 262144K, used 22528K [0x00000000e0000000, 0x0000000100000000)
  region size 1024K, 23 young (23552K), 0 survivors (0K)
 Metaspace       used 1061K, committed 1216K, reserved 380928K
  class space    used 75K, committed 128K, reserved 315392K
}
Event: 0.752 GC heap after
{Heap after GC invocations=1 (full 0):
 garbage-first heap   total 262144K, used 2255K [0x00000000e0000000, 0x0000000100000000)
  region size 1024K, 3 young (3072K), 3 survivors (3072K)
 Metaspace       used 1061K, committed 1216K, reserved 380928K
  class space    used 75K, committed 128K, reserved 315392K
}
Event: 2.088 GC heap before
{Heap before GC invocations=1 (full 0):
 garbage-first heap   total 262144K, used 41167K [0x00000000e0000000, 0x0000000100000000)
  region size 1024K, 39 young (39936K), 3 survivors (3072K)
 Metaspace       used 4388K, committed 4544K, reserved 380928K
  class space    used 538K, committed 640K, reserved 315392K
}
Event: 2.110 GC heap after
{Heap after GC invocations=2 (full 0):
 garbage-first heap   total 262144K, used 11280K [0x00000000e0000000, 0x0000000100000000)
  region size 1024K, 5 young (5120K), 5 survivors (5120K)
 Metaspace       used 4388K, committed 4544K, reserved 380928K
  class space    used 538K, committed 640K, reserved 315392K
}
Event: 3.338 GC heap before
{Heap before GC invocations=2 (full 0):
 garbage-first heap   total 262144K, used 59408K [0x00000000e0000000, 0x0000000100000000)
  region size 1024K, 50 young (51200K), 5 survivors (5120K)
 Metaspace       used 5564K, committed 5760K, reserved 380928K
  class space    used 736K, committed 832K, reserved 315392K
}
Event: 3.352 GC heap after
{Heap after GC invocations=3 (full 0):
 garbage-first heap   total 262144K, used 16876K [0x00000000e0000000, 0x0000000100000000)
  region size 1024K, 7 young (7168K), 7 survivors (7168K)
 Metaspace       used 5564K, committed 5760K, reserved 380928K
  class space    used 736K, committed 832K, reserved 315392K
}
Event: 9.580 GC heap before
{Heap before GC invocations=3 (full 0):
 garbage-first heap   total 262144K, used 103916K [0x00000000e0000000, 0x0000000100000000)
  region size 1024K, 93 young (95232K), 7 survivors (7168K)
 Metaspace       used 20878K, committed 21504K, reserved 380928K
  class space    used 2991K, committed 3328K, reserved 315392K
}
Event: 9.643 GC heap after
{Heap after GC invocations=4 (full 0):
 garbage-first heap   total 262144K, used 24349K [0x00000000e0000000, 0x0000000100000000)
  region size 1024K, 15 young (15360K), 15 survivors (15360K)
 Metaspace       used 20878K, committed 21504K, reserved 380928K
  class space    used 2991K, committed 3328K, reserved 315392K
}
Event: 30.508 GC heap before
{Heap before GC invocations=5 (full 0):
 garbage-first heap   total 262144K, used 141085K [0x00000000e0000000, 0x0000000100000000)
  region size 1024K, 118 young (120832K), 15 survivors (15360K)
 Metaspace       used 34865K, committed 35904K, reserved 380928K
  class space    used 4931K, committed 5440K, reserved 315392K
}
Event: 30.536 GC heap after
{Heap after GC invocations=6 (full 0):
 garbage-first heap   total 262144K, used 46781K [0x00000000e0000000, 0x0000000100000000)
  region size 1024K, 15 young (15360K), 15 survivors (15360K)
 Metaspace       used 34865K, committed 35904K, reserved 380928K
  class space    used 4931K, committed 5440K, reserved 315392K
}
Event: 30.956 GC heap before
{Heap before GC invocations=6 (full 0):
 garbage-first heap   total 262144K, used 59069K [0x00000000e0000000, 0x0000000100000000)
  region size 1024K, 28 young (28672K), 15 survivors (15360K)
 Metaspace       used 34921K, committed 35968K, reserved 380928K
  class space    used 4934K, committed 5440K, reserved 315392K
}
Event: 31.224 GC heap after
{Heap after GC invocations=7 (full 0):
 garbage-first heap   total 262144K, used 47008K [0x00000000e0000000, 0x0000000100000000)
  region size 1024K, 10 young (10240K), 10 survivors (10240K)
 Metaspace       used 34921K, committed 35968K, reserved 380928K
  class space    used 4934K, committed 5440K, reserved 315392K
}
Event: 33.310 GC heap before
{Heap before GC invocations=7 (full 0):
 garbage-first heap   total 262144K, used 50080K [0x00000000e0000000, 0x0000000100000000)
  region size 1024K, 14 young (14336K), 10 survivors (10240K)
 Metaspace       used 35242K, committed 36288K, reserved 380928K
  class space    used 4983K, committed 5504K, reserved 315392K
}
Event: 33.574 GC heap after
{Heap after GC invocations=8 (full 0):
 garbage-first heap   total 262144K, used 46915K [0x00000000e0000000, 0x0000000100000000)
  region size 1024K, 10 young (10240K), 10 survivors (10240K)
 Metaspace       used 35242K, committed 36288K, reserved 380928K
  class space    used 4983K, committed 5504K, reserved 315392K
}
Event: 42.318 GC heap before
{Heap before GC invocations=9 (full 0):
 garbage-first heap   total 262144K, used 78659K [0x00000000e0000000, 0x0000000100000000)
  region size 1024K, 36 young (36864K), 10 survivors (10240K)
 Metaspace       used 38488K, committed 39680K, reserved 380928K
  class space    used 5348K, committed 5952K, reserved 315392K
}
Event: 42.446 GC heap after
{Heap after GC invocations=10 (full 0):
 garbage-first heap   total 262144K, used 49345K [0x00000000e0000000, 0x0000000100000000)
  region size 1024K, 5 young (5120K), 5 survivors (5120K)
 Metaspace       used 38488K, committed 39680K, reserved 380928K
  class space    used 5348K, committed 5952K, reserved 315392K
}

Dll operation events (15 events):
Event: 0.018 Loaded shared library C:\Program Files\Java\jdk-20\bin\java.dll
Event: 0.051 Loaded shared library C:\Program Files\Java\jdk-20\bin\jsvml.dll
Event: 0.119 Loaded shared library C:\Program Files\Java\jdk-20\bin\zip.dll
Event: 0.122 Loaded shared library C:\Program Files\Java\jdk-20\bin\instrument.dll
Event: 0.127 Loaded shared library C:\Program Files\Java\jdk-20\bin\net.dll
Event: 0.129 Loaded shared library C:\Program Files\Java\jdk-20\bin\nio.dll
Event: 0.133 Loaded shared library C:\Program Files\Java\jdk-20\bin\zip.dll
Event: 0.659 Loaded shared library C:\Program Files\Java\jdk-20\bin\jimage.dll
Event: 0.952 Loaded shared library C:\Program Files\Java\jdk-20\bin\verify.dll
Event: 1.109 Loaded shared library C:\Users\Lenovo\.gradle\native\1def1411415f61bf3af743bc5b6707747c0891f09f0c88961ee8f79bc544acac\windows-amd64\native-platform.dll
Event: 1.137 Loaded shared library C:\Users\Lenovo\.gradle\native\0.2.7\x86_64-windows-gnu\gradle-fileevents.dll
Event: 3.487 Loaded shared library C:\Program Files\Java\jdk-20\bin\management.dll
Event: 3.504 Loaded shared library C:\Program Files\Java\jdk-20\bin\management_ext.dll
Event: 4.284 Loaded shared library C:\Program Files\Java\jdk-20\bin\extnet.dll
Event: 4.921 Loaded shared library C:\Program Files\Java\jdk-20\bin\sunmscapi.dll

Deoptimization events (20 events):
Event: 46.847 Thread 0x0000021f69d345b0 Uncommon trap: trap_request=0xffffff45 fr.pc=0x0000021f43b84ca4 relative=0x00000000000000a4
Event: 46.847 Thread 0x0000021f69d345b0 Uncommon trap: reason=unstable_if action=reinterpret pc=0x0000021f43b84ca4 method=java.lang.ref.ReferenceQueue.poll()Ljava/lang/ref/Reference; @ 4 c2
Event: 46.848 Thread 0x0000021f69d345b0 DEOPT PACKING pc=0x0000021f43b84ca4 sp=0x000000b2525f6310
Event: 46.848 Thread 0x0000021f69d345b0 DEOPT UNPACKING pc=0x0000021f433e9d22 sp=0x000000b2525f61f8 mode 2
Event: 47.908 Thread 0x0000021f69d345b0 Uncommon trap: trap_request=0xffffffde fr.pc=0x0000021f43c4c65c relative=0x00000000000002bc
Event: 47.908 Thread 0x0000021f69d345b0 Uncommon trap: reason=class_check action=maybe_recompile pc=0x0000021f43c4c65c method=java.util.Collections$SetFromMap.remove(Ljava/lang/Object;)Z @ 5 c2
Event: 47.908 Thread 0x0000021f69d345b0 DEOPT PACKING pc=0x0000021f43c4c65c sp=0x000000b2525f8160
Event: 47.908 Thread 0x0000021f69d345b0 DEOPT UNPACKING pc=0x0000021f433e9d22 sp=0x000000b2525f8148 mode 2
Event: 48.354 Thread 0x0000021f69d345b0 Uncommon trap: trap_request=0xffffffde fr.pc=0x0000021f43c4c65c relative=0x00000000000002bc
Event: 48.354 Thread 0x0000021f69d345b0 Uncommon trap: reason=class_check action=maybe_recompile pc=0x0000021f43c4c65c method=java.util.Collections$SetFromMap.remove(Ljava/lang/Object;)Z @ 5 c2
Event: 48.354 Thread 0x0000021f69d345b0 DEOPT PACKING pc=0x0000021f43c4c65c sp=0x000000b2525f82e0
Event: 48.354 Thread 0x0000021f69d345b0 DEOPT UNPACKING pc=0x0000021f433e9d22 sp=0x000000b2525f82c8 mode 2
Event: 52.822 Thread 0x0000021f69d345b0 Uncommon trap: trap_request=0xffffffde fr.pc=0x0000021f43c4c65c relative=0x00000000000002bc
Event: 52.822 Thread 0x0000021f69d345b0 Uncommon trap: reason=class_check action=maybe_recompile pc=0x0000021f43c4c65c method=java.util.Collections$SetFromMap.remove(Ljava/lang/Object;)Z @ 5 c2
Event: 52.822 Thread 0x0000021f69d345b0 DEOPT PACKING pc=0x0000021f43c4c65c sp=0x000000b2525f5bb0
Event: 52.822 Thread 0x0000021f69d345b0 DEOPT UNPACKING pc=0x0000021f433e9d22 sp=0x000000b2525f5b98 mode 2
Event: 53.114 Thread 0x0000021f6b553420 Uncommon trap: trap_request=0xffffff45 fr.pc=0x0000021f43c102d8 relative=0x0000000000000238
Event: 53.114 Thread 0x0000021f6b553420 Uncommon trap: reason=unstable_if action=reinterpret pc=0x0000021f43c102d8 method=java.util.concurrent.ConcurrentHashMap.get(Ljava/lang/Object;)Ljava/lang/Object; @ 86 c2
Event: 53.114 Thread 0x0000021f6b553420 DEOPT PACKING pc=0x0000021f43c102d8 sp=0x000000b255afe4b0
Event: 53.114 Thread 0x0000021f6b553420 DEOPT UNPACKING pc=0x0000021f433e9d22 sp=0x000000b255afe428 mode 2

Classes loaded (20 events):
Event: 46.795 Loading class java/util/PrimitiveIterator done
Event: 46.795 Loading class java/util/PrimitiveIterator$OfInt done
Event: 46.808 Loading class java/util/concurrent/RecursiveAction
Event: 46.809 Loading class java/util/concurrent/RecursiveAction done
Event: 47.832 Loading class java/io/DeleteOnExitHook
Event: 47.832 Loading class java/io/DeleteOnExitHook done
Event: 47.832 Loading class java/io/DeleteOnExitHook$1
Event: 47.833 Loading class java/io/DeleteOnExitHook$1 done
Event: 48.357 Loading class java/util/stream/DistinctOps
Event: 48.357 Loading class java/util/stream/DistinctOps done
Event: 48.357 Loading class java/util/stream/DistinctOps$1
Event: 48.358 Loading class java/util/stream/ReferencePipeline$StatefulOp
Event: 48.358 Loading class java/util/stream/ReferencePipeline$StatefulOp done
Event: 48.359 Loading class java/util/stream/DistinctOps$1 done
Event: 48.362 Loading class java/util/stream/DistinctOps$1$2
Event: 48.363 Loading class java/util/stream/DistinctOps$1$2 done
Event: 48.419 Loading class sun/reflect/ReflectionFactory
Event: 48.420 Loading class sun/reflect/ReflectionFactory done
Event: 48.420 Loading class sun/reflect/ReflectionFactory$1
Event: 48.420 Loading class sun/reflect/ReflectionFactory$1 done

Classes unloaded (0 events):
No events

Classes redefined (0 events):
No events

Internal exceptions (20 events):
Event: 46.363 Thread 0x0000021f69d345b0 Exception <a 'java/lang/NoSuchMethodError'{0x00000000edc700d8}: 'java.lang.Object java.lang.invoke.DirectMethodHandle$Holder.newInvokeSpecial(java.lang.Object, long)'> (0x00000000edc700d8) 
thrown [s\open\src\hotspot\share\interpreter\linkResolver.cpp, line 773]
Event: 46.378 Thread 0x0000021f69d345b0 Exception <a 'java/lang/NoSuchMethodError'{0x00000000edcd8dd0}: 'java.lang.Object java.lang.invoke.DirectMethodHandle$Holder.newInvokeSpecial(java.lang.Object, java.lang.Object, java.lang.Object, java.lang.Object, java.lang.Object, long, java.lang.Object)'> (0x00000000edcd8dd0) 
thrown [s\open\src\hotspot\share\interpreter\linkResolver.cpp, line 773]
Event: 46.379 Thread 0x0000021f69d345b0 Exception <a 'java/lang/NoSuchMethodError'{0x00000000edce1a08}: 'java.lang.Object java.lang.invoke.Invokers$Holder.linkToTargetMethod(java.lang.Object, java.lang.Object, java.lang.Object, java.lang.Object, long, java.lang.Object, java.lang.Object)'> (0x00000000edce1a08) 
thrown [s\open\src\hotspot\share\interpreter\linkResolver.cpp, line 773]
Event: 46.432 Thread 0x0000021f69d345b0 Exception <a 'java/lang/NoSuchMethodError'{0x00000000ed629240}: 'java.lang.Object java.lang.invoke.DirectMethodHandle$Holder.newInvokeSpecial(java.lang.Object, java.lang.Object, java.lang.Object, long, java.lang.Object)'> (0x00000000ed629240) 
thrown [s\open\src\hotspot\share\interpreter\linkResolver.cpp, line 773]
Event: 46.433 Thread 0x0000021f69d345b0 Exception <a 'java/lang/NoSuchMethodError'{0x00000000ed62e348}: 'java.lang.Object java.lang.invoke.DirectMethodHandle$Holder.invokeSpecial(java.lang.Object, java.lang.Object, java.lang.Object, java.lang.Object, long, java.lang.Object)'> (0x00000000ed62e348) 
thrown [s\open\src\hotspot\share\interpreter\linkResolver.cpp, line 773]
Event: 46.433 Thread 0x0000021f69d345b0 Exception <a 'java/lang/NoSuchMethodError'{0x00000000ed632b20}: 'java.lang.Object java.lang.invoke.Invokers$Holder.linkToTargetMethod(java.lang.Object, java.lang.Object, long, java.lang.Object, java.lang.Object)'> (0x00000000ed632b20) 
thrown [s\open\src\hotspot\share\interpreter\linkResolver.cpp, line 773]
Event: 46.558 Thread 0x0000021f69d345b0 Exception <a 'java/lang/NoSuchMethodError'{0x00000000ed499ba8}: 'java.lang.Object java.lang.invoke.DirectMethodHandle$Holder.newInvokeSpecial(java.lang.Object, java.lang.Object, java.lang.Object, java.lang.Object, java.lang.Object, java.lang.Object, java.lang.Object, java.lang.Object, java.lang.Object, java.lang.Object, java.lang.Object, java.lang.Object, java.lang.Object, java.lang.Object, java.lang.Object, java.lang.Object, java.lang.Object, java.lang.Object, java.lang.Object, java.lang.Object, java.lang
Event: 46.774 Thread 0x0000021f69d345b0 Implicit null exception at 0x0000021f43d03d5c to 0x0000021f43d03e04
Event: 46.835 Thread 0x0000021f69d345b0 Exception <a 'java/lang/ClassNotFoundException'{0x00000000ed0b4858}: org/gradle/api/internal/artifacts/dsl/dependencies/DefaultDependencyHandler_DecoratedBeanInfo> (0x00000000ed0b4858) 
thrown [s\open\src\hotspot\share\classfile\systemDictionary.cpp, line 305]
Event: 46.840 Thread 0x0000021f69d345b0 Exception <a 'java/lang/ClassNotFoundException'{0x00000000ed0ca388}: org/gradle/api/internal/artifacts/dsl/dependencies/DefaultDependencyHandlerBeanInfo> (0x00000000ed0ca388) 
thrown [s\open\src\hotspot\share\classfile\systemDictionary.cpp, line 305]
Event: 46.846 Thread 0x0000021f69d345b0 Exception <a 'java/lang/ClassNotFoundException'{0x00000000ed0dfee0}: org/gradle/api/internal/artifacts/dsl/dependencies/DefaultDependencyHandlerCustomizer> (0x00000000ed0dfee0) 
thrown [s\open\src\hotspot\share\classfile\systemDictionary.cpp, line 305]
Event: 46.873 Thread 0x0000021f69d345b0 Exception <a 'java/lang/ClassNotFoundException'{0x00000000ecf20828}: org/gradle/api/internal/artifacts/dsl/dependencies/DefaultDependencyHandler_DecoratedCustomizer> (0x00000000ecf20828) 
thrown [s\open\src\hotspot\share\classfile\systemDictionary.cpp, line 305]
Event: 46.908 Thread 0x0000021f69d345b0 Exception <a 'java/lang/ClassNotFoundException'{0x00000000ecf5f4b8}: ijInit2_1arbuanx2ljt36i3dawmbi218$_run_closure1BeanInfo> (0x00000000ecf5f4b8) 
thrown [s\open\src\hotspot\share\classfile\systemDictionary.cpp, line 305]
Event: 46.910 Thread 0x0000021f69d345b0 Exception <a 'java/lang/ClassNotFoundException'{0x00000000ecf67090}: ijInit2_1arbuanx2ljt36i3dawmbi218$_run_closure1Customizer> (0x00000000ecf67090) 
thrown [s\open\src\hotspot\share\classfile\systemDictionary.cpp, line 305]
Event: 47.025 Thread 0x0000021f69d345b0 Exception <a 'java/lang/NoSuchMethodError'{0x00000000ecd4dc08}: 'java.lang.Object java.lang.invoke.DirectMethodHandle$Holder.newInvokeSpecial(java.lang.Object, int, java.lang.Object)'> (0x00000000ecd4dc08) 
thrown [s\open\src\hotspot\share\interpreter\linkResolver.cpp, line 773]
Event: 47.581 Thread 0x0000021f69d345b0 Exception <a 'java/lang/NoSuchMethodError'{0x00000000ec422458}: 'java.lang.Object java.lang.invoke.DirectMethodHandle$Holder.invokeSpecial(java.lang.Object, java.lang.Object, long, java.lang.Object, java.lang.Object)'> (0x00000000ec422458) 
thrown [s\open\src\hotspot\share\interpreter\linkResolver.cpp, line 773]
Event: 48.334 Thread 0x0000021f69d345b0 Exception <a 'java/lang/NoSuchMethodError'{0x00000000ec047420}: 'int java.lang.invoke.DirectMethodHandle$Holder.invokeInterface(java.lang.Object, java.lang.Object, java.lang.Object, java.lang.Object, java.lang.Object)'> (0x00000000ec047420) 
thrown [s\open\src\hotspot\share\interpreter\linkResolver.cpp, line 773]
Event: 48.436 Thread 0x0000021f69d345b0 Exception <a 'java/lang/NoSuchMethodError'{0x00000000ebf82c80}: 'java.lang.Object java.lang.invoke.DirectMethodHandle$Holder.newInvokeSpecial(java.lang.Object, java.lang.Object, java.lang.Object, java.lang.Object, int, java.lang.Object)'> (0x00000000ebf82c80) 
thrown [s\open\src\hotspot\share\interpreter\linkResolver.cpp, line 773]
Event: 48.437 Thread 0x0000021f69d345b0 Exception <a 'java/lang/NoSuchMethodError'{0x00000000ebf8b4c0}: 'java.lang.Object java.lang.invoke.Invokers$Holder.linkToTargetMethod(java.lang.Object, java.lang.Object, java.lang.Object, int, java.lang.Object, java.lang.Object)'> (0x00000000ebf8b4c0) 
thrown [s\open\src\hotspot\share\interpreter\linkResolver.cpp, line 773]
Event: 53.105 Thread 0x0000021f69d345b0 Exception <a 'java/lang/NoSuchMethodError'{0x00000000eb8fa698}: 'java.lang.Object java.lang.invoke.DirectMethodHandle$Holder.invokeSpecialIFC(java.lang.Object, java.lang.Object, java.lang.Object)'> (0x00000000eb8fa698) 
thrown [s\open\src\hotspot\share\interpreter\linkResolver.cpp, line 773]

VM Operations (20 events):
Event: 45.467 Executing VM operation: Cleanup
Event: 45.468 Executing VM operation: Cleanup done
Event: 46.036 Executing VM operation: HandshakeAllThreads
Event: 46.036 Executing VM operation: HandshakeAllThreads done
Event: 46.259 Executing VM operation: HandshakeAllThreads
Event: 46.260 Executing VM operation: HandshakeAllThreads done
Event: 47.266 Executing VM operation: Cleanup
Event: 47.282 Executing VM operation: Cleanup done
Event: 47.493 Executing VM operation: HandshakeAllThreads
Event: 47.493 Executing VM operation: HandshakeAllThreads done
Event: 48.361 Executing VM operation: HandshakeAllThreads
Event: 48.361 Executing VM operation: HandshakeAllThreads done
Event: 48.361 Executing VM operation: Cleanup
Event: 48.362 Executing VM operation: Cleanup done
Event: 49.365 Executing VM operation: Cleanup
Event: 49.365 Executing VM operation: Cleanup done
Event: 51.380 Executing VM operation: Cleanup
Event: 51.403 Executing VM operation: Cleanup done
Event: 53.418 Executing VM operation: Cleanup
Event: 53.418 Executing VM operation: Cleanup done

Events (20 events):
Event: 48.542 Thread 0x0000021f6b54e470 Thread added: 0x0000021f6b54e470
Event: 48.543 Thread 0x0000021f6b552430 Thread added: 0x0000021f6b552430
Event: 48.544 Thread 0x0000021f6b54e9c0 Thread added: 0x0000021f6b54e9c0
Event: 48.546 Thread 0x0000021f6b552980 Thread added: 0x0000021f6b552980
Event: 48.547 Thread 0x0000021f6b54ef10 Thread added: 0x0000021f6b54ef10
Event: 48.548 Thread 0x0000021f6b554960 Thread added: 0x0000021f6b554960
Event: 48.549 Thread 0x0000021f6b553970 Thread added: 0x0000021f6b553970
Event: 48.549 Thread 0x0000021f6b554eb0 Thread added: 0x0000021f6b554eb0
Event: 48.550 Thread 0x0000021f6b554410 Thread added: 0x0000021f6b554410
Event: 53.110 Thread 0x0000021f6b552ed0 Thread added: 0x0000021f6b552ed0
Event: 53.113 Thread 0x0000021f6b553420 Thread added: 0x0000021f6b553420
Event: 53.114 Thread 0x0000021f6b553ec0 Thread added: 0x0000021f6b553ec0
Event: 53.114 Thread 0x0000021f6b555400 Thread added: 0x0000021f6b555400
Event: 53.115 Thread 0x0000021f6b555950 Thread added: 0x0000021f6b555950
Event: 53.115 Thread 0x0000021f6b555ea0 Thread added: 0x0000021f6b555ea0
Event: 53.116 Thread 0x0000021f6bbc79b0 Thread added: 0x0000021f6bbc79b0
Event: 53.117 Thread 0x0000021f6bbc9990 Thread added: 0x0000021f6bbc9990
Event: 53.117 Thread 0x0000021f6bbc9440 Thread added: 0x0000021f6bbc9440
Event: 53.118 Thread 0x0000021f6bbc7460 Thread added: 0x0000021f6bbc7460
Event: 53.119 Thread 0x0000021f6bbca430 Thread added: 0x0000021f6bbca430


Dynamic libraries:
0x00007ff690aa0000 - 0x00007ff690ab0000 	C:\Program Files\Java\jdk-20\bin\java.exe
0x00007ffb566a0000 - 0x00007ffb56900000 	C:\WINDOWS\SYSTEM32\ntdll.dll
0x00007ffb55f60000 - 0x00007ffb56027000 	C:\WINDOWS\System32\KERNEL32.DLL
0x00007ffb53e10000 - 0x00007ffb541da000 	C:\WINDOWS\System32\KERNELBASE.dll
0x00007ffb53ac0000 - 0x00007ffb53c0b000 	C:\WINDOWS\System32\ucrtbase.dll
0x00007ffb40770000 - 0x00007ffb4078b000 	C:\Program Files\Java\jdk-20\bin\VCRUNTIME140.dll
0x00007ffb40390000 - 0x00007ffb403a9000 	C:\Program Files\Java\jdk-20\bin\jli.dll
0x00007ffb54cf0000 - 0x00007ffb54da2000 	C:\WINDOWS\System32\ADVAPI32.dll
0x00007ffb56030000 - 0x00007ffb560d9000 	C:\WINDOWS\System32\msvcrt.dll
0x00007ffb565a0000 - 0x00007ffb56646000 	C:\WINDOWS\System32\sechost.dll
0x00007ffb55920000 - 0x00007ffb55a36000 	C:\WINDOWS\System32\RPCRT4.dll
0x00007ffb56340000 - 0x00007ffb5650c000 	C:\WINDOWS\System32\USER32.dll
0x00007ffb539d0000 - 0x00007ffb539f7000 	C:\WINDOWS\System32\win32u.dll
0x00007ffb3ce80000 - 0x00007ffb3d117000 	C:\WINDOWS\WinSxS\amd64_microsoft.windows.common-controls_6595b64144ccf1df_6.0.26100.3624_none_3e086962e3345f24\COMCTL32.dll
0x00007ffb55d40000 - 0x00007ffb55d6a000 	C:\WINDOWS\System32\GDI32.dll
0x00007ffb541e0000 - 0x00007ffb54311000 	C:\WINDOWS\System32\gdi32full.dll
0x00007ffb53880000 - 0x00007ffb53923000 	C:\WINDOWS\System32\msvcp_win.dll
0x00007ffb4b440000 - 0x00007ffb4b44b000 	C:\WINDOWS\SYSTEM32\VERSION.dll
0x00007ffb54ea0000 - 0x00007ffb54ecf000 	C:\WINDOWS\System32\IMM32.DLL
0x00007ffb4e700000 - 0x00007ffb4e70c000 	C:\Program Files\Java\jdk-20\bin\vcruntime140_1.dll
0x00007ffb2cb70000 - 0x00007ffb2cbfe000 	C:\Program Files\Java\jdk-20\bin\msvcp140.dll
0x00007ffac1240000 - 0x00007ffac1ed8000 	C:\Program Files\Java\jdk-20\bin\server\jvm.dll
0x00007ffb008a0000 - 0x00007ffb008aa000 	C:\WINDOWS\SYSTEM32\WSOCK32.dll
0x00007ffb4b400000 - 0x00007ffb4b436000 	C:\WINDOWS\SYSTEM32\WINMM.dll
0x00007ffb54ee0000 - 0x00007ffb54f54000 	C:\WINDOWS\System32\WS2_32.dll
0x00007ffb52790000 - 0x00007ffb527aa000 	C:\WINDOWS\SYSTEM32\kernel.appcore.dll
0x00007ffb40380000 - 0x00007ffb4038a000 	C:\Program Files\Java\jdk-20\bin\jimage.dll
0x00007ffb50f50000 - 0x00007ffb51191000 	C:\WINDOWS\SYSTEM32\DBGHELP.DLL
0x00007ffb54960000 - 0x00007ffb54ce2000 	C:\WINDOWS\System32\combase.dll
0x00007ffb54db0000 - 0x00007ffb54e86000 	C:\WINDOWS\System32\OLEAUT32.dll
0x00007ffb39910000 - 0x00007ffb39949000 	C:\WINDOWS\SYSTEM32\dbgcore.DLL
0x00007ffb53930000 - 0x00007ffb539c9000 	C:\WINDOWS\System32\bcryptPrimitives.dll
0x00007ffb40370000 - 0x00007ffb4037e000 	C:\Program Files\Java\jdk-20\bin\instrument.dll
0x00007ffb2cb40000 - 0x00007ffb2cb66000 	C:\Program Files\Java\jdk-20\bin\java.dll
0x00007ffaf6050000 - 0x00007ffaf6127000 	C:\Program Files\Java\jdk-20\bin\jsvml.dll
0x00007ffb54fb0000 - 0x00007ffb556d9000 	C:\WINDOWS\System32\SHELL32.dll
0x00007ffb53ca0000 - 0x00007ffb53e08000 	C:\WINDOWS\System32\wintypes.dll
0x00007ffb51520000 - 0x00007ffb51d72000 	C:\WINDOWS\SYSTEM32\windows.storage.dll
0x00007ffb56180000 - 0x00007ffb5626d000 	C:\WINDOWS\System32\SHCORE.dll
0x00007ffb55ef0000 - 0x00007ffb55f54000 	C:\WINDOWS\System32\shlwapi.dll
0x00007ffb53790000 - 0x00007ffb537bf000 	C:\WINDOWS\SYSTEM32\profapi.dll
0x00007ffb3ea20000 - 0x00007ffb3ea38000 	C:\Program Files\Java\jdk-20\bin\zip.dll
0x00007ffb3c9a0000 - 0x00007ffb3c9b3000 	C:\Program Files\Java\jdk-20\bin\net.dll
0x00007ffb4c600000 - 0x00007ffb4c71d000 	C:\WINDOWS\SYSTEM32\WINHTTP.dll
0x00007ffb52cd0000 - 0x00007ffb52d3a000 	C:\WINDOWS\system32\mswsock.dll
0x00007ffb34ef0000 - 0x00007ffb34f06000 	C:\Program Files\Java\jdk-20\bin\nio.dll
0x00007ffb40360000 - 0x00007ffb40370000 	C:\Program Files\Java\jdk-20\bin\verify.dll
0x00007ffb407c0000 - 0x00007ffb407e7000 	C:\Users\Lenovo\.gradle\native\1def1411415f61bf3af743bc5b6707747c0891f09f0c88961ee8f79bc544acac\windows-amd64\native-platform.dll
0x00007ffb3c840000 - 0x00007ffb3c8b8000 	C:\Users\Lenovo\.gradle\native\0.2.7\x86_64-windows-gnu\gradle-fileevents.dll
0x00007ffb39b50000 - 0x00007ffb39b5a000 	C:\Program Files\Java\jdk-20\bin\management.dll
0x00007ffb34f40000 - 0x00007ffb34f4b000 	C:\Program Files\Java\jdk-20\bin\management_ext.dll
0x00007ffb56650000 - 0x00007ffb56658000 	C:\WINDOWS\System32\PSAPI.DLL
0x00007ffb52150000 - 0x00007ffb52183000 	C:\WINDOWS\SYSTEM32\IPHLPAPI.DLL
0x00007ffb56170000 - 0x00007ffb5617a000 	C:\WINDOWS\System32\NSI.dll
0x00007ffb4c5d0000 - 0x00007ffb4c5ef000 	C:\WINDOWS\SYSTEM32\dhcpcsvc6.DLL
0x00007ffb4c5a0000 - 0x00007ffb4c5c5000 	C:\WINDOWS\SYSTEM32\dhcpcsvc.DLL
0x00007ffb521f0000 - 0x00007ffb52315000 	C:\WINDOWS\SYSTEM32\DNSAPI.dll
0x00007ffb33620000 - 0x00007ffb33627000 	C:\Program Files\Java\jdk-20\bin\extnet.dll
0x00007ffb52f70000 - 0x00007ffb52f8c000 	C:\WINDOWS\SYSTEM32\CRYPTSP.dll
0x00007ffb526f0000 - 0x00007ffb5272a000 	C:\WINDOWS\system32\rsaenh.dll
0x00007ffb52d70000 - 0x00007ffb52d9b000 	C:\WINDOWS\SYSTEM32\USERENV.dll
0x00007ffb53760000 - 0x00007ffb53786000 	C:\WINDOWS\SYSTEM32\bcrypt.dll
0x00007ffb52f90000 - 0x00007ffb52f9c000 	C:\WINDOWS\SYSTEM32\CRYPTBASE.dll
0x00007ffb2f660000 - 0x00007ffb2f66e000 	C:\Program Files\Java\jdk-20\bin\sunmscapi.dll
0x00007ffb54320000 - 0x00007ffb54497000 	C:\WINDOWS\System32\CRYPT32.dll
0x00007ffb53170000 - 0x00007ffb531a0000 	C:\WINDOWS\SYSTEM32\ncrypt.dll
0x00007ffb53120000 - 0x00007ffb5315f000 	C:\WINDOWS\SYSTEM32\NTASN1.dll
0x00007ffb4dad0000 - 0x00007ffb4dad8000 	C:\WINDOWS\system32\wshunix.dll

dbghelp: loaded successfully - version: 4.0.5 - missing functions: none
symbol engine: initialized successfully - sym options: 0x614 - pdb path: .;C:\Program Files\Java\jdk-20\bin;C:\WINDOWS\SYSTEM32;C:\WINDOWS\WinSxS\amd64_microsoft.windows.common-controls_6595b64144ccf1df_6.0.26100.3624_none_3e086962e3345f24;C:\Program Files\Java\jdk-20\bin\server;C:\Users\Lenovo\.gradle\native\1def1411415f61bf3af743bc5b6707747c0891f09f0c88961ee8f79bc544acac\windows-amd64;C:\Users\Lenovo\.gradle\native\0.2.7\x86_64-windows-gnu

VM Arguments:
jvm_args: --add-opens=java.base/java.lang=ALL-UNNAMED --add-opens=java.base/java.lang.invoke=ALL-UNNAMED --add-opens=java.base/java.util=ALL-UNNAMED --add-opens=java.prefs/java.util.prefs=ALL-UNNAMED --add-exports=jdk.compiler/com.sun.tools.javac.api=ALL-UNNAMED --add-exports=jdk.compiler/com.sun.tools.javac.util=ALL-UNNAMED --add-opens=java.base/java.util=ALL-UNNAMED --add-opens=java.prefs/java.util.prefs=ALL-UNNAMED --add-opens=java.base/java.nio.charset=ALL-UNNAMED --add-opens=java.base/java.net=ALL-UNNAMED --add-opens=java.base/java.util.concurrent.atomic=ALL-UNNAMED --add-opens=java.xml/javax.xml.namespace=ALL-UNNAMED -XX:MaxMetaspaceSize=384m -XX:+HeapDumpOnOutOfMemoryError -Xms256m -Xmx512m -Dfile.encoding=UTF-8 -Duser.country=US -Duser.language=en -Duser.variant -javaagent:C:\Users\Lenovo\.gradle\wrapper\dists\gradle-8.13-bin\5xuhj0ry160q40clulazy9h7d\gradle-8.13\lib\agents\gradle-instrumentation-agent-8.13.jar 
java_command: org.gradle.launcher.daemon.bootstrap.GradleDaemon 8.13
java_class_path (initial): C:\Users\Lenovo\.gradle\wrapper\dists\gradle-8.13-bin\5xuhj0ry160q40clulazy9h7d\gradle-8.13\lib\gradle-daemon-main-8.13.jar
Launcher Type: SUN_STANDARD

[Global flags]
     intx CICompilerCount                          = 12                                        {product} {ergonomic}
   size_t CompressedClassSpaceSize                 = 322961408                                 {product} {ergonomic}
     uint ConcGCThreads                            = 3                                         {product} {ergonomic}
     uint G1ConcRefinementThreads                  = 13                                        {product} {ergonomic}
   size_t G1HeapRegionSize                         = 1048576                                   {product} {ergonomic}
    uintx GCDrainStackTargetSize                   = 64                                        {product} {ergonomic}
     bool HeapDumpOnOutOfMemoryError               = true                                   {manageable} {command line}
   size_t InitialHeapSize                          = 268435456                                 {product} {command line}
   size_t MarkStackSize                            = 4194304                                   {product} {ergonomic}
   size_t MaxHeapSize                              = 536870912                                 {product} {command line}
   size_t MaxMetaspaceSize                         = 402653184                                 {product} {command line}
   size_t MaxNewSize                               = 321912832                                 {product} {ergonomic}
   size_t MinHeapDeltaBytes                        = 1048576                                   {product} {ergonomic}
   size_t MinHeapSize                              = 268435456                                 {product} {command line}
    uintx NonNMethodCodeHeapSize                   = 7602480                                {pd product} {ergonomic}
    uintx NonProfiledCodeHeapSize                  = 122027880                              {pd product} {ergonomic}
    uintx ProfiledCodeHeapSize                     = 122027880                              {pd product} {ergonomic}
    uintx ReservedCodeCacheSize                    = 251658240                              {pd product} {ergonomic}
     bool SegmentedCodeCache                       = true                                      {product} {ergonomic}
   size_t SoftMaxHeapSize                          = 536870912                              {manageable} {ergonomic}
     bool UseCompressedClassPointers               = true                           {product lp64_product} {ergonomic}
     bool UseCompressedOops                        = true                           {product lp64_product} {ergonomic}
     bool UseG1GC                                  = true                                      {product} {ergonomic}
     bool UseLargePagesIndividualAllocation        = false                                  {pd product} {ergonomic}

Logging:
Log output configuration:
 #0: stdout all=warning uptime,level,tags foldmultilines=false
 #1: stderr all=off uptime,level,tags foldmultilines=false

Environment Variables:
JAVA_HOME=C:\Program Files\Java\jdk-21
PATH=C:\Program Files\Common Files\Oracle\Java\javapath;C:\MinGW\bin;C:\Program Files (x86)\VMware\VMware Workstation\bin\;C:\Windows\system32;C:\Windows;C:\Windows\System32\Wbem;C:\Windows\System32\WindowsPowerShell\v1.0\;C:\Windows\System32\OpenSSH\;C:\Program Files (x86)\NVIDIA Corporation\PhysX\Common;C:\Program Files\Microsoft VS Code\bin;C:\Program Files\Git\cmd;C:\Program Files\NVIDIA Corporation\NVIDIA NvDLISR;C:\Program Files\Microsoft SQL Server\150\Tools\Binn\;C:\Program Files\Microsoft SQL Server\Client SDK\ODBC\170\Tools\Binn\;C:\Program Files\dotnet\;C:\Program Files (x86)\Microsoft SQL Server\160\Tools\Binn\;C:\Program Files\Microsoft SQL Server\160\Tools\Binn\;C:\Program Files\Microsoft SQL Server\160\DTS\Binn\;C:\Program Files (x86)\Microsoft SQL Server\160\DTS\Binn\;C:\Program Files\Azure Data Studio\bin;C:\WINDOWS\system32;C:\WINDOWS;C:\WINDOWS\System32\Wbem;C:\WINDOWS\System32\WindowsPowerShell\v1.0\;C:\MinGW\mingw32;C:\WINDOWS\System32\OpenSSH\;C:\Program Files\nodejs\;C:\Program Files\Apache\apache-maven-3.9.9\bin;C:\Program Files\Docker\Docker\resources\bin;C:\Program Files\Java\jdk-21\bin;C:\Program Files\Java\jdk-21\bin;C:\Users\Lenovo\AppData\Local\Microsoft\WindowsApps;C:\Users\Lenovo\AppData\Local\GitHubDesktop\bin;C:\Users\Lenovo\.dotnet\tools;C:\Program Files\Azure Data Studio\bin;C:\Users\Lenovo\AppData\Roaming\npm;C:\Program Files\Java\jdk-21\bin;
USERNAME=Lenovo
OS=Windows_NT
PROCESSOR_IDENTIFIER=AMD64 Family 25 Model 80 Stepping 0, AuthenticAMD
TMP=C:\Users\Lenovo\AppData\Local\Temp
TEMP=C:\Users\Lenovo\AppData\Local\Temp




---------------  S Y S T E M  ---------------

OS:
 Windows 11 , 64 bit Build 26100 (10.0.26100.3775)
OS uptime: 0 days 5:06 hours
Hyper-V role detected

CPU: total 16 (initial active 16) (16 cores per cpu, 2 threads per core) family 25 model 80 stepping 0 microcode 0xa50000f, cx8, cmov, fxsr, ht, mmx, 3dnowpref, sse, sse2, sse3, ssse3, sse4a, sse4.1, sse4.2, popcnt, lzcnt, tsc, tscinvbit, avx, avx2, aes, erms, clmul, bmi1, bmi2, adx, sha, fma, vzeroupper, clflush, clflushopt, hv, rdtscp, rdpid, fsrm, f16c, cet_ss

Memory: 4k page, system-wide physical 5996M (1M free)
TotalPageFile size 24428M (AvailPageFile size 20M)
current process WorkingSet (physical memory assigned to process): 39M, peak: 201M
current process commit charge ("private bytes"): 466M, peak: 467M

vm_info: Java HotSpot(TM) 64-Bit Server VM (20.0.2+9-78) for windows-amd64 JRE (20.0.2+9-78), built on 2023-06-14T10:08:48Z by "mach5one" with MS VC++ 17.1 (VS2022)

END.
