#
# There is insufficient memory for the Java Runtime Environment to continue.
# Native memory allocation (malloc) failed to allocate 633088 bytes for Chunk::new
# Possible reasons:
#   The system is out of physical RAM or swap space
#   The process is running with CompressedOops enabled, and the Java Heap may be blocking the growth of the native heap
# Possible solutions:
#   Reduce memory load on the system
#   Increase physical memory or swap space
#   Check if swap backing store is full
#   Decrease Java heap size (-Xmx/-Xms)
#   Decrease number of Java threads
#   Decrease Java thread stack sizes (-Xss)
#   Set larger code cache with -XX:ReservedCodeCacheSize=
#   JVM is running with Unscaled Compressed Oops mode in which the Java heap is
#     placed in the first 4GB address space. The Java Heap base address is the
#     maximum limit for the native heap growth. Please use -XX:HeapBaseMinAddress
#     to set the Java Heap base and to place the Java Heap above 4GB virtual address.
# This output file may be truncated or incomplete.
#
#  Out of Memory Error (arena.cpp:184), pid=29180, tid=28784
#
# JRE version: Java(TM) SE Runtime Environment (20.0.2+9) (build 20.0.2+9-78)
# Java VM: Java HotSpot(TM) 64-Bit Server VM (20.0.2+9-78, mixed mode, sharing, tiered, compressed oops, compressed class ptrs, g1 gc, windows-amd64)
# No core dump will be written. Minidumps are not enabled by default on client versions of Windows
#

---------------  S U M M A R Y ------------

Command Line: --add-opens=java.base/java.lang=ALL-UNNAMED --add-opens=java.base/java.lang.invoke=ALL-UNNAMED --add-opens=java.base/java.util=ALL-UNNAMED --add-opens=java.prefs/java.util.prefs=ALL-UNNAMED --add-exports=jdk.compiler/com.sun.tools.javac.api=ALL-UNNAMED --add-exports=jdk.compiler/com.sun.tools.javac.util=ALL-UNNAMED --add-opens=java.base/java.util=ALL-UNNAMED --add-opens=java.prefs/java.util.prefs=ALL-UNNAMED --add-opens=java.base/java.nio.charset=ALL-UNNAMED --add-opens=java.base/java.net=ALL-UNNAMED --add-opens=java.base/java.util.concurrent.atomic=ALL-UNNAMED --add-opens=java.xml/javax.xml.namespace=ALL-UNNAMED -XX:MaxMetaspaceSize=384m -XX:+HeapDumpOnOutOfMemoryError -Xms256m -Xmx512m -Dfile.encoding=UTF-8 -Duser.country=US -Duser.language=en -Duser.variant -javaagent:C:\Users\Lenovo\.gradle\wrapper\dists\gradle-8.12.1-bin\eumc4uhoysa37zql93vfjkxy0\gradle-8.12.1\lib\agents\gradle-instrumentation-agent-8.12.1.jar org.gradle.launcher.daemon.bootstrap.GradleDaemon 8.12.1

Host: AMD Ryzen 7 5800H with Radeon Graphics         , 16 cores, 5G,  Windows 11 , 64 bit Build 26100 (10.0.26100.3775)
Time: Wed Apr 16 19:22:37 2025 SE Asia Standard Time elapsed time: 10.038930 seconds (0d 0h 0m 10s)

---------------  T H R E A D  ---------------

Current thread (0x000001d3ff1ac110):  JavaThread "C2 CompilerThread0" daemon [_thread_in_native, id=28784, stack(0x000000ca04a00000,0x000000ca04b00000)]


Current CompileTask:
C2:  10039 2734       4       jdk.internal.org.objectweb.asm.Frame::execute (2305 bytes)

Stack: [0x000000ca04a00000,0x000000ca04b00000]
Native frames: (J=compiled Java code, j=interpreted, Vv=VM code, C=native code)
V  [jvm.dll+0x6bc25a]
V  [jvm.dll+0x84971a]
V  [jvm.dll+0x84b315]
V  [jvm.dll+0x84ba13]
V  [jvm.dll+0x280e4f]
V  [jvm.dll+0xc2ab1]
V  [jvm.dll+0xc2dd5]
V  [jvm.dll+0x3bb64c]
V  [jvm.dll+0x385b75]
V  [jvm.dll+0x384fea]
V  [jvm.dll+0x24b529]
V  [jvm.dll+0x24a921]
V  [jvm.dll+0x1ce761]
V  [jvm.dll+0x25a0eb]
V  [jvm.dll+0x2587c0]
V  [jvm.dll+0x3f2dd5]
V  [jvm.dll+0x7f5c76]
V  [jvm.dll+0x6baecb]
C  [ucrtbase.dll+0x37b0]
C  [KERNEL32.DLL+0x2e8d7]
C  [ntdll.dll+0xb14fc]


---------------  P R O C E S S  ---------------

Threads class SMR info:
_java_thread_list=0x000001d3a8520f30, length=21, elements={
0x000001d3f24f4820, 0x000001d3ff1a40e0, 0x000001d3ff1a4630, 0x000001d3ff1a7440,
0x000001d3ff1a80e0, 0x000001d3ff1a8a20, 0x000001d3ff1ab4a0, 0x000001d3ff1ac110,
0x000001d3ff1c8af0, 0x000001d3ff2bdde0, 0x000001d3ff412fd0, 0x000001d3a82126a0,
0x000001d3a847b040, 0x000001d3a86c5bf0, 0x000001d3a8582ad0, 0x000001d3a8598a70,
0x000001d3a866d0b0, 0x000001d3a866eb40, 0x000001d3a86705d0, 0x000001d3a8670080,
0x000001d3a866f090
}

Java Threads: ( => current thread )
  0x000001d3f24f4820 JavaThread "main" [_thread_blocked, id=16752, stack(0x000000ca03d00000,0x000000ca03e00000)]
  0x000001d3ff1a40e0 JavaThread "Reference Handler" daemon [_thread_blocked, id=12776, stack(0x000000ca04400000,0x000000ca04500000)]
  0x000001d3ff1a4630 JavaThread "Finalizer" daemon [_thread_blocked, id=10580, stack(0x000000ca04500000,0x000000ca04600000)]
  0x000001d3ff1a7440 JavaThread "Signal Dispatcher" daemon [_thread_blocked, id=11980, stack(0x000000ca04600000,0x000000ca04700000)]
  0x000001d3ff1a80e0 JavaThread "Attach Listener" daemon [_thread_blocked, id=24812, stack(0x000000ca04700000,0x000000ca04800000)]
  0x000001d3ff1a8a20 JavaThread "Service Thread" daemon [_thread_blocked, id=18956, stack(0x000000ca04800000,0x000000ca04900000)]
  0x000001d3ff1ab4a0 JavaThread "Monitor Deflation Thread" daemon [_thread_blocked, id=11224, stack(0x000000ca04900000,0x000000ca04a00000)]
=>0x000001d3ff1ac110 JavaThread "C2 CompilerThread0" daemon [_thread_in_native, id=28784, stack(0x000000ca04a00000,0x000000ca04b00000)]
  0x000001d3ff1c8af0 JavaThread "C1 CompilerThread0" daemon [_thread_blocked, id=27232, stack(0x000000ca04b00000,0x000000ca04c00000)]
  0x000001d3ff2bdde0 JavaThread "Common-Cleaner" daemon [_thread_blocked, id=11776, stack(0x000000ca04c00000,0x000000ca04d00000)]
  0x000001d3ff412fd0 JavaThread "Notification Thread" daemon [_thread_blocked, id=26616, stack(0x000000ca04e00000,0x000000ca04f00000)]
  0x000001d3a82126a0 JavaThread "Daemon health stats" [_thread_blocked, id=22116, stack(0x000000ca05500000,0x000000ca05600000)]
  0x000001d3a847b040 JavaThread "Incoming local TCP Connector on port 51011" [_thread_in_native, id=21772, stack(0x000000ca05600000,0x000000ca05700000)]
  0x000001d3a86c5bf0 JavaThread "Daemon periodic checks" [_thread_blocked, id=29252, stack(0x000000ca05700000,0x000000ca05800000)]
  0x000001d3a8582ad0 JavaThread "Daemon" [_thread_blocked, id=28608, stack(0x000000ca05800000,0x000000ca05900000)]
  0x000001d3a8598a70 JavaThread "Handler for socket connection from /127.0.0.1:51011 to /127.0.0.1:51018" [_thread_in_native, id=25384, stack(0x000000ca05900000,0x000000ca05a00000)]
  0x000001d3a866d0b0 JavaThread "Cancel handler" [_thread_blocked, id=27548, stack(0x000000ca05a00000,0x000000ca05b00000)]
  0x000001d3a866eb40 JavaThread "Daemon worker" [_thread_in_vm, id=27140, stack(0x000000ca05b00000,0x000000ca05c00000)]
  0x000001d3a86705d0 JavaThread "Asynchronous log dispatcher for DefaultDaemonConnection: socket connection from /127.0.0.1:51011 to /127.0.0.1:51018" [_thread_blocked, id=3196, stack(0x000000ca05c00000,0x000000ca05d00000)]
  0x000001d3a8670080 JavaThread "Stdin handler" [_thread_blocked, id=29840, stack(0x000000ca05d00000,0x000000ca05e00000)]
  0x000001d3a866f090 JavaThread "Daemon client event forwarder" [_thread_blocked, id=19412, stack(0x000000ca05e00000,0x000000ca05f00000)]

Other Threads:
  0x000001d3ff06d170 VMThread "VM Thread" [stack: 0x000000ca04300000,0x000000ca04400000] [id=21392] _threads_hazard_ptr=0x000001d3a8520f30
  0x000001d3ff40cf80 WatcherThread "VM Periodic Task Thread" [stack: 0x000000ca04f00000,0x000000ca05000000] [id=20560]
  0x000001d3f2527d20 WorkerThread "GC Thread#0" [stack: 0x000000ca03e00000,0x000000ca03f00000] [id=19364]
  0x000001d3ff4296b0 WorkerThread "GC Thread#1" [stack: 0x000000ca05000000,0x000000ca05100000] [id=16260]
  0x000001d3ff429f20 WorkerThread "GC Thread#2" [stack: 0x000000ca05100000,0x000000ca05200000] [id=22640]
  0x000001d3ff42a1f0 WorkerThread "GC Thread#3" [stack: 0x000000ca05200000,0x000000ca05300000] [id=21488]
  0x000001d3ff42a790 WorkerThread "GC Thread#4" [stack: 0x000000ca05300000,0x000000ca05400000] [id=28336]
  0x000001d3ff428e40 WorkerThread "GC Thread#5" [stack: 0x000000ca05400000,0x000000ca05500000] [id=18980]
  0x000001d3f252cb40 ConcurrentGCThread "G1 Main Marker" [stack: 0x000000ca03f00000,0x000000ca04000000] [id=17784]
  0x000001d3f252e2f0 WorkerThread "G1 Conc#0" [stack: 0x000000ca04000000,0x000000ca04100000] [id=23332]
  0x000001d3fef2b990 ConcurrentGCThread "G1 Refine#0" [stack: 0x000000ca04100000,0x000000ca04200000] [id=26088]
  0x000001d3fef2c0e0 ConcurrentGCThread "G1 Service" [stack: 0x000000ca04200000,0x000000ca04300000] [id=31260]

Threads with active compile tasks:
C2 CompilerThread0    10734 2734       4       jdk.internal.org.objectweb.asm.Frame::execute (2305 bytes)

VM state: synchronizing (normal execution)

VM Mutex/Monitor currently owned by a thread:  ([mutex/lock_event])
[0x000001d3f24e05c0] Metaspace_lock - owner thread: 0x000001d3a866eb40
[0x000001d3f24eeeb0] Threads_lock - owner thread: 0x000001d3ff06d170

Heap address: 0x00000000e0000000, size: 512 MB, Compressed Oops mode: 32-bit

CDS archive(s) mapped at: [0x000001d38f000000-0x000001d38fc60000-0x000001d38fc60000), size 12976128, SharedBaseAddress: 0x000001d38f000000, ArchiveRelocationMode: 1.
Compressed class space mapped at: 0x000001d390000000-0x000001d3a3400000, reserved size: 322961408
Narrow klass base: 0x000001d38f000000, Narrow klass shift: 0, Narrow klass range: 0x100000000

GC Precious Log:
 CardTable entry size: 512
 Card Set container configuration: InlinePtr #cards 5 size 8 Array Of Cards #cards 12 size 40 Howl #buckets 4 coarsen threshold 1843 Howl Bitmap #cards 512 size 80 coarsen threshold 460 Card regions per heap region 1 cards per card region 2048
 CPUs: 16 total, 16 available
 Memory: 5996M
 Large Page Support: Disabled
 NUMA Support: Disabled
 Compressed Oops: Enabled (32-bit)
 Heap Region Size: 1M
 Heap Min Capacity: 256M
 Heap Initial Capacity: 256M
 Heap Max Capacity: 512M
 Pre-touch: Disabled
 Parallel Workers: 13
 Concurrent Workers: 3
 Concurrent Refinement Workers: 13
 Periodic GC: Disabled

Heap:
 garbage-first heap   total 262144K, used 57602K [0x00000000e0000000, 0x0000000100000000)
  region size 1024K, 46 young (47104K), 5 survivors (5120K)
 Metaspace       used 14460K, committed 14848K, reserved 380928K
  class space    used 1930K, committed 2112K, reserved 315392K

Heap Regions: E=young(eden), S=young(survivor), O=old, HS=humongous(starts), HC=humongous(continues), CS=collection set, F=free, OA=open archive, CA=closed archive, TAMS=top-at-mark-start, PB=parsable bottom
|   0|0x00000000e0000000, 0x00000000e0100000, 0x00000000e0100000|100%|HS|  |TAMS 0x00000000e0000000| PB 0x00000000e0000000| Complete 
|   1|0x00000000e0100000, 0x00000000e0200000, 0x00000000e0200000|100%|HC|  |TAMS 0x00000000e0100000| PB 0x00000000e0100000| Complete 
|   2|0x00000000e0200000, 0x00000000e0300000, 0x00000000e0300000|100%|HC|  |TAMS 0x00000000e0200000| PB 0x00000000e0200000| Complete 
|   3|0x00000000e0300000, 0x00000000e0400000, 0x00000000e0400000|100%| O|  |TAMS 0x00000000e0300000| PB 0x00000000e0300000| Untracked 
|   4|0x00000000e0400000, 0x00000000e0500000, 0x00000000e0500000|100%| O|  |TAMS 0x00000000e0400000| PB 0x00000000e0400000| Untracked 
|   5|0x00000000e0500000, 0x00000000e0600000, 0x00000000e0600000|100%| O|  |TAMS 0x00000000e0500000| PB 0x00000000e0500000| Untracked 
|   6|0x00000000e0600000, 0x00000000e0700000, 0x00000000e0700000|100%|HS|  |TAMS 0x00000000e0600000| PB 0x00000000e0600000| Complete 
|   7|0x00000000e0700000, 0x00000000e0700000, 0x00000000e0800000|  0%| F|  |TAMS 0x00000000e0700000| PB 0x00000000e0700000| Untracked 
|   8|0x00000000e0800000, 0x00000000e0900000, 0x00000000e0900000|100%| O|  |TAMS 0x00000000e0800000| PB 0x00000000e0800000| Untracked 
|   9|0x00000000e0900000, 0x00000000e0a00000, 0x00000000e0a00000|100%| O|  |TAMS 0x00000000e0900000| PB 0x00000000e0900000| Untracked 
|  10|0x00000000e0a00000, 0x00000000e0b00000, 0x00000000e0b00000|100%| O|  |TAMS 0x00000000e0a00000| PB 0x00000000e0a00000| Untracked 
|  11|0x00000000e0b00000, 0x00000000e0c00000, 0x00000000e0c00000|100%| O|  |TAMS 0x00000000e0b00000| PB 0x00000000e0b00000| Untracked 
|  12|0x00000000e0c00000, 0x00000000e0c54800, 0x00000000e0d00000| 33%| O|  |TAMS 0x00000000e0c00000| PB 0x00000000e0c00000| Untracked 
|  13|0x00000000e0d00000, 0x00000000e0d00000, 0x00000000e0e00000|  0%| F|  |TAMS 0x00000000e0d00000| PB 0x00000000e0d00000| Untracked 
|  14|0x00000000e0e00000, 0x00000000e0e00000, 0x00000000e0f00000|  0%| F|  |TAMS 0x00000000e0e00000| PB 0x00000000e0e00000| Untracked 
|  15|0x00000000e0f00000, 0x00000000e0f00000, 0x00000000e1000000|  0%| F|  |TAMS 0x00000000e0f00000| PB 0x00000000e0f00000| Untracked 
|  16|0x00000000e1000000, 0x00000000e1000000, 0x00000000e1100000|  0%| F|  |TAMS 0x00000000e1000000| PB 0x00000000e1000000| Untracked 
|  17|0x00000000e1100000, 0x00000000e1100000, 0x00000000e1200000|  0%| F|  |TAMS 0x00000000e1100000| PB 0x00000000e1100000| Untracked 
|  18|0x00000000e1200000, 0x00000000e1200000, 0x00000000e1300000|  0%| F|  |TAMS 0x00000000e1200000| PB 0x00000000e1200000| Untracked 
|  19|0x00000000e1300000, 0x00000000e1300000, 0x00000000e1400000|  0%| F|  |TAMS 0x00000000e1300000| PB 0x00000000e1300000| Untracked 
|  20|0x00000000e1400000, 0x00000000e1400000, 0x00000000e1500000|  0%| F|  |TAMS 0x00000000e1400000| PB 0x00000000e1400000| Untracked 
|  21|0x00000000e1500000, 0x00000000e1500000, 0x00000000e1600000|  0%| F|  |TAMS 0x00000000e1500000| PB 0x00000000e1500000| Untracked 
|  22|0x00000000e1600000, 0x00000000e1600000, 0x00000000e1700000|  0%| F|  |TAMS 0x00000000e1600000| PB 0x00000000e1600000| Untracked 
|  23|0x00000000e1700000, 0x00000000e1700000, 0x00000000e1800000|  0%| F|  |TAMS 0x00000000e1700000| PB 0x00000000e1700000| Untracked 
|  24|0x00000000e1800000, 0x00000000e1800000, 0x00000000e1900000|  0%| F|  |TAMS 0x00000000e1800000| PB 0x00000000e1800000| Untracked 
|  25|0x00000000e1900000, 0x00000000e1900000, 0x00000000e1a00000|  0%| F|  |TAMS 0x00000000e1900000| PB 0x00000000e1900000| Untracked 
|  26|0x00000000e1a00000, 0x00000000e1a00000, 0x00000000e1b00000|  0%| F|  |TAMS 0x00000000e1a00000| PB 0x00000000e1a00000| Untracked 
|  27|0x00000000e1b00000, 0x00000000e1b00000, 0x00000000e1c00000|  0%| F|  |TAMS 0x00000000e1b00000| PB 0x00000000e1b00000| Untracked 
|  28|0x00000000e1c00000, 0x00000000e1c00000, 0x00000000e1d00000|  0%| F|  |TAMS 0x00000000e1c00000| PB 0x00000000e1c00000| Untracked 
|  29|0x00000000e1d00000, 0x00000000e1d00000, 0x00000000e1e00000|  0%| F|  |TAMS 0x00000000e1d00000| PB 0x00000000e1d00000| Untracked 
|  30|0x00000000e1e00000, 0x00000000e1e00000, 0x00000000e1f00000|  0%| F|  |TAMS 0x00000000e1e00000| PB 0x00000000e1e00000| Untracked 
|  31|0x00000000e1f00000, 0x00000000e1f00000, 0x00000000e2000000|  0%| F|  |TAMS 0x00000000e1f00000| PB 0x00000000e1f00000| Untracked 
|  32|0x00000000e2000000, 0x00000000e2000000, 0x00000000e2100000|  0%| F|  |TAMS 0x00000000e2000000| PB 0x00000000e2000000| Untracked 
|  33|0x00000000e2100000, 0x00000000e2100000, 0x00000000e2200000|  0%| F|  |TAMS 0x00000000e2100000| PB 0x00000000e2100000| Untracked 
|  34|0x00000000e2200000, 0x00000000e2200000, 0x00000000e2300000|  0%| F|  |TAMS 0x00000000e2200000| PB 0x00000000e2200000| Untracked 
|  35|0x00000000e2300000, 0x00000000e2300000, 0x00000000e2400000|  0%| F|  |TAMS 0x00000000e2300000| PB 0x00000000e2300000| Untracked 
|  36|0x00000000e2400000, 0x00000000e2400000, 0x00000000e2500000|  0%| F|  |TAMS 0x00000000e2400000| PB 0x00000000e2400000| Untracked 
|  37|0x00000000e2500000, 0x00000000e2500000, 0x00000000e2600000|  0%| F|  |TAMS 0x00000000e2500000| PB 0x00000000e2500000| Untracked 
|  38|0x00000000e2600000, 0x00000000e2600000, 0x00000000e2700000|  0%| F|  |TAMS 0x00000000e2600000| PB 0x00000000e2600000| Untracked 
|  39|0x00000000e2700000, 0x00000000e2700000, 0x00000000e2800000|  0%| F|  |TAMS 0x00000000e2700000| PB 0x00000000e2700000| Untracked 
|  40|0x00000000e2800000, 0x00000000e2800000, 0x00000000e2900000|  0%| F|  |TAMS 0x00000000e2800000| PB 0x00000000e2800000| Untracked 
|  41|0x00000000e2900000, 0x00000000e2900000, 0x00000000e2a00000|  0%| F|  |TAMS 0x00000000e2900000| PB 0x00000000e2900000| Untracked 
|  42|0x00000000e2a00000, 0x00000000e2a00000, 0x00000000e2b00000|  0%| F|  |TAMS 0x00000000e2a00000| PB 0x00000000e2a00000| Untracked 
|  43|0x00000000e2b00000, 0x00000000e2b00000, 0x00000000e2c00000|  0%| F|  |TAMS 0x00000000e2b00000| PB 0x00000000e2b00000| Untracked 
|  44|0x00000000e2c00000, 0x00000000e2c00000, 0x00000000e2d00000|  0%| F|  |TAMS 0x00000000e2c00000| PB 0x00000000e2c00000| Untracked 
|  45|0x00000000e2d00000, 0x00000000e2d00000, 0x00000000e2e00000|  0%| F|  |TAMS 0x00000000e2d00000| PB 0x00000000e2d00000| Untracked 
|  46|0x00000000e2e00000, 0x00000000e2e00000, 0x00000000e2f00000|  0%| F|  |TAMS 0x00000000e2e00000| PB 0x00000000e2e00000| Untracked 
|  47|0x00000000e2f00000, 0x00000000e2f00000, 0x00000000e3000000|  0%| F|  |TAMS 0x00000000e2f00000| PB 0x00000000e2f00000| Untracked 
|  48|0x00000000e3000000, 0x00000000e3000000, 0x00000000e3100000|  0%| F|  |TAMS 0x00000000e3000000| PB 0x00000000e3000000| Untracked 
|  49|0x00000000e3100000, 0x00000000e3100000, 0x00000000e3200000|  0%| F|  |TAMS 0x00000000e3100000| PB 0x00000000e3100000| Untracked 
|  50|0x00000000e3200000, 0x00000000e3200000, 0x00000000e3300000|  0%| F|  |TAMS 0x00000000e3200000| PB 0x00000000e3200000| Untracked 
|  51|0x00000000e3300000, 0x00000000e3300000, 0x00000000e3400000|  0%| F|  |TAMS 0x00000000e3300000| PB 0x00000000e3300000| Untracked 
|  52|0x00000000e3400000, 0x00000000e3400000, 0x00000000e3500000|  0%| F|  |TAMS 0x00000000e3400000| PB 0x00000000e3400000| Untracked 
|  53|0x00000000e3500000, 0x00000000e3500000, 0x00000000e3600000|  0%| F|  |TAMS 0x00000000e3500000| PB 0x00000000e3500000| Untracked 
|  54|0x00000000e3600000, 0x00000000e3600000, 0x00000000e3700000|  0%| F|  |TAMS 0x00000000e3600000| PB 0x00000000e3600000| Untracked 
|  55|0x00000000e3700000, 0x00000000e3700000, 0x00000000e3800000|  0%| F|  |TAMS 0x00000000e3700000| PB 0x00000000e3700000| Untracked 
|  56|0x00000000e3800000, 0x00000000e3800000, 0x00000000e3900000|  0%| F|  |TAMS 0x00000000e3800000| PB 0x00000000e3800000| Untracked 
|  57|0x00000000e3900000, 0x00000000e3900000, 0x00000000e3a00000|  0%| F|  |TAMS 0x00000000e3900000| PB 0x00000000e3900000| Untracked 
|  58|0x00000000e3a00000, 0x00000000e3a00000, 0x00000000e3b00000|  0%| F|  |TAMS 0x00000000e3a00000| PB 0x00000000e3a00000| Untracked 
|  59|0x00000000e3b00000, 0x00000000e3b00000, 0x00000000e3c00000|  0%| F|  |TAMS 0x00000000e3b00000| PB 0x00000000e3b00000| Untracked 
|  60|0x00000000e3c00000, 0x00000000e3c00000, 0x00000000e3d00000|  0%| F|  |TAMS 0x00000000e3c00000| PB 0x00000000e3c00000| Untracked 
|  61|0x00000000e3d00000, 0x00000000e3d00000, 0x00000000e3e00000|  0%| F|  |TAMS 0x00000000e3d00000| PB 0x00000000e3d00000| Untracked 
|  62|0x00000000e3e00000, 0x00000000e3e00000, 0x00000000e3f00000|  0%| F|  |TAMS 0x00000000e3e00000| PB 0x00000000e3e00000| Untracked 
|  63|0x00000000e3f00000, 0x00000000e3f00000, 0x00000000e4000000|  0%| F|  |TAMS 0x00000000e3f00000| PB 0x00000000e3f00000| Untracked 
|  64|0x00000000e4000000, 0x00000000e4000000, 0x00000000e4100000|  0%| F|  |TAMS 0x00000000e4000000| PB 0x00000000e4000000| Untracked 
|  65|0x00000000e4100000, 0x00000000e4100000, 0x00000000e4200000|  0%| F|  |TAMS 0x00000000e4100000| PB 0x00000000e4100000| Untracked 
|  66|0x00000000e4200000, 0x00000000e4200000, 0x00000000e4300000|  0%| F|  |TAMS 0x00000000e4200000| PB 0x00000000e4200000| Untracked 
|  67|0x00000000e4300000, 0x00000000e4300000, 0x00000000e4400000|  0%| F|  |TAMS 0x00000000e4300000| PB 0x00000000e4300000| Untracked 
|  68|0x00000000e4400000, 0x00000000e4400000, 0x00000000e4500000|  0%| F|  |TAMS 0x00000000e4400000| PB 0x00000000e4400000| Untracked 
|  69|0x00000000e4500000, 0x00000000e4500000, 0x00000000e4600000|  0%| F|  |TAMS 0x00000000e4500000| PB 0x00000000e4500000| Untracked 
|  70|0x00000000e4600000, 0x00000000e4600000, 0x00000000e4700000|  0%| F|  |TAMS 0x00000000e4600000| PB 0x00000000e4600000| Untracked 
|  71|0x00000000e4700000, 0x00000000e4700000, 0x00000000e4800000|  0%| F|  |TAMS 0x00000000e4700000| PB 0x00000000e4700000| Untracked 
|  72|0x00000000e4800000, 0x00000000e4800000, 0x00000000e4900000|  0%| F|  |TAMS 0x00000000e4800000| PB 0x00000000e4800000| Untracked 
|  73|0x00000000e4900000, 0x00000000e4900000, 0x00000000e4a00000|  0%| F|  |TAMS 0x00000000e4900000| PB 0x00000000e4900000| Untracked 
|  74|0x00000000e4a00000, 0x00000000e4a00000, 0x00000000e4b00000|  0%| F|  |TAMS 0x00000000e4a00000| PB 0x00000000e4a00000| Untracked 
|  75|0x00000000e4b00000, 0x00000000e4b00000, 0x00000000e4c00000|  0%| F|  |TAMS 0x00000000e4b00000| PB 0x00000000e4b00000| Untracked 
|  76|0x00000000e4c00000, 0x00000000e4c00000, 0x00000000e4d00000|  0%| F|  |TAMS 0x00000000e4c00000| PB 0x00000000e4c00000| Untracked 
|  77|0x00000000e4d00000, 0x00000000e4d00000, 0x00000000e4e00000|  0%| F|  |TAMS 0x00000000e4d00000| PB 0x00000000e4d00000| Untracked 
|  78|0x00000000e4e00000, 0x00000000e4e00000, 0x00000000e4f00000|  0%| F|  |TAMS 0x00000000e4e00000| PB 0x00000000e4e00000| Untracked 
|  79|0x00000000e4f00000, 0x00000000e4f00000, 0x00000000e5000000|  0%| F|  |TAMS 0x00000000e4f00000| PB 0x00000000e4f00000| Untracked 
|  80|0x00000000e5000000, 0x00000000e5000000, 0x00000000e5100000|  0%| F|  |TAMS 0x00000000e5000000| PB 0x00000000e5000000| Untracked 
|  81|0x00000000e5100000, 0x00000000e5100000, 0x00000000e5200000|  0%| F|  |TAMS 0x00000000e5100000| PB 0x00000000e5100000| Untracked 
|  82|0x00000000e5200000, 0x00000000e5200000, 0x00000000e5300000|  0%| F|  |TAMS 0x00000000e5200000| PB 0x00000000e5200000| Untracked 
|  83|0x00000000e5300000, 0x00000000e5300000, 0x00000000e5400000|  0%| F|  |TAMS 0x00000000e5300000| PB 0x00000000e5300000| Untracked 
|  84|0x00000000e5400000, 0x00000000e5400000, 0x00000000e5500000|  0%| F|  |TAMS 0x00000000e5400000| PB 0x00000000e5400000| Untracked 
|  85|0x00000000e5500000, 0x00000000e5500000, 0x00000000e5600000|  0%| F|  |TAMS 0x00000000e5500000| PB 0x00000000e5500000| Untracked 
|  86|0x00000000e5600000, 0x00000000e5600000, 0x00000000e5700000|  0%| F|  |TAMS 0x00000000e5600000| PB 0x00000000e5600000| Untracked 
|  87|0x00000000e5700000, 0x00000000e5700000, 0x00000000e5800000|  0%| F|  |TAMS 0x00000000e5700000| PB 0x00000000e5700000| Untracked 
|  88|0x00000000e5800000, 0x00000000e5800000, 0x00000000e5900000|  0%| F|  |TAMS 0x00000000e5800000| PB 0x00000000e5800000| Untracked 
|  89|0x00000000e5900000, 0x00000000e5900000, 0x00000000e5a00000|  0%| F|  |TAMS 0x00000000e5900000| PB 0x00000000e5900000| Untracked 
|  90|0x00000000e5a00000, 0x00000000e5a00000, 0x00000000e5b00000|  0%| F|  |TAMS 0x00000000e5a00000| PB 0x00000000e5a00000| Untracked 
|  91|0x00000000e5b00000, 0x00000000e5b00000, 0x00000000e5c00000|  0%| F|  |TAMS 0x00000000e5b00000| PB 0x00000000e5b00000| Untracked 
|  92|0x00000000e5c00000, 0x00000000e5c00000, 0x00000000e5d00000|  0%| F|  |TAMS 0x00000000e5c00000| PB 0x00000000e5c00000| Untracked 
|  93|0x00000000e5d00000, 0x00000000e5d00000, 0x00000000e5e00000|  0%| F|  |TAMS 0x00000000e5d00000| PB 0x00000000e5d00000| Untracked 
|  94|0x00000000e5e00000, 0x00000000e5e00000, 0x00000000e5f00000|  0%| F|  |TAMS 0x00000000e5e00000| PB 0x00000000e5e00000| Untracked 
|  95|0x00000000e5f00000, 0x00000000e5f00000, 0x00000000e6000000|  0%| F|  |TAMS 0x00000000e5f00000| PB 0x00000000e5f00000| Untracked 
|  96|0x00000000e6000000, 0x00000000e6000000, 0x00000000e6100000|  0%| F|  |TAMS 0x00000000e6000000| PB 0x00000000e6000000| Untracked 
|  97|0x00000000e6100000, 0x00000000e6100000, 0x00000000e6200000|  0%| F|  |TAMS 0x00000000e6100000| PB 0x00000000e6100000| Untracked 
|  98|0x00000000e6200000, 0x00000000e6200000, 0x00000000e6300000|  0%| F|  |TAMS 0x00000000e6200000| PB 0x00000000e6200000| Untracked 
|  99|0x00000000e6300000, 0x00000000e6300000, 0x00000000e6400000|  0%| F|  |TAMS 0x00000000e6300000| PB 0x00000000e6300000| Untracked 
| 100|0x00000000e6400000, 0x00000000e6400000, 0x00000000e6500000|  0%| F|  |TAMS 0x00000000e6400000| PB 0x00000000e6400000| Untracked 
| 101|0x00000000e6500000, 0x00000000e6500000, 0x00000000e6600000|  0%| F|  |TAMS 0x00000000e6500000| PB 0x00000000e6500000| Untracked 
| 102|0x00000000e6600000, 0x00000000e6600000, 0x00000000e6700000|  0%| F|  |TAMS 0x00000000e6600000| PB 0x00000000e6600000| Untracked 
| 103|0x00000000e6700000, 0x00000000e6700000, 0x00000000e6800000|  0%| F|  |TAMS 0x00000000e6700000| PB 0x00000000e6700000| Untracked 
| 104|0x00000000e6800000, 0x00000000e6800000, 0x00000000e6900000|  0%| F|  |TAMS 0x00000000e6800000| PB 0x00000000e6800000| Untracked 
| 105|0x00000000e6900000, 0x00000000e6900000, 0x00000000e6a00000|  0%| F|  |TAMS 0x00000000e6900000| PB 0x00000000e6900000| Untracked 
| 106|0x00000000e6a00000, 0x00000000e6a00000, 0x00000000e6b00000|  0%| F|  |TAMS 0x00000000e6a00000| PB 0x00000000e6a00000| Untracked 
| 107|0x00000000e6b00000, 0x00000000e6b00000, 0x00000000e6c00000|  0%| F|  |TAMS 0x00000000e6b00000| PB 0x00000000e6b00000| Untracked 
| 108|0x00000000e6c00000, 0x00000000e6c00000, 0x00000000e6d00000|  0%| F|  |TAMS 0x00000000e6c00000| PB 0x00000000e6c00000| Untracked 
| 109|0x00000000e6d00000, 0x00000000e6d00000, 0x00000000e6e00000|  0%| F|  |TAMS 0x00000000e6d00000| PB 0x00000000e6d00000| Untracked 
| 110|0x00000000e6e00000, 0x00000000e6e00000, 0x00000000e6f00000|  0%| F|  |TAMS 0x00000000e6e00000| PB 0x00000000e6e00000| Untracked 
| 111|0x00000000e6f00000, 0x00000000e6f00000, 0x00000000e7000000|  0%| F|  |TAMS 0x00000000e6f00000| PB 0x00000000e6f00000| Untracked 
| 112|0x00000000e7000000, 0x00000000e7000000, 0x00000000e7100000|  0%| F|  |TAMS 0x00000000e7000000| PB 0x00000000e7000000| Untracked 
| 113|0x00000000e7100000, 0x00000000e7100000, 0x00000000e7200000|  0%| F|  |TAMS 0x00000000e7100000| PB 0x00000000e7100000| Untracked 
| 114|0x00000000e7200000, 0x00000000e7200000, 0x00000000e7300000|  0%| F|  |TAMS 0x00000000e7200000| PB 0x00000000e7200000| Untracked 
| 115|0x00000000e7300000, 0x00000000e7300000, 0x00000000e7400000|  0%| F|  |TAMS 0x00000000e7300000| PB 0x00000000e7300000| Untracked 
| 116|0x00000000e7400000, 0x00000000e7400000, 0x00000000e7500000|  0%| F|  |TAMS 0x00000000e7400000| PB 0x00000000e7400000| Untracked 
| 117|0x00000000e7500000, 0x00000000e7500000, 0x00000000e7600000|  0%| F|  |TAMS 0x00000000e7500000| PB 0x00000000e7500000| Untracked 
| 118|0x00000000e7600000, 0x00000000e7600000, 0x00000000e7700000|  0%| F|  |TAMS 0x00000000e7600000| PB 0x00000000e7600000| Untracked 
| 119|0x00000000e7700000, 0x00000000e7700000, 0x00000000e7800000|  0%| F|  |TAMS 0x00000000e7700000| PB 0x00000000e7700000| Untracked 
| 120|0x00000000e7800000, 0x00000000e7800000, 0x00000000e7900000|  0%| F|  |TAMS 0x00000000e7800000| PB 0x00000000e7800000| Untracked 
| 121|0x00000000e7900000, 0x00000000e7900000, 0x00000000e7a00000|  0%| F|  |TAMS 0x00000000e7900000| PB 0x00000000e7900000| Untracked 
| 122|0x00000000e7a00000, 0x00000000e7a00000, 0x00000000e7b00000|  0%| F|  |TAMS 0x00000000e7a00000| PB 0x00000000e7a00000| Untracked 
| 123|0x00000000e7b00000, 0x00000000e7b00000, 0x00000000e7c00000|  0%| F|  |TAMS 0x00000000e7b00000| PB 0x00000000e7b00000| Untracked 
| 124|0x00000000e7c00000, 0x00000000e7c00000, 0x00000000e7d00000|  0%| F|  |TAMS 0x00000000e7c00000| PB 0x00000000e7c00000| Untracked 
| 125|0x00000000e7d00000, 0x00000000e7d00000, 0x00000000e7e00000|  0%| F|  |TAMS 0x00000000e7d00000| PB 0x00000000e7d00000| Untracked 
| 126|0x00000000e7e00000, 0x00000000e7e00000, 0x00000000e7f00000|  0%| F|  |TAMS 0x00000000e7e00000| PB 0x00000000e7e00000| Untracked 
| 127|0x00000000e7f00000, 0x00000000e7f00000, 0x00000000e8000000|  0%| F|  |TAMS 0x00000000e7f00000| PB 0x00000000e7f00000| Untracked 
| 128|0x00000000e8000000, 0x00000000e8000000, 0x00000000e8100000|  0%| F|  |TAMS 0x00000000e8000000| PB 0x00000000e8000000| Untracked 
| 129|0x00000000e8100000, 0x00000000e8100000, 0x00000000e8200000|  0%| F|  |TAMS 0x00000000e8100000| PB 0x00000000e8100000| Untracked 
| 130|0x00000000e8200000, 0x00000000e8200000, 0x00000000e8300000|  0%| F|  |TAMS 0x00000000e8200000| PB 0x00000000e8200000| Untracked 
| 131|0x00000000e8300000, 0x00000000e8300000, 0x00000000e8400000|  0%| F|  |TAMS 0x00000000e8300000| PB 0x00000000e8300000| Untracked 
| 132|0x00000000e8400000, 0x00000000e8400000, 0x00000000e8500000|  0%| F|  |TAMS 0x00000000e8400000| PB 0x00000000e8400000| Untracked 
| 133|0x00000000e8500000, 0x00000000e8500000, 0x00000000e8600000|  0%| F|  |TAMS 0x00000000e8500000| PB 0x00000000e8500000| Untracked 
| 134|0x00000000e8600000, 0x00000000e8600000, 0x00000000e8700000|  0%| F|  |TAMS 0x00000000e8600000| PB 0x00000000e8600000| Untracked 
| 135|0x00000000e8700000, 0x00000000e8700000, 0x00000000e8800000|  0%| F|  |TAMS 0x00000000e8700000| PB 0x00000000e8700000| Untracked 
| 136|0x00000000e8800000, 0x00000000e8800000, 0x00000000e8900000|  0%| F|  |TAMS 0x00000000e8800000| PB 0x00000000e8800000| Untracked 
| 137|0x00000000e8900000, 0x00000000e8900000, 0x00000000e8a00000|  0%| F|  |TAMS 0x00000000e8900000| PB 0x00000000e8900000| Untracked 
| 138|0x00000000e8a00000, 0x00000000e8a00000, 0x00000000e8b00000|  0%| F|  |TAMS 0x00000000e8a00000| PB 0x00000000e8a00000| Untracked 
| 139|0x00000000e8b00000, 0x00000000e8b00000, 0x00000000e8c00000|  0%| F|  |TAMS 0x00000000e8b00000| PB 0x00000000e8b00000| Untracked 
| 140|0x00000000e8c00000, 0x00000000e8c00000, 0x00000000e8d00000|  0%| F|  |TAMS 0x00000000e8c00000| PB 0x00000000e8c00000| Untracked 
| 141|0x00000000e8d00000, 0x00000000e8d00000, 0x00000000e8e00000|  0%| F|  |TAMS 0x00000000e8d00000| PB 0x00000000e8d00000| Untracked 
| 142|0x00000000e8e00000, 0x00000000e8e00000, 0x00000000e8f00000|  0%| F|  |TAMS 0x00000000e8e00000| PB 0x00000000e8e00000| Untracked 
| 143|0x00000000e8f00000, 0x00000000e8f00000, 0x00000000e9000000|  0%| F|  |TAMS 0x00000000e8f00000| PB 0x00000000e8f00000| Untracked 
| 144|0x00000000e9000000, 0x00000000e9000000, 0x00000000e9100000|  0%| F|  |TAMS 0x00000000e9000000| PB 0x00000000e9000000| Untracked 
| 145|0x00000000e9100000, 0x00000000e9100000, 0x00000000e9200000|  0%| F|  |TAMS 0x00000000e9100000| PB 0x00000000e9100000| Untracked 
| 146|0x00000000e9200000, 0x00000000e9200000, 0x00000000e9300000|  0%| F|  |TAMS 0x00000000e9200000| PB 0x00000000e9200000| Untracked 
| 147|0x00000000e9300000, 0x00000000e9300000, 0x00000000e9400000|  0%| F|  |TAMS 0x00000000e9300000| PB 0x00000000e9300000| Untracked 
| 148|0x00000000e9400000, 0x00000000e9400000, 0x00000000e9500000|  0%| F|  |TAMS 0x00000000e9400000| PB 0x00000000e9400000| Untracked 
| 149|0x00000000e9500000, 0x00000000e9500000, 0x00000000e9600000|  0%| F|  |TAMS 0x00000000e9500000| PB 0x00000000e9500000| Untracked 
| 150|0x00000000e9600000, 0x00000000e9600000, 0x00000000e9700000|  0%| F|  |TAMS 0x00000000e9600000| PB 0x00000000e9600000| Untracked 
| 151|0x00000000e9700000, 0x00000000e9700000, 0x00000000e9800000|  0%| F|  |TAMS 0x00000000e9700000| PB 0x00000000e9700000| Untracked 
| 152|0x00000000e9800000, 0x00000000e9800000, 0x00000000e9900000|  0%| F|  |TAMS 0x00000000e9800000| PB 0x00000000e9800000| Untracked 
| 153|0x00000000e9900000, 0x00000000e9900000, 0x00000000e9a00000|  0%| F|  |TAMS 0x00000000e9900000| PB 0x00000000e9900000| Untracked 
| 154|0x00000000e9a00000, 0x00000000e9a00000, 0x00000000e9b00000|  0%| F|  |TAMS 0x00000000e9a00000| PB 0x00000000e9a00000| Untracked 
| 155|0x00000000e9b00000, 0x00000000e9b00000, 0x00000000e9c00000|  0%| F|  |TAMS 0x00000000e9b00000| PB 0x00000000e9b00000| Untracked 
| 156|0x00000000e9c00000, 0x00000000e9c00000, 0x00000000e9d00000|  0%| F|  |TAMS 0x00000000e9c00000| PB 0x00000000e9c00000| Untracked 
| 157|0x00000000e9d00000, 0x00000000e9d00000, 0x00000000e9e00000|  0%| F|  |TAMS 0x00000000e9d00000| PB 0x00000000e9d00000| Untracked 
| 158|0x00000000e9e00000, 0x00000000e9e00000, 0x00000000e9f00000|  0%| F|  |TAMS 0x00000000e9e00000| PB 0x00000000e9e00000| Untracked 
| 159|0x00000000e9f00000, 0x00000000e9f00000, 0x00000000ea000000|  0%| F|  |TAMS 0x00000000e9f00000| PB 0x00000000e9f00000| Untracked 
| 160|0x00000000ea000000, 0x00000000ea000000, 0x00000000ea100000|  0%| F|  |TAMS 0x00000000ea000000| PB 0x00000000ea000000| Untracked 
| 161|0x00000000ea100000, 0x00000000ea100000, 0x00000000ea200000|  0%| F|  |TAMS 0x00000000ea100000| PB 0x00000000ea100000| Untracked 
| 162|0x00000000ea200000, 0x00000000ea200000, 0x00000000ea300000|  0%| F|  |TAMS 0x00000000ea200000| PB 0x00000000ea200000| Untracked 
| 163|0x00000000ea300000, 0x00000000ea300000, 0x00000000ea400000|  0%| F|  |TAMS 0x00000000ea300000| PB 0x00000000ea300000| Untracked 
| 164|0x00000000ea400000, 0x00000000ea400000, 0x00000000ea500000|  0%| F|  |TAMS 0x00000000ea400000| PB 0x00000000ea400000| Untracked 
| 165|0x00000000ea500000, 0x00000000ea500000, 0x00000000ea600000|  0%| F|  |TAMS 0x00000000ea500000| PB 0x00000000ea500000| Untracked 
| 166|0x00000000ea600000, 0x00000000ea600000, 0x00000000ea700000|  0%| F|  |TAMS 0x00000000ea600000| PB 0x00000000ea600000| Untracked 
| 167|0x00000000ea700000, 0x00000000ea700000, 0x00000000ea800000|  0%| F|  |TAMS 0x00000000ea700000| PB 0x00000000ea700000| Untracked 
| 168|0x00000000ea800000, 0x00000000ea800000, 0x00000000ea900000|  0%| F|  |TAMS 0x00000000ea800000| PB 0x00000000ea800000| Untracked 
| 169|0x00000000ea900000, 0x00000000ea900000, 0x00000000eaa00000|  0%| F|  |TAMS 0x00000000ea900000| PB 0x00000000ea900000| Untracked 
| 170|0x00000000eaa00000, 0x00000000eaa00000, 0x00000000eab00000|  0%| F|  |TAMS 0x00000000eaa00000| PB 0x00000000eaa00000| Untracked 
| 171|0x00000000eab00000, 0x00000000eab00000, 0x00000000eac00000|  0%| F|  |TAMS 0x00000000eab00000| PB 0x00000000eab00000| Untracked 
| 172|0x00000000eac00000, 0x00000000eac00000, 0x00000000ead00000|  0%| F|  |TAMS 0x00000000eac00000| PB 0x00000000eac00000| Untracked 
| 173|0x00000000ead00000, 0x00000000ead00000, 0x00000000eae00000|  0%| F|  |TAMS 0x00000000ead00000| PB 0x00000000ead00000| Untracked 
| 174|0x00000000eae00000, 0x00000000eae00000, 0x00000000eaf00000|  0%| F|  |TAMS 0x00000000eae00000| PB 0x00000000eae00000| Untracked 
| 175|0x00000000eaf00000, 0x00000000eaf00000, 0x00000000eb000000|  0%| F|  |TAMS 0x00000000eaf00000| PB 0x00000000eaf00000| Untracked 
| 176|0x00000000eb000000, 0x00000000eb000000, 0x00000000eb100000|  0%| F|  |TAMS 0x00000000eb000000| PB 0x00000000eb000000| Untracked 
| 177|0x00000000eb100000, 0x00000000eb100000, 0x00000000eb200000|  0%| F|  |TAMS 0x00000000eb100000| PB 0x00000000eb100000| Untracked 
| 178|0x00000000eb200000, 0x00000000eb200000, 0x00000000eb300000|  0%| F|  |TAMS 0x00000000eb200000| PB 0x00000000eb200000| Untracked 
| 179|0x00000000eb300000, 0x00000000eb300000, 0x00000000eb400000|  0%| F|  |TAMS 0x00000000eb300000| PB 0x00000000eb300000| Untracked 
| 180|0x00000000eb400000, 0x00000000eb400000, 0x00000000eb500000|  0%| F|  |TAMS 0x00000000eb400000| PB 0x00000000eb400000| Untracked 
| 181|0x00000000eb500000, 0x00000000eb500000, 0x00000000eb600000|  0%| F|  |TAMS 0x00000000eb500000| PB 0x00000000eb500000| Untracked 
| 182|0x00000000eb600000, 0x00000000eb600000, 0x00000000eb700000|  0%| F|  |TAMS 0x00000000eb600000| PB 0x00000000eb600000| Untracked 
| 183|0x00000000eb700000, 0x00000000eb700000, 0x00000000eb800000|  0%| F|  |TAMS 0x00000000eb700000| PB 0x00000000eb700000| Untracked 
| 184|0x00000000eb800000, 0x00000000eb800000, 0x00000000eb900000|  0%| F|  |TAMS 0x00000000eb800000| PB 0x00000000eb800000| Untracked 
| 185|0x00000000eb900000, 0x00000000eb900000, 0x00000000eba00000|  0%| F|  |TAMS 0x00000000eb900000| PB 0x00000000eb900000| Untracked 
| 186|0x00000000eba00000, 0x00000000eba00000, 0x00000000ebb00000|  0%| F|  |TAMS 0x00000000eba00000| PB 0x00000000eba00000| Untracked 
| 187|0x00000000ebb00000, 0x00000000ebb00000, 0x00000000ebc00000|  0%| F|  |TAMS 0x00000000ebb00000| PB 0x00000000ebb00000| Untracked 
| 188|0x00000000ebc00000, 0x00000000ebc00000, 0x00000000ebd00000|  0%| F|  |TAMS 0x00000000ebc00000| PB 0x00000000ebc00000| Untracked 
| 189|0x00000000ebd00000, 0x00000000ebd00000, 0x00000000ebe00000|  0%| F|  |TAMS 0x00000000ebd00000| PB 0x00000000ebd00000| Untracked 
| 190|0x00000000ebe00000, 0x00000000ebe00000, 0x00000000ebf00000|  0%| F|  |TAMS 0x00000000ebe00000| PB 0x00000000ebe00000| Untracked 
| 191|0x00000000ebf00000, 0x00000000ebf00000, 0x00000000ec000000|  0%| F|  |TAMS 0x00000000ebf00000| PB 0x00000000ebf00000| Untracked 
| 192|0x00000000ec000000, 0x00000000ec000000, 0x00000000ec100000|  0%| F|  |TAMS 0x00000000ec000000| PB 0x00000000ec000000| Untracked 
| 193|0x00000000ec100000, 0x00000000ec100000, 0x00000000ec200000|  0%| F|  |TAMS 0x00000000ec100000| PB 0x00000000ec100000| Untracked 
| 194|0x00000000ec200000, 0x00000000ec200000, 0x00000000ec300000|  0%| F|  |TAMS 0x00000000ec200000| PB 0x00000000ec200000| Untracked 
| 195|0x00000000ec300000, 0x00000000ec300000, 0x00000000ec400000|  0%| F|  |TAMS 0x00000000ec300000| PB 0x00000000ec300000| Untracked 
| 196|0x00000000ec400000, 0x00000000ec400000, 0x00000000ec500000|  0%| F|  |TAMS 0x00000000ec400000| PB 0x00000000ec400000| Untracked 
| 197|0x00000000ec500000, 0x00000000ec500000, 0x00000000ec600000|  0%| F|  |TAMS 0x00000000ec500000| PB 0x00000000ec500000| Untracked 
| 198|0x00000000ec600000, 0x00000000ec600000, 0x00000000ec700000|  0%| F|  |TAMS 0x00000000ec600000| PB 0x00000000ec600000| Untracked 
| 199|0x00000000ec700000, 0x00000000ec700000, 0x00000000ec800000|  0%| F|  |TAMS 0x00000000ec700000| PB 0x00000000ec700000| Untracked 
| 200|0x00000000ec800000, 0x00000000ec8ec018, 0x00000000ec900000| 92%| S|CS|TAMS 0x00000000ec800000| PB 0x00000000ec800000| Complete 
| 201|0x00000000ec900000, 0x00000000eca00000, 0x00000000eca00000|100%| S|CS|TAMS 0x00000000ec900000| PB 0x00000000ec900000| Complete 
| 202|0x00000000eca00000, 0x00000000ecb00000, 0x00000000ecb00000|100%| S|CS|TAMS 0x00000000eca00000| PB 0x00000000eca00000| Complete 
| 203|0x00000000ecb00000, 0x00000000ecc00000, 0x00000000ecc00000|100%| S|CS|TAMS 0x00000000ecb00000| PB 0x00000000ecb00000| Complete 
| 204|0x00000000ecc00000, 0x00000000ecd00000, 0x00000000ecd00000|100%| S|CS|TAMS 0x00000000ecc00000| PB 0x00000000ecc00000| Complete 
| 205|0x00000000ecd00000, 0x00000000ecd00000, 0x00000000ece00000|  0%| F|  |TAMS 0x00000000ecd00000| PB 0x00000000ecd00000| Untracked 
| 206|0x00000000ece00000, 0x00000000ece00000, 0x00000000ecf00000|  0%| F|  |TAMS 0x00000000ece00000| PB 0x00000000ece00000| Untracked 
| 207|0x00000000ecf00000, 0x00000000ecf00000, 0x00000000ed000000|  0%| F|  |TAMS 0x00000000ecf00000| PB 0x00000000ecf00000| Untracked 
| 208|0x00000000ed000000, 0x00000000ed000000, 0x00000000ed100000|  0%| F|  |TAMS 0x00000000ed000000| PB 0x00000000ed000000| Untracked 
| 209|0x00000000ed100000, 0x00000000ed100000, 0x00000000ed200000|  0%| F|  |TAMS 0x00000000ed100000| PB 0x00000000ed100000| Untracked 
| 210|0x00000000ed200000, 0x00000000ed200000, 0x00000000ed300000|  0%| F|  |TAMS 0x00000000ed200000| PB 0x00000000ed200000| Untracked 
| 211|0x00000000ed300000, 0x00000000ed300000, 0x00000000ed400000|  0%| F|  |TAMS 0x00000000ed300000| PB 0x00000000ed300000| Untracked 
| 212|0x00000000ed400000, 0x00000000ed400000, 0x00000000ed500000|  0%| F|  |TAMS 0x00000000ed400000| PB 0x00000000ed400000| Untracked 
| 213|0x00000000ed500000, 0x00000000ed500000, 0x00000000ed600000|  0%| F|  |TAMS 0x00000000ed500000| PB 0x00000000ed500000| Untracked 
| 214|0x00000000ed600000, 0x00000000ed600000, 0x00000000ed700000|  0%| F|  |TAMS 0x00000000ed600000| PB 0x00000000ed600000| Untracked 
| 215|0x00000000ed700000, 0x00000000ed780800, 0x00000000ed800000| 50%| E|  |TAMS 0x00000000ed700000| PB 0x00000000ed700000| Complete 
| 216|0x00000000ed800000, 0x00000000ed900000, 0x00000000ed900000|100%| E|CS|TAMS 0x00000000ed800000| PB 0x00000000ed800000| Complete 
| 217|0x00000000ed900000, 0x00000000eda00000, 0x00000000eda00000|100%| E|CS|TAMS 0x00000000ed900000| PB 0x00000000ed900000| Complete 
| 218|0x00000000eda00000, 0x00000000edb00000, 0x00000000edb00000|100%| E|CS|TAMS 0x00000000eda00000| PB 0x00000000eda00000| Complete 
| 219|0x00000000edb00000, 0x00000000edc00000, 0x00000000edc00000|100%| E|CS|TAMS 0x00000000edb00000| PB 0x00000000edb00000| Complete 
| 220|0x00000000edc00000, 0x00000000edd00000, 0x00000000edd00000|100%| E|CS|TAMS 0x00000000edc00000| PB 0x00000000edc00000| Complete 
| 221|0x00000000edd00000, 0x00000000ede00000, 0x00000000ede00000|100%| E|CS|TAMS 0x00000000edd00000| PB 0x00000000edd00000| Complete 
| 222|0x00000000ede00000, 0x00000000edf00000, 0x00000000edf00000|100%| E|CS|TAMS 0x00000000ede00000| PB 0x00000000ede00000| Complete 
| 223|0x00000000edf00000, 0x00000000ee000000, 0x00000000ee000000|100%| E|CS|TAMS 0x00000000edf00000| PB 0x00000000edf00000| Complete 
| 224|0x00000000ee000000, 0x00000000ee100000, 0x00000000ee100000|100%| E|CS|TAMS 0x00000000ee000000| PB 0x00000000ee000000| Complete 
| 225|0x00000000ee100000, 0x00000000ee200000, 0x00000000ee200000|100%| E|CS|TAMS 0x00000000ee100000| PB 0x00000000ee100000| Complete 
| 226|0x00000000ee200000, 0x00000000ee300000, 0x00000000ee300000|100%| E|CS|TAMS 0x00000000ee200000| PB 0x00000000ee200000| Complete 
| 227|0x00000000ee300000, 0x00000000ee400000, 0x00000000ee400000|100%| E|CS|TAMS 0x00000000ee300000| PB 0x00000000ee300000| Complete 
| 228|0x00000000ee400000, 0x00000000ee500000, 0x00000000ee500000|100%| E|CS|TAMS 0x00000000ee400000| PB 0x00000000ee400000| Complete 
| 229|0x00000000ee500000, 0x00000000ee600000, 0x00000000ee600000|100%| E|CS|TAMS 0x00000000ee500000| PB 0x00000000ee500000| Complete 
| 230|0x00000000ee600000, 0x00000000ee700000, 0x00000000ee700000|100%| E|CS|TAMS 0x00000000ee600000| PB 0x00000000ee600000| Complete 
| 231|0x00000000ee700000, 0x00000000ee800000, 0x00000000ee800000|100%| E|CS|TAMS 0x00000000ee700000| PB 0x00000000ee700000| Complete 
| 232|0x00000000ee800000, 0x00000000ee900000, 0x00000000ee900000|100%| E|CS|TAMS 0x00000000ee800000| PB 0x00000000ee800000| Complete 
| 233|0x00000000ee900000, 0x00000000eea00000, 0x00000000eea00000|100%| E|CS|TAMS 0x00000000ee900000| PB 0x00000000ee900000| Complete 
| 234|0x00000000eea00000, 0x00000000eeb00000, 0x00000000eeb00000|100%| E|CS|TAMS 0x00000000eea00000| PB 0x00000000eea00000| Complete 
| 235|0x00000000eeb00000, 0x00000000eec00000, 0x00000000eec00000|100%| E|CS|TAMS 0x00000000eeb00000| PB 0x00000000eeb00000| Complete 
| 236|0x00000000eec00000, 0x00000000eed00000, 0x00000000eed00000|100%| E|CS|TAMS 0x00000000eec00000| PB 0x00000000eec00000| Complete 
| 237|0x00000000eed00000, 0x00000000eee00000, 0x00000000eee00000|100%| E|CS|TAMS 0x00000000eed00000| PB 0x00000000eed00000| Complete 
| 238|0x00000000eee00000, 0x00000000eef00000, 0x00000000eef00000|100%| E|CS|TAMS 0x00000000eee00000| PB 0x00000000eee00000| Complete 
| 239|0x00000000eef00000, 0x00000000ef000000, 0x00000000ef000000|100%| E|CS|TAMS 0x00000000eef00000| PB 0x00000000eef00000| Complete 
| 240|0x00000000ef000000, 0x00000000ef100000, 0x00000000ef100000|100%| E|CS|TAMS 0x00000000ef000000| PB 0x00000000ef000000| Complete 
| 241|0x00000000ef100000, 0x00000000ef200000, 0x00000000ef200000|100%| E|CS|TAMS 0x00000000ef100000| PB 0x00000000ef100000| Complete 
| 242|0x00000000ef200000, 0x00000000ef300000, 0x00000000ef300000|100%| E|CS|TAMS 0x00000000ef200000| PB 0x00000000ef200000| Complete 
| 243|0x00000000ef300000, 0x00000000ef400000, 0x00000000ef400000|100%| E|CS|TAMS 0x00000000ef300000| PB 0x00000000ef300000| Complete 
| 244|0x00000000ef400000, 0x00000000ef500000, 0x00000000ef500000|100%| E|CS|TAMS 0x00000000ef400000| PB 0x00000000ef400000| Complete 
| 245|0x00000000ef500000, 0x00000000ef600000, 0x00000000ef600000|100%| E|CS|TAMS 0x00000000ef500000| PB 0x00000000ef500000| Complete 
| 246|0x00000000ef600000, 0x00000000ef700000, 0x00000000ef700000|100%| E|CS|TAMS 0x00000000ef600000| PB 0x00000000ef600000| Complete 
| 247|0x00000000ef700000, 0x00000000ef800000, 0x00000000ef800000|100%| E|CS|TAMS 0x00000000ef700000| PB 0x00000000ef700000| Complete 
| 248|0x00000000ef800000, 0x00000000ef900000, 0x00000000ef900000|100%| E|CS|TAMS 0x00000000ef800000| PB 0x00000000ef800000| Complete 
| 249|0x00000000ef900000, 0x00000000efa00000, 0x00000000efa00000|100%| E|CS|TAMS 0x00000000ef900000| PB 0x00000000ef900000| Complete 
| 250|0x00000000efa00000, 0x00000000efb00000, 0x00000000efb00000|100%| E|CS|TAMS 0x00000000efa00000| PB 0x00000000efa00000| Complete 
| 251|0x00000000efb00000, 0x00000000efc00000, 0x00000000efc00000|100%| E|CS|TAMS 0x00000000efb00000| PB 0x00000000efb00000| Complete 
| 252|0x00000000efc00000, 0x00000000efd00000, 0x00000000efd00000|100%| E|CS|TAMS 0x00000000efc00000| PB 0x00000000efc00000| Complete 
| 253|0x00000000efd00000, 0x00000000efe00000, 0x00000000efe00000|100%| E|CS|TAMS 0x00000000efd00000| PB 0x00000000efd00000| Complete 
| 254|0x00000000efe00000, 0x00000000eff00000, 0x00000000eff00000|100%| E|CS|TAMS 0x00000000efe00000| PB 0x00000000efe00000| Complete 
| 255|0x00000000eff00000, 0x00000000f0000000, 0x00000000f0000000|100%| E|CS|TAMS 0x00000000eff00000| PB 0x00000000eff00000| Complete 

Card table byte_map: [0x000001d3fb690000,0x000001d3fb790000] _byte_map_base: 0x000001d3faf90000

Marking Bits: (CMBitMap*) 0x000001d3f2528260
 Bits: [0x000001d3fb890000, 0x000001d3fc090000)

Polling page: 0x000001d3f0940000

Metaspace:

Usage:
  Non-class:     12.24 MB used.
      Class:      1.88 MB used.
       Both:     14.12 MB used.

Virtual space:
  Non-class space:       64.00 MB reserved,      12.44 MB ( 19%) committed,  1 nodes.
      Class space:      308.00 MB reserved,       2.06 MB ( <1%) committed,  1 nodes.
             Both:      372.00 MB reserved,      14.50 MB (  4%) committed. 

Chunk freelists:
   Non-Class:  3.19 MB
       Class:  1.97 MB
        Both:  5.16 MB

MaxMetaspaceSize: 384.00 MB
CompressedClassSpaceSize: 308.00 MB
Initial GC threshold: 21.00 MB
Current GC threshold: 21.00 MB
CDS: on
MetaspaceReclaimPolicy: balanced
 - commit_granule_bytes: 65536.
 - commit_granule_words: 8192.
 - virtual_space_node_default_size: 8388608.
 - enlarge_chunks_in_place: 1.
 - new_chunks_are_fully_committed: 0.
 - uncommit_free_chunks: 1.
 - use_allocation_guard: 0.


Internal statistics:

num_allocs_failed_limit: 0.
num_arena_births: 494.
num_arena_deaths: 0.
num_vsnodes_births: 2.
num_vsnodes_deaths: 0.
num_space_committed: 232.
num_space_uncommitted: 0.
num_chunks_returned_to_freelist: 0.
num_chunks_taken_from_freelist: 937.
num_chunk_merges: 0.
num_chunk_splits: 611.
num_chunks_enlarged: 428.
num_inconsistent_stats: 0.

CodeHeap 'non-profiled nmethods': size=119168Kb used=1115Kb max_used=1115Kb free=118052Kb
 bounds [0x000001d387ba0000, 0x000001d387e10000, 0x000001d38f000000]
CodeHeap 'profiled nmethods': size=119104Kb used=5702Kb max_used=5702Kb free=113401Kb
 bounds [0x000001d380000000, 0x000001d3805a0000, 0x000001d387450000]
CodeHeap 'non-nmethods': size=7488Kb used=1519Kb max_used=2097Kb free=5968Kb
 bounds [0x000001d387450000, 0x000001d3876c0000, 0x000001d387ba0000]
 total_blobs=3329 nmethods=2789 adapters=450
 compilation: enabled
              stopped_count=0, restarted_count=0
 full_count=0

Compilation events (20 events):
Event: 8.950 Thread 0x000001d3ff1c8af0 nmethod 2752 0x000001d38056f010 code [0x000001d38056f1a0, 0x000001d38056f308]
Event: 9.105 Thread 0x000001d3ff1c8af0 2753   !   3       java.util.concurrent.locks.AbstractQueuedSynchronizer$ConditionObject::newConditionNode (78 bytes)
Event: 9.106 Thread 0x000001d3ff1c8af0 nmethod 2753 0x000001d38056f410 code [0x000001d38056f640, 0x000001d38056fe18]
Event: 9.106 Thread 0x000001d3ff1c8af0 2754   !   3       java.util.concurrent.locks.AbstractQueuedSynchronizer::tryInitializeHead (66 bytes)
Event: 9.106 Thread 0x000001d3ff1c8af0 nmethod 2754 0x000001d380570110 code [0x000001d3805702e0, 0x000001d3805708c8]
Event: 9.106 Thread 0x000001d3ff1c8af0 2755       3       java.util.concurrent.locks.AbstractQueuedSynchronizer$ConditionNode::<init> (5 bytes)
Event: 9.106 Thread 0x000001d3ff1c8af0 nmethod 2755 0x000001d380570a90 code [0x000001d380570c20, 0x000001d380570de8]
Event: 9.106 Thread 0x000001d3ff1c8af0 2756       3       java.util.concurrent.locks.AbstractQueuedSynchronizer$ConditionObject::enableWait (84 bytes)
Event: 9.106 Thread 0x000001d3ff1c8af0 nmethod 2756 0x000001d380570e90 code [0x000001d3805710a0, 0x000001d3805717e8]
Event: 9.106 Thread 0x000001d3ff1c8af0 2757       3       java.util.concurrent.locks.AbstractQueuedSynchronizer$Node::setStatusRelaxed (12 bytes)
Event: 9.107 Thread 0x000001d3ff1c8af0 nmethod 2757 0x000001d380571a90 code [0x000001d380571c20, 0x000001d380571d38]
Event: 9.153 Thread 0x000001d3ff1c8af0 2758       3       jdk.internal.misc.Unsafe::getAndBitwiseAndInt (27 bytes)
Event: 9.153 Thread 0x000001d3ff1c8af0 nmethod 2758 0x000001d380571e10 code [0x000001d380571fa0, 0x000001d3805721d8]
Event: 9.185 Thread 0x000001d3ff1c8af0 2759       3       java.util.concurrent.locks.AbstractQueuedSynchronizer$Node::getAndUnsetStatus (14 bytes)
Event: 9.185 Thread 0x000001d3ff1c8af0 nmethod 2759 0x000001d380572290 code [0x000001d380572440, 0x000001d380572738]
Event: 9.232 Thread 0x000001d3ff1c8af0 2761       3       java.util.concurrent.locks.AbstractQueuedSynchronizer$Node::clearStatus (12 bytes)
Event: 9.232 Thread 0x000001d3ff1c8af0 nmethod 2761 0x000001d380572890 code [0x000001d380572a20, 0x000001d380572bd8]
Event: 9.232 Thread 0x000001d3ff1c8af0 2762       3       jdk.internal.misc.Unsafe::putIntOpaque (9 bytes)
Event: 9.232 Thread 0x000001d3ff1c8af0 nmethod 2762 0x000001d380572c90 code [0x000001d380572e20, 0x000001d380572f38]
Event: 9.232 Thread 0x000001d3ff1c8af0 2764   !   3       java.util.concurrent.locks.AbstractQueuedSynchronizer::acquire (424 bytes)

GC Heap History (6 events):
Event: 0.715 GC heap before
{Heap before GC invocations=0 (full 0):
 garbage-first heap   total 262144K, used 22528K [0x00000000e0000000, 0x0000000100000000)
  region size 1024K, 23 young (23552K), 0 survivors (0K)
 Metaspace       used 1054K, committed 1216K, reserved 380928K
  class space    used 75K, committed 128K, reserved 315392K
}
Event: 0.725 GC heap after
{Heap after GC invocations=1 (full 0):
 garbage-first heap   total 262144K, used 2671K [0x00000000e0000000, 0x0000000100000000)
  region size 1024K, 3 young (3072K), 3 survivors (3072K)
 Metaspace       used 1054K, committed 1216K, reserved 380928K
  class space    used 75K, committed 128K, reserved 315392K
}
Event: 1.881 GC heap before
{Heap before GC invocations=1 (full 0):
 garbage-first heap   total 262144K, used 39535K [0x00000000e0000000, 0x0000000100000000)
  region size 1024K, 37 young (37888K), 3 survivors (3072K)
 Metaspace       used 4379K, committed 4544K, reserved 380928K
  class space    used 535K, committed 640K, reserved 315392K
}
Event: 1.890 GC heap after
{Heap after GC invocations=2 (full 0):
 garbage-first heap   total 262144K, used 10402K [0x00000000e0000000, 0x0000000100000000)
  region size 1024K, 5 young (5120K), 5 survivors (5120K)
 Metaspace       used 4379K, committed 4544K, reserved 380928K
  class space    used 535K, committed 640K, reserved 315392K
}
Event: 3.156 GC heap before
{Heap before GC invocations=2 (full 0):
 garbage-first heap   total 262144K, used 59554K [0x00000000e0000000, 0x0000000100000000)
  region size 1024K, 51 young (52224K), 5 survivors (5120K)
 Metaspace       used 5440K, committed 5696K, reserved 380928K
  class space    used 712K, committed 832K, reserved 315392K
}
Event: 3.168 GC heap after
{Heap after GC invocations=3 (full 0):
 garbage-first heap   total 262144K, used 16642K [0x00000000e0000000, 0x0000000100000000)
  region size 1024K, 5 young (5120K), 5 survivors (5120K)
 Metaspace       used 5440K, committed 5696K, reserved 380928K
  class space    used 712K, committed 832K, reserved 315392K
}

Dll operation events (15 events):
Event: 0.013 Loaded shared library C:\Program Files\Java\jdk-20\bin\java.dll
Event: 0.069 Loaded shared library C:\Program Files\Java\jdk-20\bin\jsvml.dll
Event: 0.138 Loaded shared library C:\Program Files\Java\jdk-20\bin\zip.dll
Event: 0.141 Loaded shared library C:\Program Files\Java\jdk-20\bin\instrument.dll
Event: 0.147 Loaded shared library C:\Program Files\Java\jdk-20\bin\net.dll
Event: 0.149 Loaded shared library C:\Program Files\Java\jdk-20\bin\nio.dll
Event: 0.153 Loaded shared library C:\Program Files\Java\jdk-20\bin\zip.dll
Event: 0.601 Loaded shared library C:\Program Files\Java\jdk-20\bin\jimage.dll
Event: 0.877 Loaded shared library C:\Program Files\Java\jdk-20\bin\verify.dll
Event: 1.092 Loaded shared library C:\Users\Lenovo\.gradle\native\1def1411415f61bf3af743bc5b6707747c0891f09f0c88961ee8f79bc544acac\windows-amd64\native-platform.dll
Event: 1.106 Loaded shared library C:\Users\Lenovo\.gradle\native\0.2.6\x86_64-windows-gnu\gradle-fileevents.dll
Event: 3.343 Loaded shared library C:\Program Files\Java\jdk-20\bin\management.dll
Event: 3.348 Loaded shared library C:\Program Files\Java\jdk-20\bin\management_ext.dll
Event: 4.149 Loaded shared library C:\Program Files\Java\jdk-20\bin\extnet.dll
Event: 4.856 Loaded shared library C:\Program Files\Java\jdk-20\bin\sunmscapi.dll

Deoptimization events (20 events):
Event: 5.512 Thread 0x000001d3a866eb40 Uncommon trap: trap_request=0xffffffcc fr.pc=0x000001d387ca3454 relative=0x0000000000000334
Event: 5.512 Thread 0x000001d3a866eb40 Uncommon trap: reason=intrinsic_or_type_checked_inlining action=make_not_entrant pc=0x000001d387ca3454 method=java.util.Arrays.copyOf([Ljava/lang/Object;ILjava/lang/Class;)[Ljava/lang/Object; @ 35 c2
Event: 5.512 Thread 0x000001d3a866eb40 DEOPT PACKING pc=0x000001d387ca3454 sp=0x000000ca05bfd020
Event: 5.512 Thread 0x000001d3a866eb40 DEOPT UNPACKING pc=0x000001d3874b9d22 sp=0x000000ca05bfcfb0 mode 2
Event: 5.547 Thread 0x000001d3a866eb40 Uncommon trap: trap_request=0xffffff45 fr.pc=0x000001d387c37184 relative=0x00000000000001c4
Event: 5.547 Thread 0x000001d3a866eb40 Uncommon trap: reason=unstable_if action=reinterpret pc=0x000001d387c37184 method=java.util.HashMap.getNode(Ljava/lang/Object;)Ljava/util/HashMap$Node; @ 66 c2
Event: 5.547 Thread 0x000001d3a866eb40 DEOPT PACKING pc=0x000001d387c37184 sp=0x000000ca05bfcbc0
Event: 5.547 Thread 0x000001d3a866eb40 DEOPT UNPACKING pc=0x000001d3874b9d22 sp=0x000000ca05bfcae0 mode 2
Event: 5.547 Thread 0x000001d3a866eb40 Uncommon trap: trap_request=0xffffff45 fr.pc=0x000001d387c9df6c relative=0x00000000000008cc
Event: 5.547 Thread 0x000001d3a866eb40 Uncommon trap: reason=unstable_if action=reinterpret pc=0x000001d387c9df6c method=java.util.HashMap.putVal(ILjava/lang/Object;Ljava/lang/Object;ZZ)Ljava/lang/Object; @ 94 c2
Event: 5.547 Thread 0x000001d3a866eb40 DEOPT PACKING pc=0x000001d387c9df6c sp=0x000000ca05bfcb30
Event: 5.547 Thread 0x000001d3a866eb40 DEOPT UNPACKING pc=0x000001d3874b9d22 sp=0x000000ca05bfcad8 mode 2
Event: 5.547 Thread 0x000001d3a866eb40 Uncommon trap: trap_request=0xffffff45 fr.pc=0x000001d387bfe7cc relative=0x000000000000018c
Event: 5.547 Thread 0x000001d3a866eb40 Uncommon trap: reason=unstable_if action=reinterpret pc=0x000001d387bfe7cc method=java.util.HashMap.getNode(Ljava/lang/Object;)Ljava/util/HashMap$Node; @ 66 c2
Event: 5.547 Thread 0x000001d3a866eb40 DEOPT PACKING pc=0x000001d387bfe7cc sp=0x000000ca05bfcb60
Event: 5.547 Thread 0x000001d3a866eb40 DEOPT UNPACKING pc=0x000001d3874b9d22 sp=0x000000ca05bfcae0 mode 2
Event: 5.566 Thread 0x000001d3a866eb40 Uncommon trap: trap_request=0xffffff45 fr.pc=0x000001d387c4d2bc relative=0x000000000000029c
Event: 5.566 Thread 0x000001d3a866eb40 Uncommon trap: reason=unstable_if action=reinterpret pc=0x000001d387c4d2bc method=java.util.concurrent.ConcurrentHashMap.get(Ljava/lang/Object;)Ljava/lang/Object; @ 152 c2
Event: 5.566 Thread 0x000001d3a866eb40 DEOPT PACKING pc=0x000001d387c4d2bc sp=0x000000ca05bfc090
Event: 5.566 Thread 0x000001d3a866eb40 DEOPT UNPACKING pc=0x000001d3874b9d22 sp=0x000000ca05bfbff8 mode 2

Classes loaded (20 events):
Event: 5.553 Loading class sun/reflect/generics/reflectiveObjects/WildcardTypeImpl
Event: 5.553 Loading class sun/reflect/generics/reflectiveObjects/WildcardTypeImpl done
Event: 5.565 Loading class jdk/internal/vm/annotation/IntrinsicCandidate
Event: 5.565 Loading class jdk/internal/vm/annotation/IntrinsicCandidate done
Event: 5.570 Loading class java/util/stream/MatchOps$MatchKind
Event: 5.570 Loading class java/util/stream/MatchOps$MatchKind done
Event: 5.570 Loading class java/util/stream/MatchOps
Event: 5.571 Loading class java/util/stream/MatchOps done
Event: 5.571 Loading class java/util/stream/MatchOps$MatchOp
Event: 5.571 Loading class java/util/stream/MatchOps$MatchOp done
Event: 5.571 Loading class java/util/stream/MatchOps$BooleanTerminalSink
Event: 5.571 Loading class java/util/stream/MatchOps$BooleanTerminalSink done
Event: 5.572 Loading class java/util/stream/MatchOps$1MatchSink
Event: 5.572 Loading class java/util/stream/MatchOps$1MatchSink done
Event: 5.608 Loading class java/lang/TypeNotPresentException
Event: 5.609 Loading class java/lang/TypeNotPresentException done
Event: 5.772 Loading class java/util/ConcurrentModificationException
Event: 5.772 Loading class java/util/ConcurrentModificationException done
Event: 5.799 Loading class sun/reflect/generics/scope/ConstructorScope
Event: 5.799 Loading class sun/reflect/generics/scope/ConstructorScope done

Classes unloaded (0 events):
No events

Classes redefined (0 events):
No events

Internal exceptions (20 events):
Event: 4.264 Thread 0x000001d3f24f4820 Exception <a 'java/lang/NoSuchMethodError'{0x00000000ef4377e0}: 'java.lang.Object java.lang.invoke.DirectMethodHandle$Holder.invokeStaticInit(java.lang.Object, int, int, int, int)'> (0x00000000ef4377e0) 
thrown [s\open\src\hotspot\share\interpreter\linkResolver.cpp, line 773]
Event: 4.429 Thread 0x000001d3f24f4820 Exception <a 'java/lang/NoSuchMethodError'{0x00000000ef3358b0}: 'java.lang.Object java.lang.invoke.DirectMethodHandle$Holder.invokeStaticInit(java.lang.Object, java.lang.Object, int, int, int, int)'> (0x00000000ef3358b0) 
thrown [s\open\src\hotspot\share\interpreter\linkResolver.cpp, line 773]
Event: 4.697 Thread 0x000001d3f24f4820 Exception <a 'java/io/IOException'{0x00000000ef1b56a8}> (0x00000000ef1b56a8) 
thrown [s\open\src\hotspot\share\prims\jni.cpp, line 519]
Event: 4.705 Thread 0x000001d3f24f4820 Implicit null exception at 0x000001d387bf48e0 to 0x000001d387bf4dc4
Event: 4.711 Thread 0x000001d3f24f4820 Exception <a 'java/lang/NoSuchMethodError'{0x00000000ef027308}: 'java.lang.Object java.lang.invoke.DirectMethodHandle$Holder.newInvokeSpecial(java.lang.Object, java.lang.Object, java.lang.Object, java.lang.Object, java.lang.Object)'> (0x00000000ef027308) 
thrown [s\open\src\hotspot\share\interpreter\linkResolver.cpp, line 773]
Event: 5.020 Thread 0x000001d3a8598a70 Exception <a 'java/lang/NoSuchMethodError'{0x00000000eeb4bb88}: 'long java.lang.invoke.DirectMethodHandle$Holder.invokeSpecial(java.lang.Object, java.lang.Object)'> (0x00000000eeb4bb88) 
thrown [s\open\src\hotspot\share\interpreter\linkResolver.cpp, line 773]
Event: 5.020 Thread 0x000001d3a8598a70 Exception <a 'java/lang/NoSuchMethodError'{0x00000000eeb4efa0}: 'long java.lang.invoke.Invokers$Holder.invokeExact_MT(java.lang.Object, java.lang.Object)'> (0x00000000eeb4efa0) 
thrown [s\open\src\hotspot\share\interpreter\linkResolver.cpp, line 773]
Event: 5.031 Thread 0x000001d3a8598a70 Exception <a 'java/lang/NoSuchMethodError'{0x00000000eeb757f8}: 'void java.lang.invoke.DirectMethodHandle$Holder.invokeSpecial(java.lang.Object, java.lang.Object, java.lang.Object)'> (0x00000000eeb757f8) 
thrown [s\open\src\hotspot\share\interpreter\linkResolver.cpp, line 773]
Event: 5.039 Thread 0x000001d3a8598a70 Exception <a 'java/lang/NoSuchMethodError'{0x00000000eeba1ce8}: static Lorg/gradle/tooling/internal/provider/serialization/ClassLoaderDetails;.<clinit>()V> (0x00000000eeba1ce8) 
thrown [s\open\src\hotspot\share\prims\jni.cpp, line 1105]
Event: 5.044 Thread 0x000001d3a8598a70 Exception <a 'java/lang/NoSuchMethodError'{0x00000000eebbbde8}: static Lorg/gradle/internal/classloader/ClassLoaderSpec;.<clinit>()V> (0x00000000eebbbde8) 
thrown [s\open\src\hotspot\share\prims\jni.cpp, line 1105]
Event: 5.046 Thread 0x000001d3a8598a70 Exception <a 'java/lang/NoSuchMethodError'{0x00000000eebc5870}: static Lorg/gradle/tooling/internal/provider/serialization/WellKnownClassLoaderRegistry$KnownClassLoaderSpec;.<clinit>()V> (0x00000000eebc5870) 
thrown [s\open\src\hotspot\share\prims\jni.cpp, line 1105]
Event: 5.051 Thread 0x000001d3a8598a70 Exception <a 'java/lang/NoSuchMethodError'{0x00000000eebdc300}: static Lorg/gradle/tooling/internal/provider/serialization/ClientOwnedClassLoaderSpec;.<clinit>()V> (0x00000000eebdc300) 
thrown [s\open\src\hotspot\share\prims\jni.cpp, line 1105]
Event: 5.338 Thread 0x000001d3a866eb40 Exception <a 'java/lang/NoSuchMethodError'{0x00000000ee543450}: 'long java.lang.invoke.DirectMethodHandle$Holder.invokeInterface(java.lang.Object, java.lang.Object)'> (0x00000000ee543450) 
thrown [s\open\src\hotspot\share\interpreter\linkResolver.cpp, line 773]
Event: 5.469 Thread 0x000001d3a866eb40 Exception <a 'java/lang/NoSuchMethodError'{0x00000000ee1a18c8}: 'void java.lang.invoke.DirectMethodHandle$Holder.invokeStatic(java.lang.Object, java.lang.Object)'> (0x00000000ee1a18c8) 
thrown [s\open\src\hotspot\share\interpreter\linkResolver.cpp, line 773]
Event: 5.506 Thread 0x000001d3a866eb40 Exception <a 'java/lang/NoSuchMethodError'{0x00000000ee1e2970}: 'java.lang.Object java.lang.invoke.DirectMethodHandle$Holder.invokeVirtual(java.lang.Object, java.lang.Object, java.lang.Object, java.lang.Object, java.lang.Object, java.lang.Object, java.lang.Object, java.lang.Object, java.lang.Object, java.lang.Object, java.lang.Object, java.lang.Object)'> (0x00000000ee1e2970) 
thrown [s\open\src\hotspot\share\interpreter\linkResolver.cpp, line 773]
Event: 5.507 Thread 0x000001d3a866eb40 Exception <a 'java/lang/NoSuchMethodError'{0x00000000ee1e78e8}: 'java.lang.Object java.lang.invoke.DirectMethodHandle$Holder.invokeSpecial(java.lang.Object, java.lang.Object, java.lang.Object, java.lang.Object, java.lang.Object, java.lang.Object, java.lang.Object, java.lang.Object, java.lang.Object, java.lang.Object, java.lang.Object, java.lang.Object, java.lang.Object)'> (0x00000000ee1e78e8) 
thrown [s\open\src\hotspot\share\interpreter\linkResolver.cpp, line 773]
Event: 5.578 Thread 0x000001d3a866eb40 Exception <a 'java/lang/NoSuchMethodError'{0x00000000edfd3680}: 'int java.lang.invoke.DirectMethodHandle$Holder.invokeVirtual(java.lang.Object, java.lang.Object, java.lang.Object)'> (0x00000000edfd3680) 
thrown [s\open\src\hotspot\share\interpreter\linkResolver.cpp, line 773]
Event: 5.683 Thread 0x000001d3a866eb40 Exception <a 'java/lang/NoSuchMethodError'{0x00000000edc3c1a8}: 'java.lang.Object java.lang.invoke.DirectMethodHandle$Holder.newInvokeSpecial(java.lang.Object, java.lang.Object, java.lang.Object, java.lang.Object, java.lang.Object, java.lang.Object)'> (0x00000000edc3c1a8) 
thrown [s\open\src\hotspot\share\interpreter\linkResolver.cpp, line 773]
Event: 5.853 Thread 0x000001d3a866eb40 Exception <a 'java/lang/NoSuchMethodError'{0x00000000ed90f8e0}: 'void java.lang.invoke.DelegatingMethodHandle$Holder.reinvoke_L(java.lang.Object, java.lang.Object, java.lang.Object, java.lang.Object, java.lang.Object, java.lang.Object, java.lang.Object, java.lang.Object, java.lang.Object, java.lang.Object)'> (0x00000000ed90f8e0) 
thrown [s\open\src\hotspot\share\interpreter\linkResolver.cpp, line 773]
Event: 5.867 Thread 0x000001d3a866eb40 Exception <a 'java/lang/NoSuchMethodError'{0x00000000ed9172e0}: 'java.lang.Object java.lang.invoke.Invokers$Holder.invoker(java.lang.Object, java.lang.Object, java.lang.Object, java.lang.Object, java.lang.Object, java.lang.Object, java.lang.Object, java.lang.Object, java.lang.Object, java.lang.Object)'> (0x00000000ed9172e0) 
thrown [s\open\src\hotspot\share\interpreter\linkResolver.cpp, line 773]

VM Operations (20 events):
Event: 4.141 Executing VM operation: HandshakeAllThreads
Event: 4.141 Executing VM operation: HandshakeAllThreads done
Event: 4.173 Executing VM operation: HandshakeAllThreads
Event: 4.173 Executing VM operation: HandshakeAllThreads done
Event: 4.173 Executing VM operation: Cleanup
Event: 4.173 Executing VM operation: Cleanup done
Event: 4.234 Executing VM operation: HandshakeAllThreads
Event: 4.234 Executing VM operation: HandshakeAllThreads done
Event: 4.352 Executing VM operation: HandshakeAllThreads
Event: 4.352 Executing VM operation: HandshakeAllThreads done
Event: 4.868 Executing VM operation: HandshakeAllThreads
Event: 4.868 Executing VM operation: HandshakeAllThreads done
Event: 4.899 Executing VM operation: HandshakeAllThreads
Event: 4.899 Executing VM operation: HandshakeAllThreads done
Event: 5.026 Executing VM operation: HandshakeAllThreads
Event: 5.026 Executing VM operation: HandshakeAllThreads done
Event: 6.040 Executing VM operation: Cleanup
Event: 6.219 Executing VM operation: Cleanup done
Event: 8.242 Executing VM operation: Cleanup
Event: 8.242 Executing VM operation: Cleanup done

Events (20 events):
Event: 0.084 Thread 0x000001d3ff1a7440 Thread added: 0x000001d3ff1a7440
Event: 0.084 Thread 0x000001d3ff1a80e0 Thread added: 0x000001d3ff1a80e0
Event: 0.084 Thread 0x000001d3ff1a8a20 Thread added: 0x000001d3ff1a8a20
Event: 0.084 Thread 0x000001d3ff1ab4a0 Thread added: 0x000001d3ff1ab4a0
Event: 0.085 Thread 0x000001d3ff1ac110 Thread added: 0x000001d3ff1ac110
Event: 0.085 Thread 0x000001d3ff1c8af0 Thread added: 0x000001d3ff1c8af0
Event: 0.111 Thread 0x000001d3ff2bdde0 Thread added: 0x000001d3ff2bdde0
Event: 0.119 Thread 0x000001d3ff2d0650 Thread added: 0x000001d3ff2d0650
Event: 0.169 Thread 0x000001d3ff412fd0 Thread added: 0x000001d3ff412fd0
Event: 3.489 Thread 0x000001d3a82126a0 Thread added: 0x000001d3a82126a0
Event: 4.472 Thread 0x000001d3a847b040 Thread added: 0x000001d3a847b040
Event: 4.719 Thread 0x000001d3a86c5bf0 Thread added: 0x000001d3a86c5bf0
Event: 4.917 Thread 0x000001d3a8582ad0 Thread added: 0x000001d3a8582ad0
Event: 4.923 Thread 0x000001d3a8598a70 Thread added: 0x000001d3a8598a70
Event: 5.075 Thread 0x000001d3a866d0b0 Thread added: 0x000001d3a866d0b0
Event: 5.194 Thread 0x000001d3a866eb40 Thread added: 0x000001d3a866eb40
Event: 5.241 Thread 0x000001d3a86705d0 Thread added: 0x000001d3a86705d0
Event: 5.250 Thread 0x000001d3a8670080 Thread added: 0x000001d3a8670080
Event: 5.255 Thread 0x000001d3a866f090 Thread added: 0x000001d3a866f090
Event: 9.922 Thread 0x000001d3ff2d0650 Thread exited: 0x000001d3ff2d0650


Dynamic libraries:
0x00007ff690aa0000 - 0x00007ff690ab0000 	C:\Program Files\Java\jdk-20\bin\java.exe
0x00007ffb566a0000 - 0x00007ffb56900000 	C:\WINDOWS\SYSTEM32\ntdll.dll
0x00007ffb55f60000 - 0x00007ffb56027000 	C:\WINDOWS\System32\KERNEL32.DLL
0x00007ffb53e10000 - 0x00007ffb541da000 	C:\WINDOWS\System32\KERNELBASE.dll
0x00007ffb53ac0000 - 0x00007ffb53c0b000 	C:\WINDOWS\System32\ucrtbase.dll
0x00007ffb40770000 - 0x00007ffb4078b000 	C:\Program Files\Java\jdk-20\bin\VCRUNTIME140.dll
0x00007ffb40390000 - 0x00007ffb403a9000 	C:\Program Files\Java\jdk-20\bin\jli.dll
0x00007ffb54cf0000 - 0x00007ffb54da2000 	C:\WINDOWS\System32\ADVAPI32.dll
0x00007ffb56030000 - 0x00007ffb560d9000 	C:\WINDOWS\System32\msvcrt.dll
0x00007ffb565a0000 - 0x00007ffb56646000 	C:\WINDOWS\System32\sechost.dll
0x00007ffb55920000 - 0x00007ffb55a36000 	C:\WINDOWS\System32\RPCRT4.dll
0x00007ffb56340000 - 0x00007ffb5650c000 	C:\WINDOWS\System32\USER32.dll
0x00007ffb3ce80000 - 0x00007ffb3d117000 	C:\WINDOWS\WinSxS\amd64_microsoft.windows.common-controls_6595b64144ccf1df_6.0.26100.3624_none_3e086962e3345f24\COMCTL32.dll
0x00007ffb539d0000 - 0x00007ffb539f7000 	C:\WINDOWS\System32\win32u.dll
0x00007ffb55d40000 - 0x00007ffb55d6a000 	C:\WINDOWS\System32\GDI32.dll
0x00007ffb541e0000 - 0x00007ffb54311000 	C:\WINDOWS\System32\gdi32full.dll
0x00007ffb53880000 - 0x00007ffb53923000 	C:\WINDOWS\System32\msvcp_win.dll
0x00007ffb4b440000 - 0x00007ffb4b44b000 	C:\WINDOWS\SYSTEM32\VERSION.dll
0x00007ffb54ea0000 - 0x00007ffb54ecf000 	C:\WINDOWS\System32\IMM32.DLL
0x00007ffb4e700000 - 0x00007ffb4e70c000 	C:\Program Files\Java\jdk-20\bin\vcruntime140_1.dll
0x00007ffb2cb70000 - 0x00007ffb2cbfe000 	C:\Program Files\Java\jdk-20\bin\msvcp140.dll
0x00007ffac1240000 - 0x00007ffac1ed8000 	C:\Program Files\Java\jdk-20\bin\server\jvm.dll
0x00007ffb4b400000 - 0x00007ffb4b436000 	C:\WINDOWS\SYSTEM32\WINMM.dll
0x00007ffb008a0000 - 0x00007ffb008aa000 	C:\WINDOWS\SYSTEM32\WSOCK32.dll
0x00007ffb54ee0000 - 0x00007ffb54f54000 	C:\WINDOWS\System32\WS2_32.dll
0x00007ffb52790000 - 0x00007ffb527aa000 	C:\WINDOWS\SYSTEM32\kernel.appcore.dll
0x00007ffb40380000 - 0x00007ffb4038a000 	C:\Program Files\Java\jdk-20\bin\jimage.dll
0x00007ffb50f50000 - 0x00007ffb51191000 	C:\WINDOWS\SYSTEM32\DBGHELP.DLL
0x00007ffb54960000 - 0x00007ffb54ce2000 	C:\WINDOWS\System32\combase.dll
0x00007ffb54db0000 - 0x00007ffb54e86000 	C:\WINDOWS\System32\OLEAUT32.dll
0x00007ffb39910000 - 0x00007ffb39949000 	C:\WINDOWS\SYSTEM32\dbgcore.DLL
0x00007ffb53930000 - 0x00007ffb539c9000 	C:\WINDOWS\System32\bcryptPrimitives.dll
0x00007ffb40370000 - 0x00007ffb4037e000 	C:\Program Files\Java\jdk-20\bin\instrument.dll
0x00007ffb2cb40000 - 0x00007ffb2cb66000 	C:\Program Files\Java\jdk-20\bin\java.dll
0x00007ffaf6050000 - 0x00007ffaf6127000 	C:\Program Files\Java\jdk-20\bin\jsvml.dll
0x00007ffb54fb0000 - 0x00007ffb556d9000 	C:\WINDOWS\System32\SHELL32.dll
0x00007ffb53ca0000 - 0x00007ffb53e08000 	C:\WINDOWS\System32\wintypes.dll
0x00007ffb51520000 - 0x00007ffb51d72000 	C:\WINDOWS\SYSTEM32\windows.storage.dll
0x00007ffb56180000 - 0x00007ffb5626d000 	C:\WINDOWS\System32\SHCORE.dll
0x00007ffb55ef0000 - 0x00007ffb55f54000 	C:\WINDOWS\System32\shlwapi.dll
0x00007ffb53790000 - 0x00007ffb537bf000 	C:\WINDOWS\SYSTEM32\profapi.dll
0x00007ffb3ea20000 - 0x00007ffb3ea38000 	C:\Program Files\Java\jdk-20\bin\zip.dll
0x00007ffb3c9a0000 - 0x00007ffb3c9b3000 	C:\Program Files\Java\jdk-20\bin\net.dll
0x00007ffb4c600000 - 0x00007ffb4c71d000 	C:\WINDOWS\SYSTEM32\WINHTTP.dll
0x00007ffb52cd0000 - 0x00007ffb52d3a000 	C:\WINDOWS\system32\mswsock.dll
0x00007ffb34ef0000 - 0x00007ffb34f06000 	C:\Program Files\Java\jdk-20\bin\nio.dll
0x00007ffb40360000 - 0x00007ffb40370000 	C:\Program Files\Java\jdk-20\bin\verify.dll
0x00007ffb407c0000 - 0x00007ffb407e7000 	C:\Users\Lenovo\.gradle\native\1def1411415f61bf3af743bc5b6707747c0891f09f0c88961ee8f79bc544acac\windows-amd64\native-platform.dll
0x00007ffb3c7c0000 - 0x00007ffb3c838000 	C:\Users\Lenovo\.gradle\native\0.2.6\x86_64-windows-gnu\gradle-fileevents.dll
0x00007ffb39b50000 - 0x00007ffb39b5a000 	C:\Program Files\Java\jdk-20\bin\management.dll
0x00007ffb34f40000 - 0x00007ffb34f4b000 	C:\Program Files\Java\jdk-20\bin\management_ext.dll
0x00007ffb56650000 - 0x00007ffb56658000 	C:\WINDOWS\System32\PSAPI.DLL
0x00007ffb52150000 - 0x00007ffb52183000 	C:\WINDOWS\SYSTEM32\IPHLPAPI.DLL
0x00007ffb56170000 - 0x00007ffb5617a000 	C:\WINDOWS\System32\NSI.dll
0x00007ffb4c5d0000 - 0x00007ffb4c5ef000 	C:\WINDOWS\SYSTEM32\dhcpcsvc6.DLL
0x00007ffb4c5a0000 - 0x00007ffb4c5c5000 	C:\WINDOWS\SYSTEM32\dhcpcsvc.DLL
0x00007ffb521f0000 - 0x00007ffb52315000 	C:\WINDOWS\SYSTEM32\DNSAPI.dll
0x00007ffb33620000 - 0x00007ffb33627000 	C:\Program Files\Java\jdk-20\bin\extnet.dll
0x00007ffb52f70000 - 0x00007ffb52f8c000 	C:\WINDOWS\SYSTEM32\CRYPTSP.dll
0x00007ffb526f0000 - 0x00007ffb5272a000 	C:\WINDOWS\system32\rsaenh.dll
0x00007ffb52d70000 - 0x00007ffb52d9b000 	C:\WINDOWS\SYSTEM32\USERENV.dll
0x00007ffb53760000 - 0x00007ffb53786000 	C:\WINDOWS\SYSTEM32\bcrypt.dll
0x00007ffb52f90000 - 0x00007ffb52f9c000 	C:\WINDOWS\SYSTEM32\CRYPTBASE.dll
0x00007ffb2f660000 - 0x00007ffb2f66e000 	C:\Program Files\Java\jdk-20\bin\sunmscapi.dll
0x00007ffb54320000 - 0x00007ffb54497000 	C:\WINDOWS\System32\CRYPT32.dll
0x00007ffb53170000 - 0x00007ffb531a0000 	C:\WINDOWS\SYSTEM32\ncrypt.dll
0x00007ffb53120000 - 0x00007ffb5315f000 	C:\WINDOWS\SYSTEM32\NTASN1.dll
0x00007ffb4dad0000 - 0x00007ffb4dad8000 	C:\WINDOWS\system32\wshunix.dll

dbghelp: loaded successfully - version: 4.0.5 - missing functions: none
symbol engine: initialized successfully - sym options: 0x614 - pdb path: .;C:\Program Files\Java\jdk-20\bin;C:\WINDOWS\SYSTEM32;C:\WINDOWS\WinSxS\amd64_microsoft.windows.common-controls_6595b64144ccf1df_6.0.26100.3624_none_3e086962e3345f24;C:\Program Files\Java\jdk-20\bin\server;C:\Users\Lenovo\.gradle\native\1def1411415f61bf3af743bc5b6707747c0891f09f0c88961ee8f79bc544acac\windows-amd64;C:\Users\Lenovo\.gradle\native\0.2.6\x86_64-windows-gnu

VM Arguments:
jvm_args: --add-opens=java.base/java.lang=ALL-UNNAMED --add-opens=java.base/java.lang.invoke=ALL-UNNAMED --add-opens=java.base/java.util=ALL-UNNAMED --add-opens=java.prefs/java.util.prefs=ALL-UNNAMED --add-exports=jdk.compiler/com.sun.tools.javac.api=ALL-UNNAMED --add-exports=jdk.compiler/com.sun.tools.javac.util=ALL-UNNAMED --add-opens=java.base/java.util=ALL-UNNAMED --add-opens=java.prefs/java.util.prefs=ALL-UNNAMED --add-opens=java.base/java.nio.charset=ALL-UNNAMED --add-opens=java.base/java.net=ALL-UNNAMED --add-opens=java.base/java.util.concurrent.atomic=ALL-UNNAMED --add-opens=java.xml/javax.xml.namespace=ALL-UNNAMED -XX:MaxMetaspaceSize=384m -XX:+HeapDumpOnOutOfMemoryError -Xms256m -Xmx512m -Dfile.encoding=UTF-8 -Duser.country=US -Duser.language=en -Duser.variant -javaagent:C:\Users\Lenovo\.gradle\wrapper\dists\gradle-8.12.1-bin\eumc4uhoysa37zql93vfjkxy0\gradle-8.12.1\lib\agents\gradle-instrumentation-agent-8.12.1.jar 
java_command: org.gradle.launcher.daemon.bootstrap.GradleDaemon 8.12.1
java_class_path (initial): C:\Users\Lenovo\.gradle\wrapper\dists\gradle-8.12.1-bin\eumc4uhoysa37zql93vfjkxy0\gradle-8.12.1\lib\gradle-daemon-main-8.12.1.jar
Launcher Type: SUN_STANDARD

[Global flags]
     intx CICompilerCount                          = 12                                        {product} {ergonomic}
   size_t CompressedClassSpaceSize                 = 322961408                                 {product} {ergonomic}
     uint ConcGCThreads                            = 3                                         {product} {ergonomic}
     uint G1ConcRefinementThreads                  = 13                                        {product} {ergonomic}
   size_t G1HeapRegionSize                         = 1048576                                   {product} {ergonomic}
    uintx GCDrainStackTargetSize                   = 64                                        {product} {ergonomic}
     bool HeapDumpOnOutOfMemoryError               = true                                   {manageable} {command line}
   size_t InitialHeapSize                          = 268435456                                 {product} {command line}
   size_t MarkStackSize                            = 4194304                                   {product} {ergonomic}
   size_t MaxHeapSize                              = 536870912                                 {product} {command line}
   size_t MaxMetaspaceSize                         = 402653184                                 {product} {command line}
   size_t MaxNewSize                               = 321912832                                 {product} {ergonomic}
   size_t MinHeapDeltaBytes                        = 1048576                                   {product} {ergonomic}
   size_t MinHeapSize                              = 268435456                                 {product} {command line}
    uintx NonNMethodCodeHeapSize                   = 7602480                                {pd product} {ergonomic}
    uintx NonProfiledCodeHeapSize                  = 122027880                              {pd product} {ergonomic}
    uintx ProfiledCodeHeapSize                     = 122027880                              {pd product} {ergonomic}
    uintx ReservedCodeCacheSize                    = 251658240                              {pd product} {ergonomic}
     bool SegmentedCodeCache                       = true                                      {product} {ergonomic}
   size_t SoftMaxHeapSize                          = 536870912                              {manageable} {ergonomic}
     bool UseCompressedClassPointers               = true                           {product lp64_product} {ergonomic}
     bool UseCompressedOops                        = true                           {product lp64_product} {ergonomic}
     bool UseG1GC                                  = true                                      {product} {ergonomic}
     bool UseLargePagesIndividualAllocation        = false                                  {pd product} {ergonomic}

Logging:
Log output configuration:
 #0: stdout all=warning uptime,level,tags foldmultilines=false
 #1: stderr all=off uptime,level,tags foldmultilines=false

Environment Variables:
JAVA_HOME=C:\Program Files\Java\jdk-21
PATH=C:\Program Files\Common Files\Oracle\Java\javapath;C:\MinGW\bin;C:\Program Files (x86)\VMware\VMware Workstation\bin\;C:\Windows\system32;C:\Windows;C:\Windows\System32\Wbem;C:\Windows\System32\WindowsPowerShell\v1.0\;C:\Windows\System32\OpenSSH\;C:\Program Files (x86)\NVIDIA Corporation\PhysX\Common;C:\Program Files\Microsoft VS Code\bin;C:\Program Files\Git\cmd;C:\Program Files\NVIDIA Corporation\NVIDIA NvDLISR;C:\Program Files\Microsoft SQL Server\150\Tools\Binn\;C:\Program Files\Microsoft SQL Server\Client SDK\ODBC\170\Tools\Binn\;C:\Program Files\dotnet\;C:\Program Files (x86)\Microsoft SQL Server\160\Tools\Binn\;C:\Program Files\Microsoft SQL Server\160\Tools\Binn\;C:\Program Files\Microsoft SQL Server\160\DTS\Binn\;C:\Program Files (x86)\Microsoft SQL Server\160\DTS\Binn\;C:\Program Files\Azure Data Studio\bin;C:\WINDOWS\system32;C:\WINDOWS;C:\WINDOWS\System32\Wbem;C:\WINDOWS\System32\WindowsPowerShell\v1.0\;C:\MinGW\mingw32;C:\WINDOWS\System32\OpenSSH\;C:\Program Files\nodejs\;C:\Program Files\Apache\apache-maven-3.9.9\bin;C:\Program Files\Docker\Docker\resources\bin;C:\Program Files\Java\jdk-21\bin;C:\Program Files\Java\jdk-21\bin;C:\Users\Lenovo\AppData\Local\Microsoft\WindowsApps;C:\Users\Lenovo\AppData\Local\GitHubDesktop\bin;C:\Users\Lenovo\.dotnet\tools;C:\Program Files\Azure Data Studio\bin;C:\Users\Lenovo\AppData\Roaming\npm;C:\Program Files\Java\jdk-21\bin;
USERNAME=Lenovo
OS=Windows_NT
PROCESSOR_IDENTIFIER=AMD64 Family 25 Model 80 Stepping 0, AuthenticAMD
TMP=C:\Users\Lenovo\AppData\Local\Temp
TEMP=C:\Users\Lenovo\AppData\Local\Temp




---------------  S Y S T E M  ---------------

OS:
 Windows 11 , 64 bit Build 26100 (10.0.26100.3775)
OS uptime: 0 days 5:19 hours
Hyper-V role detected

CPU: total 16 (initial active 16) (16 cores per cpu, 2 threads per core) family 25 model 80 stepping 0 microcode 0xa50000f, cx8, cmov, fxsr, ht, mmx, 3dnowpref, sse, sse2, sse3, ssse3, sse4a, sse4.1, sse4.2, popcnt, lzcnt, tsc, tscinvbit, avx, avx2, aes, erms, clmul, bmi1, bmi2, adx, sha, fma, vzeroupper, clflush, clflushopt, hv, rdtscp, rdpid, fsrm, f16c, cet_ss

Memory: 4k page, system-wide physical 5996M (1028M free)
TotalPageFile size 24428M (AvailPageFile size 0M)
current process WorkingSet (physical memory assigned to process): 91M, peak: 140M
current process commit charge ("private bytes"): 398M, peak: 399M

vm_info: Java HotSpot(TM) 64-Bit Server VM (20.0.2+9-78) for windows-amd64 JRE (20.0.2+9-78), built on 2023-06-14T10:08:48Z by "mach5one" with MS VC++ 17.1 (VS2022)

END.
